2018-02-26 12:38:02,998111972
Started Mon Feb 26 12:38:02 2018
../muscle3.8.31_i86linux64 -in BaliRef1.2/seq/BB12001.tfa -out BaliRef1.2/seq/BB12001.afa -loga BaliRef1.2/seq/BB12001.log -verbose 
Alphabet Amino

MUSCLE v3.8.31 by Robert C. Edgar
http://www.drive5.com/muscle

Profile-profile score    LE
Max iterations           8
Max trees                1
Max time                 (No limit)
Max MB                   4294966914
Gap open                 -2.9
Gap extend (dimer)       0
Gap ambig factor         0
Gap ambig penalty        -0
Center (LE)              -0.52
Term gaps                Half
Smooth window length     7
Refine window length     200
Min anchor spacing       32
Min diag length (lambda) 24
Diag margin (mu)         5
Min diag break           1
Hydrophobic window       5
Hydrophobic gap factor   1.2
Smooth score ceiling     3
Min best col score       2
Min anchor score         1
SUEFF                    0.1
Brenner root MSA         False
Normalize counts         True
Diagonals (1)            False
Diagonals (2)            False
Anchors                  True
MSF output format        False
Phylip interleaved       False
Phylip sequential        False
ClustalW output format   False
Catch exceptions         True
Quiet                    False
Refine                   False
ProdfDB                  False
Low complexity profiles  True
Objective score          SPM
Distance method (1)      Kmer6_6
Clustering method (1)    UPGMB
Root method (1)          Pseudo
Sequence weighting (1)   ClustalW
Distance method (2)      PctIdKimura
Clustering method (2)    UPGMB
Root method (2)          Pseudo
Sequence weighting (2)   ClustalW

11 seqs, max length 499, avg  length 458
Elapsed time 00:00:00  Peak memory use   10 MB(-2%)  Iteration   1 K-mer dist pass 1
Elapsed time 00:00:00  Peak memory use   10 MB(-2%)  Iteration   1 K-mer dist pass 2
Align: (CPVL_HUMAN) (RISC_HUMAN)
Align: (YUA6_CAEEL) (YSS2_CAEEL)
Align: (1ivy_A) (YUA6_CAEEL,YSS2_CAEEL)
Align: (CBP1_HORVU) (1ivy_A,YUA6_CAEEL,YSS2_CAEEL)
Align: (CPS1_PENJA) (NF31_NAEFO)
Align: (CBPX_ORYSA) (CPS1_PENJA,NF31_NAEFO)
Align: (CBP1_HORVU,1ivy_A,YUA6_CAEEL,YSS2_CAEEL) (CBPX_ORYSA,CPS1_PENJA,NF31_NAEFO)
Align: (CPVL_HUMAN,RISC_HUMAN) (CBP1_HORVU,1ivy_A,YUA6_CAEEL,YSS2_CAEEL,CBPX_ORYSA,CPS1_PENJA,NF31_NAEFO)
Align: (1ac5_) (CPVL_HUMAN,RISC_HUMAN,CBP1_HORVU,1ivy_A,YUA6_CAEEL,YSS2_CAEEL,CBPX_ORYSA,CPS1_PENJA,NF31_NAEFO)
Align: (1ysc_) (1ac5_,CPVL_HUMAN,RISC_HUMAN,CBP1_HORVU,1ivy_A,YUA6_CAEEL,YSS2_CAEEL,CBPX_ORYSA,CPS1_PENJA,NF31_NAEFO)
Elapsed time 00:00:01  Peak memory use   16 MB(-3%)  Iteration   1 Align node
Elapsed time 00:00:01  Peak memory use   16 MB(-3%)  Iteration   1 Root alignment
Elapsed time 00:00:01  Peak memory use   16 MB(-3%)  Iteration   2 Refine tree
Elapsed time 00:00:01  Peak memory use   16 MB(-3%)  Iteration   2 Root alignment
Elapsed time 00:00:01  Peak memory use   16 MB(-3%)  Iteration   2 Root alignment
Anchor columns found       8
DP area saved by anchors   86.6%
Elapsed time 00:00:01  Peak memory use   16 MB(-3%)  Iteration   3 Refine biparts
Elapsed time 00:00:01  Peak memory use   16 MB(-3%)  Iteration   4 Refine biparts
Elapsed time 00:00:01  Peak memory use   16 MB(-3%)  Iteration   5 Refine biparts
Elapsed time 00:00:01  Peak memory use   16 MB(-3%)  Iteration   5 Refine biparts
Elapsed time 00:00:01  Peak memory use   16 MB(-3%)  Iteration   6 Refine biparts
Elapsed time 00:00:01  Peak memory use   16 MB(-3%)  Iteration   7 Refine biparts
Elapsed time 00:00:01  Peak memory use   16 MB(-3%)  Iteration   8 Refine biparts
Elapsed time 00:00:01  Peak memory use   16 MB(-3%)  Iteration   9 Refine biparts
Elapsed time 00:00:01  Peak memory use   16 MB(-3%)  Iteration  10 Refine biparts
Elapsed time 00:00:01  Peak memory use   16 MB(-3%)  Iteration  11 Refine biparts
Elapsed time 00:00:01  Peak memory use   16 MB(-3%)  Iteration  12 Refine biparts
Elapsed time 00:00:01  Peak memory use   16 MB(-3%)  Iteration  12 Refine biparts
Elapsed time 00:00:01  Peak memory use   16 MB(-3%)  Iteration  13 Refine biparts
Elapsed time 00:00:01  Peak memory use   16 MB(-3%)  Iteration  14 Refine biparts
Elapsed time 00:00:01  Peak memory use   16 MB(-3%)  Iteration  15 Refine biparts
Elapsed time 00:00:01  Peak memory use   16 MB(-3%)  Iteration  15 Refine biparts
Elapsed time 00:00:01  Peak memory use   16 MB(-3%)  Iteration  16 Refine biparts
Elapsed time 00:00:01  Peak memory use   16 MB(-3%)  Iteration  17 Refine biparts
Elapsed time 00:00:01  Peak memory use   16 MB(-3%)  Iteration  18 Refine biparts
Elapsed time 00:00:01  Peak memory use   16 MB(-3%)  Iteration  18 Refine biparts
Elapsed time 00:00:01  Peak memory use   16 MB(-3%)  Iteration  19 Refine biparts
Elapsed time 00:00:01  Peak memory use   16 MB(-3%)  Iteration  20 Refine biparts
Elapsed time 00:00:01  Peak memory use   16 MB(-3%)  Iteration  21 Refine biparts
Finished Mon Feb 26 12:38:03 2018
2018-02-26 12:38:03,269794102
