2018-02-26 13:02:37,053463409
Started Mon Feb 26 13:02:37 2018
../muscle3.8.31_i86linux64 -in Prefab/seq/3eugA_1lauE.fasta -out Prefab/seq/3eugA_1lauE.afa -distance1 kmer20_3 -loga Prefab/seq/3eugA_1lauE.log -verbose 
Alphabet Amino

MUSCLE v3.8.31 by Robert C. Edgar
http://www.drive5.com/muscle

Profile-profile score    LE
Max iterations           8
Max trees                1
Max time                 (No limit)
Max MB                   4294966914
Gap open                 -2.9
Gap extend (dimer)       0
Gap ambig factor         0
Gap ambig penalty        -0
Center (LE)              -0.52
Term gaps                Half
Smooth window length     7
Refine window length     200
Min anchor spacing       32
Min diag length (lambda) 24
Diag margin (mu)         5
Min diag break           1
Hydrophobic window       5
Hydrophobic gap factor   1.2
Smooth score ceiling     3
Min best col score       2
Min anchor score         1
SUEFF                    0.1
Brenner root MSA         False
Normalize counts         True
Diagonals (1)            False
Diagonals (2)            False
Anchors                  True
MSF output format        False
Phylip interleaved       False
Phylip sequential        False
ClustalW output format   False
Catch exceptions         True
Quiet                    False
Refine                   False
ProdfDB                  False
Low complexity profiles  True
Objective score          SPM
Distance method (1)      Kmer20_3
Clustering method (1)    UPGMB
Root method (1)          Pseudo
Sequence weighting (1)   ClustalW
Distance method (2)      PctIdKimura
Clustering method (2)    UPGMB
Root method (2)          Pseudo
Sequence weighting (2)   ClustalW

50 seqs, max length 229, avg  length 219
Elapsed time 00:00:00  Peak memory use   11 MB(-2%)  Iteration   1 
Align: (11|3eugA|gi|37527245) (28|1lauE|gi|9626798)
Align: (5|1lauE|gi|37527245) (11|3eugA|gi|37527245,28|1lauE|gi|9626798)
Align: (1lauE) (27|1lauE|gi|16080848)
Align: (44|3eugA|gi|16080848) (1lauE,27|1lauE|gi|16080848)
Align: (12|3eugA|gi|15642356) (44|3eugA|gi|16080848,1lauE,27|1lauE|gi|16080848)
Align: (47|3eugA|gi|24375153) (12|3eugA|gi|15642356,44|3eugA|gi|16080848,1lauE,27|1lauE|gi|16080848)
Align: (46|1lauE|gi|15616412) (47|3eugA|gi|24375153,12|3eugA|gi|15642356,44|3eugA|gi|16080848,1lauE,27|1lauE|gi|16080848)
Align: (19|3eugA|gi|22125181) (46|1lauE|gi|15616412,47|3eugA|gi|24375153,12|3eugA|gi|15642356,44|3eugA|gi|16080848,1lauE,27|1lauE|gi|16080848)
Align: (32|1lauE|gi|28897274) (19|3eugA|gi|22125181,46|1lauE|gi|15616412,47|3eugA|gi|24375153,12|3eugA|gi|15642356,44|3eugA|gi|16080848,1lauE,27|1lauE|gi|16080848)
Align: (33|1lauE|gi|29375532) (32|1lauE|gi|28897274,19|3eugA|gi|22125181,46|1lauE|gi|15616412,47|3eugA|gi|24375153,12|3eugA|gi|15642356,44|3eugA|gi|16080848,1lauE,27|1lauE|gi|16080848)
Align: (34|1lauE|gi|7413912) (33|1lauE|gi|29375532,32|1lauE|gi|28897274,19|3eugA|gi|22125181,46|1lauE|gi|15616412,47|3eugA|gi|24375153,12|3eugA|gi|15642356,44|3eugA|gi|16080848,1lauE,27|1lauE|gi|16080848)
Align: (43|3eugA|gi|29375532) (34|1lauE|gi|7413912,33|1lauE|gi|29375532,32|1lauE|gi|28897274,19|3eugA|gi|22125181,46|1lauE|gi|15616412,47|3eugA|gi|24375153,12|3eugA|gi|15642356,44|3eugA|gi|16080848,1lauE,27|1lauE|gi|16080848)
Align: (34|3eugA|gi|7413912) (43|3eugA|gi|29375532,34|1lauE|gi|7413912,33|1lauE|gi|29375532,32|1lauE|gi|28897274,19|3eugA|gi|22125181,46|1lauE|gi|15616412,47|3eugA|gi|24375153,12|3eugA|gi|15642356,44|3eugA|gi|16080848,1lauE,27|1lauE|gi|16080848)
Align: (39|3eugA|gi|24571183) (34|3eugA|gi|7413912,43|3eugA|gi|29375532,34|1lauE|gi|7413912,33|1lauE|gi|29375532,32|1lauE|gi|28897274,19|3eugA|gi|22125181,46|1lauE|gi|15616412,47|3eugA|gi|24375153,12|3eugA|gi|15642356,44|3eugA|gi|16080848,1lauE,27|1lauE|gi|16080848)
Align: (19|1lauE|gi|28279160) (39|3eugA|gi|24571183,34|3eugA|gi|7413912,43|3eugA|gi|29375532,34|1lauE|gi|7413912,33|1lauE|gi|29375532,32|1lauE|gi|28897274,19|3eugA|gi|22125181,46|1lauE|gi|15616412,47|3eugA|gi|24375153,12|3eugA|gi|15642356,44|3eugA|gi|16080848,1lauE,27|1lauE|gi|16080848)
Align: (17|1lauE|gi|34872815) (19|1lauE|gi|28279160,39|3eugA|gi|24571183,34|3eugA|gi|7413912,43|3eugA|gi|29375532,34|1lauE|gi|7413912,33|1lauE|gi|29375532,32|1lauE|gi|28897274,19|3eugA|gi|22125181,46|1lauE|gi|15616412,47|3eugA|gi|24375153,12|3eugA|gi|15642356,44|3eugA|gi|16080848,1lauE,27|1lauE|gi|16080848)
Align: (43|1lauE|gi|404805) (17|1lauE|gi|34872815,19|1lauE|gi|28279160,39|3eugA|gi|24571183,34|3eugA|gi|7413912,43|3eugA|gi|29375532,34|1lauE|gi|7413912,33|1lauE|gi|29375532,32|1lauE|gi|28897274,19|3eugA|gi|22125181,46|1lauE|gi|15616412,47|3eugA|gi|24375153,12|3eugA|gi|15642356,44|3eugA|gi|16080848,1lauE,27|1lauE|gi|16080848)
Align: (35|3eugA|gi|15889726) (43|1lauE|gi|404805,17|1lauE|gi|34872815,19|1lauE|gi|28279160,39|3eugA|gi|24571183,34|3eugA|gi|7413912,43|3eugA|gi|29375532,34|1lauE|gi|7413912,33|1lauE|gi|29375532,32|1lauE|gi|28897274,19|3eugA|gi|22125181,46|1lauE|gi|15616412,47|3eugA|gi|24375153,12|3eugA|gi|15642356,44|3eugA|gi|16080848,1lauE,27|1lauE|gi|16080848)
Align: (37|3eugA|gi|28279160) (35|3eugA|gi|15889726,43|1lauE|gi|404805,17|1lauE|gi|34872815,19|1lauE|gi|28279160,39|3eugA|gi|24571183,34|3eugA|gi|7413912,43|3eugA|gi|29375532,34|1lauE|gi|7413912,33|1lauE|gi|29375532,32|1lauE|gi|28897274,19|3eugA|gi|22125181,46|1lauE|gi|15616412,47|3eugA|gi|24375153,12|3eugA|gi|15642356,44|3eugA|gi|16080848,1lauE,27|1lauE|gi|16080848)
Align: (30|1lauE|gi|26988146) (37|3eugA|gi|28279160,35|3eugA|gi|15889726,43|1lauE|gi|404805,17|1lauE|gi|34872815,19|1lauE|gi|28279160,39|3eugA|gi|24571183,34|3eugA|gi|7413912,43|3eugA|gi|29375532,34|1lauE|gi|7413912,33|1lauE|gi|29375532,32|1lauE|gi|28897274,19|3eugA|gi|22125181,46|1lauE|gi|15616412,47|3eugA|gi|24375153,12|3eugA|gi|15642356,44|3eugA|gi|16080848,1lauE,27|1lauE|gi|16080848)
Align: (37|1lauE|gi|23029390) (30|1lauE|gi|26988146,37|3eugA|gi|28279160,35|3eugA|gi|15889726,43|1lauE|gi|404805,17|1lauE|gi|34872815,19|1lauE|gi|28279160,39|3eugA|gi|24571183,34|3eugA|gi|7413912,43|3eugA|gi|29375532,34|1lauE|gi|7413912,33|1lauE|gi|29375532,32|1lauE|gi|28897274,19|3eugA|gi|22125181,46|1lauE|gi|15616412,47|3eugA|gi|24375153,12|3eugA|gi|15642356,44|3eugA|gi|16080848,1lauE,27|1lauE|gi|16080848)
Align: (36|3eugA|gi|29654303) (37|1lauE|gi|23029390,30|1lauE|gi|26988146,37|3eugA|gi|28279160,35|3eugA|gi|15889726,43|1lauE|gi|404805,17|1lauE|gi|34872815,19|1lauE|gi|28279160,39|3eugA|gi|24571183,34|3eugA|gi|7413912,43|3eugA|gi|29375532,34|1lauE|gi|7413912,33|1lauE|gi|29375532,32|1lauE|gi|28897274,19|3eugA|gi|22125181,46|1lauE|gi|15616412,47|3eugA|gi|24375153,12|3eugA|gi|15642356,44|3eugA|gi|16080848,1lauE,27|1lauE|gi|16080848)
Align: (24|1lauE|gi|15595947) (36|3eugA|gi|29654303,37|1lauE|gi|23029390,30|1lauE|gi|26988146,37|3eugA|gi|28279160,35|3eugA|gi|15889726,43|1lauE|gi|404805,17|1lauE|gi|34872815,19|1lauE|gi|28279160,39|3eugA|gi|24571183,34|3eugA|gi|7413912,43|3eugA|gi|29375532,34|1lauE|gi|7413912,33|1lauE|gi|29375532,32|1lauE|gi|28897274,19|3eugA|gi|22125181,46|1lauE|gi|15616412,47|3eugA|gi|24375153,12|3eugA|gi|15642356,44|3eugA|gi|16080848,1lauE,27|1lauE|gi|16080848)
Align: (25|3eugA|gi|23029390) (24|1lauE|gi|15595947,36|3eugA|gi|29654303,37|1lauE|gi|23029390,30|1lauE|gi|26988146,37|3eugA|gi|28279160,35|3eugA|gi|15889726,43|1lauE|gi|404805,17|1lauE|gi|34872815,19|1lauE|gi|28279160,39|3eugA|gi|24571183,34|3eugA|gi|7413912,43|3eugA|gi|29375532,34|1lauE|gi|7413912,33|1lauE|gi|29375532,32|1lauE|gi|28897274,19|3eugA|gi|22125181,46|1lauE|gi|15616412,47|3eugA|gi|24375153,12|3eugA|gi|15642356,44|3eugA|gi|16080848,1lauE,27|1lauE|gi|16080848)
Align: (25|1lauE|gi|15805716) (25|3eugA|gi|23029390,24|1lauE|gi|15595947,36|3eugA|gi|29654303,37|1lauE|gi|23029390,30|1lauE|gi|26988146,37|3eugA|gi|28279160,35|3eugA|gi|15889726,43|1lauE|gi|404805,17|1lauE|gi|34872815,19|1lauE|gi|28279160,39|3eugA|gi|24571183,34|3eugA|gi|7413912,43|3eugA|gi|29375532,34|1lauE|gi|7413912,33|1lauE|gi|29375532,32|1lauE|gi|28897274,19|3eugA|gi|22125181,46|1lauE|gi|15616412,47|3eugA|gi|24375153,12|3eugA|gi|15642356,44|3eugA|gi|16080848,1lauE,27|1lauE|gi|16080848)
Align: (44|1lauE|gi|29347540) (25|1lauE|gi|15805716,25|3eugA|gi|23029390,24|1lauE|gi|15595947,36|3eugA|gi|29654303,37|1lauE|gi|23029390,30|1lauE|gi|26988146,37|3eugA|gi|28279160,35|3eugA|gi|15889726,43|1lauE|gi|404805,17|1lauE|gi|34872815,19|1lauE|gi|28279160,39|3eugA|gi|24571183,34|3eugA|gi|7413912,43|3eugA|gi|29375532,34|1lauE|gi|7413912,33|1lauE|gi|29375532,32|1lauE|gi|28897274,19|3eugA|gi|22125181,46|1lauE|gi|15616412,47|3eugA|gi|24375153,12|3eugA|gi|15642356,44|3eugA|gi|16080848,1lauE,27|1lauE|gi|16080848)
Align: (5|1lauE|gi|37527245,11|3eugA|gi|37527245,28|1lauE|gi|9626798) (44|1lauE|gi|29347540,25|1lauE|gi|15805716,25|3eugA|gi|23029390,24|1lauE|gi|15595947,36|3eugA|gi|29654303,37|1lauE|gi|23029390,30|1lauE|gi|26988146,37|3eugA|gi|28279160,35|3eugA|gi|15889726,43|1lauE|gi|404805,17|1lauE|gi|34872815,19|1lauE|gi|28279160,39|3eugA|gi|24571183,34|3eugA|gi|7413912,43|3eugA|gi|29375532,34|1lauE|gi|7413912,33|1lauE|gi|29375532,32|1lauE|gi|28897274,19|3eugA|gi|22125181,46|1lauE|gi|15616412,47|3eugA|gi|24375153,12|3eugA|gi|15642356,44|3eugA|gi|16080848,1lauE,27|1lauE|gi|16080848)
Align: (48|3eugA|gi|29347540) (5|1lauE|gi|37527245,11|3eugA|gi|37527245,28|1lauE|gi|9626798,44|1lauE|gi|29347540,25|1lauE|gi|15805716,25|3eugA|gi|23029390,24|1lauE|gi|15595947,36|3eugA|gi|29654303,37|1lauE|gi|23029390,30|1lauE|gi|26988146,37|3eugA|gi|28279160,35|3eugA|gi|15889726,43|1lauE|gi|404805,17|1lauE|gi|34872815,19|1lauE|gi|28279160,39|3eugA|gi|24571183,34|3eugA|gi|7413912,43|3eugA|gi|29375532,34|1lauE|gi|7413912,33|1lauE|gi|29375532,32|1lauE|gi|28897274,19|3eugA|gi|22125181,46|1lauE|gi|15616412,47|3eugA|gi|24375153,12|3eugA|gi|15642356,44|3eugA|gi|16080848,1lauE,27|1lauE|gi|16080848)
Align: (49|3eugA|gi|21244549) (48|3eugA|gi|29347540,5|1lauE|gi|37527245,11|3eugA|gi|37527245,28|1lauE|gi|9626798,44|1lauE|gi|29347540,25|1lauE|gi|15805716,25|3eugA|gi|23029390,24|1lauE|gi|15595947,36|3eugA|gi|29654303,37|1lauE|gi|23029390,30|1lauE|gi|26988146,37|3eugA|gi|28279160,35|3eugA|gi|15889726,43|1lauE|gi|404805,17|1lauE|gi|34872815,19|1lauE|gi|28279160,39|3eugA|gi|24571183,34|3eugA|gi|7413912,43|3eugA|gi|29375532,34|1lauE|gi|7413912,33|1lauE|gi|29375532,32|1lauE|gi|28897274,19|3eugA|gi|22125181,46|1lauE|gi|15616412,47|3eugA|gi|24375153,12|3eugA|gi|15642356,44|3eugA|gi|16080848,1lauE,27|1lauE|gi|16080848)
Align: (45|3eugA|gi|28812252) (49|3eugA|gi|21244549,48|3eugA|gi|29347540,5|1lauE|gi|37527245,11|3eugA|gi|37527245,28|1lauE|gi|9626798,44|1lauE|gi|29347540,25|1lauE|gi|15805716,25|3eugA|gi|23029390,24|1lauE|gi|15595947,36|3eugA|gi|29654303,37|1lauE|gi|23029390,30|1lauE|gi|26988146,37|3eugA|gi|28279160,35|3eugA|gi|15889726,43|1lauE|gi|404805,17|1lauE|gi|34872815,19|1lauE|gi|28279160,39|3eugA|gi|24571183,34|3eugA|gi|7413912,43|3eugA|gi|29375532,34|1lauE|gi|7413912,33|1lauE|gi|29375532,32|1lauE|gi|28897274,19|3eugA|gi|22125181,46|1lauE|gi|15616412,47|3eugA|gi|24375153,12|3eugA|gi|15642356,44|3eugA|gi|16080848,1lauE,27|1lauE|gi|16080848)
Align: (28|3eugA|gi|28871378) (45|3eugA|gi|28812252,49|3eugA|gi|21244549,48|3eugA|gi|29347540,5|1lauE|gi|37527245,11|3eugA|gi|37527245,28|1lauE|gi|9626798,44|1lauE|gi|29347540,25|1lauE|gi|15805716,25|3eugA|gi|23029390,24|1lauE|gi|15595947,36|3eugA|gi|29654303,37|1lauE|gi|23029390,30|1lauE|gi|26988146,37|3eugA|gi|28279160,35|3eugA|gi|15889726,43|1lauE|gi|404805,17|1lauE|gi|34872815,19|1lauE|gi|28279160,39|3eugA|gi|24571183,34|3eugA|gi|7413912,43|3eugA|gi|29375532,34|1lauE|gi|7413912,33|1lauE|gi|29375532,32|1lauE|gi|28897274,19|3eugA|gi|22125181,46|1lauE|gi|15616412,47|3eugA|gi|24375153,12|3eugA|gi|15642356,44|3eugA|gi|16080848,1lauE,27|1lauE|gi|16080848)
Align: (8|1lauE|gi|16271993) (28|3eugA|gi|28871378,45|3eugA|gi|28812252,49|3eugA|gi|21244549,48|3eugA|gi|29347540,5|1lauE|gi|37527245,11|3eugA|gi|37527245,28|1lauE|gi|9626798,44|1lauE|gi|29347540,25|1lauE|gi|15805716,25|3eugA|gi|23029390,24|1lauE|gi|15595947,36|3eugA|gi|29654303,37|1lauE|gi|23029390,30|1lauE|gi|26988146,37|3eugA|gi|28279160,35|3eugA|gi|15889726,43|1lauE|gi|404805,17|1lauE|gi|34872815,19|1lauE|gi|28279160,39|3eugA|gi|24571183,34|3eugA|gi|7413912,43|3eugA|gi|29375532,34|1lauE|gi|7413912,33|1lauE|gi|29375532,32|1lauE|gi|28897274,19|3eugA|gi|22125181,46|1lauE|gi|15616412,47|3eugA|gi|24375153,12|3eugA|gi|15642356,44|3eugA|gi|16080848,1lauE,27|1lauE|gi|16080848)
Align: (31|3eugA|gi|15966679) (8|1lauE|gi|16271993,28|3eugA|gi|28871378,45|3eugA|gi|28812252,49|3eugA|gi|21244549,48|3eugA|gi|29347540,5|1lauE|gi|37527245,11|3eugA|gi|37527245,28|1lauE|gi|9626798,44|1lauE|gi|29347540,25|1lauE|gi|15805716,25|3eugA|gi|23029390,24|1lauE|gi|15595947,36|3eugA|gi|29654303,37|1lauE|gi|23029390,30|1lauE|gi|26988146,37|3eugA|gi|28279160,35|3eugA|gi|15889726,43|1lauE|gi|404805,17|1lauE|gi|34872815,19|1lauE|gi|28279160,39|3eugA|gi|24571183,34|3eugA|gi|7413912,43|3eugA|gi|29375532,34|1lauE|gi|7413912,33|1lauE|gi|29375532,32|1lauE|gi|28897274,19|3eugA|gi|22125181,46|1lauE|gi|15616412,47|3eugA|gi|24375153,12|3eugA|gi|15642356,44|3eugA|gi|16080848,1lauE,27|1lauE|gi|16080848)
Align: (14|3eugA|gi|16271993) (31|3eugA|gi|15966679,8|1lauE|gi|16271993,28|3eugA|gi|28871378,45|3eugA|gi|28812252,49|3eugA|gi|21244549,48|3eugA|gi|29347540,5|1lauE|gi|37527245,11|3eugA|gi|37527245,28|1lauE|gi|9626798,44|1lauE|gi|29347540,25|1lauE|gi|15805716,25|3eugA|gi|23029390,24|1lauE|gi|15595947,36|3eugA|gi|29654303,37|1lauE|gi|23029390,30|1lauE|gi|26988146,37|3eugA|gi|28279160,35|3eugA|gi|15889726,43|1lauE|gi|404805,17|1lauE|gi|34872815,19|1lauE|gi|28279160,39|3eugA|gi|24571183,34|3eugA|gi|7413912,43|3eugA|gi|29375532,34|1lauE|gi|7413912,33|1lauE|gi|29375532,32|1lauE|gi|28897274,19|3eugA|gi|22125181,46|1lauE|gi|15616412,47|3eugA|gi|24375153,12|3eugA|gi|15642356,44|3eugA|gi|16080848,1lauE,27|1lauE|gi|16080848)
Align: (26|3eugA|gi|15595947) (14|3eugA|gi|16271993,31|3eugA|gi|15966679,8|1lauE|gi|16271993,28|3eugA|gi|28871378,45|3eugA|gi|28812252,49|3eugA|gi|21244549,48|3eugA|gi|29347540,5|1lauE|gi|37527245,11|3eugA|gi|37527245,28|1lauE|gi|9626798,44|1lauE|gi|29347540,25|1lauE|gi|15805716,25|3eugA|gi|23029390,24|1lauE|gi|15595947,36|3eugA|gi|29654303,37|1lauE|gi|23029390,30|1lauE|gi|26988146,37|3eugA|gi|28279160,35|3eugA|gi|15889726,43|1lauE|gi|404805,17|1lauE|gi|34872815,19|1lauE|gi|28279160,39|3eugA|gi|24571183,34|3eugA|gi|7413912,43|3eugA|gi|29375532,34|1lauE|gi|7413912,33|1lauE|gi|29375532,32|1lauE|gi|28897274,19|3eugA|gi|22125181,46|1lauE|gi|15616412,47|3eugA|gi|24375153,12|3eugA|gi|15642356,44|3eugA|gi|16080848,1lauE,27|1lauE|gi|16080848)
Align: (45|1lauE|gi|21219849) (26|3eugA|gi|15595947,14|3eugA|gi|16271993,31|3eugA|gi|15966679,8|1lauE|gi|16271993,28|3eugA|gi|28871378,45|3eugA|gi|28812252,49|3eugA|gi|21244549,48|3eugA|gi|29347540,5|1lauE|gi|37527245,11|3eugA|gi|37527245,28|1lauE|gi|9626798,44|1lauE|gi|29347540,25|1lauE|gi|15805716,25|3eugA|gi|23029390,24|1lauE|gi|15595947,36|3eugA|gi|29654303,37|1lauE|gi|23029390,30|1lauE|gi|26988146,37|3eugA|gi|28279160,35|3eugA|gi|15889726,43|1lauE|gi|404805,17|1lauE|gi|34872815,19|1lauE|gi|28279160,39|3eugA|gi|24571183,34|3eugA|gi|7413912,43|3eugA|gi|29375532,34|1lauE|gi|7413912,33|1lauE|gi|29375532,32|1lauE|gi|28897274,19|3eugA|gi|22125181,46|1lauE|gi|15616412,47|3eugA|gi|24375153,12|3eugA|gi|15642356,44|3eugA|gi|16080848,1lauE,27|1lauE|gi|16080848)
Align: (3|1lauE|gi|23103712) (45|1lauE|gi|21219849,26|3eugA|gi|15595947,14|3eugA|gi|16271993,31|3eugA|gi|15966679,8|1lauE|gi|16271993,28|3eugA|gi|28871378,45|3eugA|gi|28812252,49|3eugA|gi|21244549,48|3eugA|gi|29347540,5|1lauE|gi|37527245,11|3eugA|gi|37527245,28|1lauE|gi|9626798,44|1lauE|gi|29347540,25|1lauE|gi|15805716,25|3eugA|gi|23029390,24|1lauE|gi|15595947,36|3eugA|gi|29654303,37|1lauE|gi|23029390,30|1lauE|gi|26988146,37|3eugA|gi|28279160,35|3eugA|gi|15889726,43|1lauE|gi|404805,17|1lauE|gi|34872815,19|1lauE|gi|28279160,39|3eugA|gi|24571183,34|3eugA|gi|7413912,43|3eugA|gi|29375532,34|1lauE|gi|7413912,33|1lauE|gi|29375532,32|1lauE|gi|28897274,19|3eugA|gi|22125181,46|1lauE|gi|15616412,47|3eugA|gi|24375153,12|3eugA|gi|15642356,44|3eugA|gi|16080848,1lauE,27|1lauE|gi|16080848)
Align: (11|1lauE|gi|23466428) (3|1lauE|gi|23103712,45|1lauE|gi|21219849,26|3eugA|gi|15595947,14|3eugA|gi|16271993,31|3eugA|gi|15966679,8|1lauE|gi|16271993,28|3eugA|gi|28871378,45|3eugA|gi|28812252,49|3eugA|gi|21244549,48|3eugA|gi|29347540,5|1lauE|gi|37527245,11|3eugA|gi|37527245,28|1lauE|gi|9626798,44|1lauE|gi|29347540,25|1lauE|gi|15805716,25|3eugA|gi|23029390,24|1lauE|gi|15595947,36|3eugA|gi|29654303,37|1lauE|gi|23029390,30|1lauE|gi|26988146,37|3eugA|gi|28279160,35|3eugA|gi|15889726,43|1lauE|gi|404805,17|1lauE|gi|34872815,19|1lauE|gi|28279160,39|3eugA|gi|24571183,34|3eugA|gi|7413912,43|3eugA|gi|29375532,34|1lauE|gi|7413912,33|1lauE|gi|29375532,32|1lauE|gi|28897274,19|3eugA|gi|22125181,46|1lauE|gi|15616412,47|3eugA|gi|24375153,12|3eugA|gi|15642356,44|3eugA|gi|16080848,1lauE,27|1lauE|gi|16080848)
Align: (42|1lauE|gi|15966679) (11|1lauE|gi|23466428,3|1lauE|gi|23103712,45|1lauE|gi|21219849,26|3eugA|gi|15595947,14|3eugA|gi|16271993,31|3eugA|gi|15966679,8|1lauE|gi|16271993,28|3eugA|gi|28871378,45|3eugA|gi|28812252,49|3eugA|gi|21244549,48|3eugA|gi|29347540,5|1lauE|gi|37527245,11|3eugA|gi|37527245,28|1lauE|gi|9626798,44|1lauE|gi|29347540,25|1lauE|gi|15805716,25|3eugA|gi|23029390,24|1lauE|gi|15595947,36|3eugA|gi|29654303,37|1lauE|gi|23029390,30|1lauE|gi|26988146,37|3eugA|gi|28279160,35|3eugA|gi|15889726,43|1lauE|gi|404805,17|1lauE|gi|34872815,19|1lauE|gi|28279160,39|3eugA|gi|24571183,34|3eugA|gi|7413912,43|3eugA|gi|29375532,34|1lauE|gi|7413912,33|1lauE|gi|29375532,32|1lauE|gi|28897274,19|3eugA|gi|22125181,46|1lauE|gi|15616412,47|3eugA|gi|24375153,12|3eugA|gi|15642356,44|3eugA|gi|16080848,1lauE,27|1lauE|gi|16080848)
Align: (16|3eugA|gi|23466428) (42|1lauE|gi|15966679,11|1lauE|gi|23466428,3|1lauE|gi|23103712,45|1lauE|gi|21219849,26|3eugA|gi|15595947,14|3eugA|gi|16271993,31|3eugA|gi|15966679,8|1lauE|gi|16271993,28|3eugA|gi|28871378,45|3eugA|gi|28812252,49|3eugA|gi|21244549,48|3eugA|gi|29347540,5|1lauE|gi|37527245,11|3eugA|gi|37527245,28|1lauE|gi|9626798,44|1lauE|gi|29347540,25|1lauE|gi|15805716,25|3eugA|gi|23029390,24|1lauE|gi|15595947,36|3eugA|gi|29654303,37|1lauE|gi|23029390,30|1lauE|gi|26988146,37|3eugA|gi|28279160,35|3eugA|gi|15889726,43|1lauE|gi|404805,17|1lauE|gi|34872815,19|1lauE|gi|28279160,39|3eugA|gi|24571183,34|3eugA|gi|7413912,43|3eugA|gi|29375532,34|1lauE|gi|7413912,33|1lauE|gi|29375532,32|1lauE|gi|28897274,19|3eugA|gi|22125181,46|1lauE|gi|15616412,47|3eugA|gi|24375153,12|3eugA|gi|15642356,44|3eugA|gi|16080848,1lauE,27|1lauE|gi|16080848)
Align: (13|3eugA|gi|23103712) (16|3eugA|gi|23466428,42|1lauE|gi|15966679,11|1lauE|gi|23466428,3|1lauE|gi|23103712,45|1lauE|gi|21219849,26|3eugA|gi|15595947,14|3eugA|gi|16271993,31|3eugA|gi|15966679,8|1lauE|gi|16271993,28|3eugA|gi|28871378,45|3eugA|gi|28812252,49|3eugA|gi|21244549,48|3eugA|gi|29347540,5|1lauE|gi|37527245,11|3eugA|gi|37527245,28|1lauE|gi|9626798,44|1lauE|gi|29347540,25|1lauE|gi|15805716,25|3eugA|gi|23029390,24|1lauE|gi|15595947,36|3eugA|gi|29654303,37|1lauE|gi|23029390,30|1lauE|gi|26988146,37|3eugA|gi|28279160,35|3eugA|gi|15889726,43|1lauE|gi|404805,17|1lauE|gi|34872815,19|1lauE|gi|28279160,39|3eugA|gi|24571183,34|3eugA|gi|7413912,43|3eugA|gi|29375532,34|1lauE|gi|7413912,33|1lauE|gi|29375532,32|1lauE|gi|28897274,19|3eugA|gi|22125181,46|1lauE|gi|15616412,47|3eugA|gi|24375153,12|3eugA|gi|15642356,44|3eugA|gi|16080848,1lauE,27|1lauE|gi|16080848)
Align: (23|3eugA|gi|32035786) (13|3eugA|gi|23103712,16|3eugA|gi|23466428,42|1lauE|gi|15966679,11|1lauE|gi|23466428,3|1lauE|gi|23103712,45|1lauE|gi|21219849,26|3eugA|gi|15595947,14|3eugA|gi|16271993,31|3eugA|gi|15966679,8|1lauE|gi|16271993,28|3eugA|gi|28871378,45|3eugA|gi|28812252,49|3eugA|gi|21244549,48|3eugA|gi|29347540,5|1lauE|gi|37527245,11|3eugA|gi|37527245,28|1lauE|gi|9626798,44|1lauE|gi|29347540,25|1lauE|gi|15805716,25|3eugA|gi|23029390,24|1lauE|gi|15595947,36|3eugA|gi|29654303,37|1lauE|gi|23029390,30|1lauE|gi|26988146,37|3eugA|gi|28279160,35|3eugA|gi|15889726,43|1lauE|gi|404805,17|1lauE|gi|34872815,19|1lauE|gi|28279160,39|3eugA|gi|24571183,34|3eugA|gi|7413912,43|3eugA|gi|29375532,34|1lauE|gi|7413912,33|1lauE|gi|29375532,32|1lauE|gi|28897274,19|3eugA|gi|22125181,46|1lauE|gi|15616412,47|3eugA|gi|24375153,12|3eugA|gi|15642356,44|3eugA|gi|16080848,1lauE,27|1lauE|gi|16080848)
Align: (41|1lauE|gi|32035786) (23|3eugA|gi|32035786,13|3eugA|gi|23103712,16|3eugA|gi|23466428,42|1lauE|gi|15966679,11|1lauE|gi|23466428,3|1lauE|gi|23103712,45|1lauE|gi|21219849,26|3eugA|gi|15595947,14|3eugA|gi|16271993,31|3eugA|gi|15966679,8|1lauE|gi|16271993,28|3eugA|gi|28871378,45|3eugA|gi|28812252,49|3eugA|gi|21244549,48|3eugA|gi|29347540,5|1lauE|gi|37527245,11|3eugA|gi|37527245,28|1lauE|gi|9626798,44|1lauE|gi|29347540,25|1lauE|gi|15805716,25|3eugA|gi|23029390,24|1lauE|gi|15595947,36|3eugA|gi|29654303,37|1lauE|gi|23029390,30|1lauE|gi|26988146,37|3eugA|gi|28279160,35|3eugA|gi|15889726,43|1lauE|gi|404805,17|1lauE|gi|34872815,19|1lauE|gi|28279160,39|3eugA|gi|24571183,34|3eugA|gi|7413912,43|3eugA|gi|29375532,34|1lauE|gi|7413912,33|1lauE|gi|29375532,32|1lauE|gi|28897274,19|3eugA|gi|22125181,46|1lauE|gi|15616412,47|3eugA|gi|24375153,12|3eugA|gi|15642356,44|3eugA|gi|16080848,1lauE,27|1lauE|gi|16080848)
Align: (12|1lauE|gi|15677095) (41|1lauE|gi|32035786,23|3eugA|gi|32035786,13|3eugA|gi|23103712,16|3eugA|gi|23466428,42|1lauE|gi|15966679,11|1lauE|gi|23466428,3|1lauE|gi|23103712,45|1lauE|gi|21219849,26|3eugA|gi|15595947,14|3eugA|gi|16271993,31|3eugA|gi|15966679,8|1lauE|gi|16271993,28|3eugA|gi|28871378,45|3eugA|gi|28812252,49|3eugA|gi|21244549,48|3eugA|gi|29347540,5|1lauE|gi|37527245,11|3eugA|gi|37527245,28|1lauE|gi|9626798,44|1lauE|gi|29347540,25|1lauE|gi|15805716,25|3eugA|gi|23029390,24|1lauE|gi|15595947,36|3eugA|gi|29654303,37|1lauE|gi|23029390,30|1lauE|gi|26988146,37|3eugA|gi|28279160,35|3eugA|gi|15889726,43|1lauE|gi|404805,17|1lauE|gi|34872815,19|1lauE|gi|28279160,39|3eugA|gi|24571183,34|3eugA|gi|7413912,43|3eugA|gi|29375532,34|1lauE|gi|7413912,33|1lauE|gi|29375532,32|1lauE|gi|28897274,19|3eugA|gi|22125181,46|1lauE|gi|15616412,47|3eugA|gi|24375153,12|3eugA|gi|15642356,44|3eugA|gi|16080848,1lauE,27|1lauE|gi|16080848)
Align: (17|3eugA|gi|15677095) (12|1lauE|gi|15677095,41|1lauE|gi|32035786,23|3eugA|gi|32035786,13|3eugA|gi|23103712,16|3eugA|gi|23466428,42|1lauE|gi|15966679,11|1lauE|gi|23466428,3|1lauE|gi|23103712,45|1lauE|gi|21219849,26|3eugA|gi|15595947,14|3eugA|gi|16271993,31|3eugA|gi|15966679,8|1lauE|gi|16271993,28|3eugA|gi|28871378,45|3eugA|gi|28812252,49|3eugA|gi|21244549,48|3eugA|gi|29347540,5|1lauE|gi|37527245,11|3eugA|gi|37527245,28|1lauE|gi|9626798,44|1lauE|gi|29347540,25|1lauE|gi|15805716,25|3eugA|gi|23029390,24|1lauE|gi|15595947,36|3eugA|gi|29654303,37|1lauE|gi|23029390,30|1lauE|gi|26988146,37|3eugA|gi|28279160,35|3eugA|gi|15889726,43|1lauE|gi|404805,17|1lauE|gi|34872815,19|1lauE|gi|28279160,39|3eugA|gi|24571183,34|3eugA|gi|7413912,43|3eugA|gi|29375532,34|1lauE|gi|7413912,33|1lauE|gi|29375532,32|1lauE|gi|28897274,19|3eugA|gi|22125181,46|1lauE|gi|15616412,47|3eugA|gi|24375153,12|3eugA|gi|15642356,44|3eugA|gi|16080848,1lauE,27|1lauE|gi|16080848)
Align: (24|3eugA|gi|15601930) (17|3eugA|gi|15677095,12|1lauE|gi|15677095,41|1lauE|gi|32035786,23|3eugA|gi|32035786,13|3eugA|gi|23103712,16|3eugA|gi|23466428,42|1lauE|gi|15966679,11|1lauE|gi|23466428,3|1lauE|gi|23103712,45|1lauE|gi|21219849,26|3eugA|gi|15595947,14|3eugA|gi|16271993,31|3eugA|gi|15966679,8|1lauE|gi|16271993,28|3eugA|gi|28871378,45|3eugA|gi|28812252,49|3eugA|gi|21244549,48|3eugA|gi|29347540,5|1lauE|gi|37527245,11|3eugA|gi|37527245,28|1lauE|gi|9626798,44|1lauE|gi|29347540,25|1lauE|gi|15805716,25|3eugA|gi|23029390,24|1lauE|gi|15595947,36|3eugA|gi|29654303,37|1lauE|gi|23029390,30|1lauE|gi|26988146,37|3eugA|gi|28279160,35|3eugA|gi|15889726,43|1lauE|gi|404805,17|1lauE|gi|34872815,19|1lauE|gi|28279160,39|3eugA|gi|24571183,34|3eugA|gi|7413912,43|3eugA|gi|29375532,34|1lauE|gi|7413912,33|1lauE|gi|29375532,32|1lauE|gi|28897274,19|3eugA|gi|22125181,46|1lauE|gi|15616412,47|3eugA|gi|24375153,12|3eugA|gi|15642356,44|3eugA|gi|16080848,1lauE,27|1lauE|gi|16080848)
Align: (39|1lauE|gi|15601930) (24|3eugA|gi|15601930,17|3eugA|gi|15677095,12|1lauE|gi|15677095,41|1lauE|gi|32035786,23|3eugA|gi|32035786,13|3eugA|gi|23103712,16|3eugA|gi|23466428,42|1lauE|gi|15966679,11|1lauE|gi|23466428,3|1lauE|gi|23103712,45|1lauE|gi|21219849,26|3eugA|gi|15595947,14|3eugA|gi|16271993,31|3eugA|gi|15966679,8|1lauE|gi|16271993,28|3eugA|gi|28871378,45|3eugA|gi|28812252,49|3eugA|gi|21244549,48|3eugA|gi|29347540,5|1lauE|gi|37527245,11|3eugA|gi|37527245,28|1lauE|gi|9626798,44|1lauE|gi|29347540,25|1lauE|gi|15805716,25|3eugA|gi|23029390,24|1lauE|gi|15595947,36|3eugA|gi|29654303,37|1lauE|gi|23029390,30|1lauE|gi|26988146,37|3eugA|gi|28279160,35|3eugA|gi|15889726,43|1lauE|gi|404805,17|1lauE|gi|34872815,19|1lauE|gi|28279160,39|3eugA|gi|24571183,34|3eugA|gi|7413912,43|3eugA|gi|29375532,34|1lauE|gi|7413912,33|1lauE|gi|29375532,32|1lauE|gi|28897274,19|3eugA|gi|22125181,46|1lauE|gi|15616412,47|3eugA|gi|24375153,12|3eugA|gi|15642356,44|3eugA|gi|16080848,1lauE,27|1lauE|gi|16080848)
Align: (23|1lauE|gi|16761505) (39|1lauE|gi|15601930,24|3eugA|gi|15601930,17|3eugA|gi|15677095,12|1lauE|gi|15677095,41|1lauE|gi|32035786,23|3eugA|gi|32035786,13|3eugA|gi|23103712,16|3eugA|gi|23466428,42|1lauE|gi|15966679,11|1lauE|gi|23466428,3|1lauE|gi|23103712,45|1lauE|gi|21219849,26|3eugA|gi|15595947,14|3eugA|gi|16271993,31|3eugA|gi|15966679,8|1lauE|gi|16271993,28|3eugA|gi|28871378,45|3eugA|gi|28812252,49|3eugA|gi|21244549,48|3eugA|gi|29347540,5|1lauE|gi|37527245,11|3eugA|gi|37527245,28|1lauE|gi|9626798,44|1lauE|gi|29347540,25|1lauE|gi|15805716,25|3eugA|gi|23029390,24|1lauE|gi|15595947,36|3eugA|gi|29654303,37|1lauE|gi|23029390,30|1lauE|gi|26988146,37|3eugA|gi|28279160,35|3eugA|gi|15889726,43|1lauE|gi|404805,17|1lauE|gi|34872815,19|1lauE|gi|28279160,39|3eugA|gi|24571183,34|3eugA|gi|7413912,43|3eugA|gi|29375532,34|1lauE|gi|7413912,33|1lauE|gi|29375532,32|1lauE|gi|28897274,19|3eugA|gi|22125181,46|1lauE|gi|15616412,47|3eugA|gi|24375153,12|3eugA|gi|15642356,44|3eugA|gi|16080848,1lauE,27|1lauE|gi|16080848)
Align: (3eugA) (23|1lauE|gi|16761505,39|1lauE|gi|15601930,24|3eugA|gi|15601930,17|3eugA|gi|15677095,12|1lauE|gi|15677095,41|1lauE|gi|32035786,23|3eugA|gi|32035786,13|3eugA|gi|23103712,16|3eugA|gi|23466428,42|1lauE|gi|15966679,11|1lauE|gi|23466428,3|1lauE|gi|23103712,45|1lauE|gi|21219849,26|3eugA|gi|15595947,14|3eugA|gi|16271993,31|3eugA|gi|15966679,8|1lauE|gi|16271993,28|3eugA|gi|28871378,45|3eugA|gi|28812252,49|3eugA|gi|21244549,48|3eugA|gi|29347540,5|1lauE|gi|37527245,11|3eugA|gi|37527245,28|1lauE|gi|9626798,44|1lauE|gi|29347540,25|1lauE|gi|15805716,25|3eugA|gi|23029390,24|1lauE|gi|15595947,36|3eugA|gi|29654303,37|1lauE|gi|23029390,30|1lauE|gi|26988146,37|3eugA|gi|28279160,35|3eugA|gi|15889726,43|1lauE|gi|404805,17|1lauE|gi|34872815,19|1lauE|gi|28279160,39|3eugA|gi|24571183,34|3eugA|gi|7413912,43|3eugA|gi|29375532,34|1lauE|gi|7413912,33|1lauE|gi|29375532,32|1lauE|gi|28897274,19|3eugA|gi|22125181,46|1lauE|gi|15616412,47|3eugA|gi|24375153,12|3eugA|gi|15642356,44|3eugA|gi|16080848,1lauE,27|1lauE|gi|16080848)
Elapsed time 00:00:00  Peak memory use   20 MB(-4%)  Iteration   1 Align node
Elapsed time 00:00:00  Peak memory use   20 MB(-4%)  Iteration   1 Root alignment
Elapsed time 00:00:00  Peak memory use   20 MB(-4%)  Iteration   2 Refine tree
Elapsed time 00:00:00  Peak memory use   20 MB(-4%)  Iteration   2 Root alignment
Elapsed time 00:00:00  Peak memory use   20 MB(-4%)  Iteration   2 Root alignment
Anchor columns found       6
DP area saved by anchors   84.1%
Elapsed time 00:00:00  Peak memory use   20 MB(-4%)  Iteration   3 Refine biparts
Elapsed time 00:00:00  Peak memory use   20 MB(-4%)  Iteration   4 Refine biparts
Elapsed time 00:00:00  Peak memory use   20 MB(-4%)  Iteration   5 Refine biparts
Elapsed time 00:00:00  Peak memory use   20 MB(-4%)  Iteration   6 Refine biparts
Elapsed time 00:00:00  Peak memory use   20 MB(-4%)  Iteration   7 Refine biparts
Elapsed time 00:00:00  Peak memory use   20 MB(-4%)  Iteration   8 Refine biparts
Elapsed time 00:00:00  Peak memory use   20 MB(-4%)  Iteration   9 Refine biparts
Elapsed time 00:00:00  Peak memory use   20 MB(-4%)  Iteration  10 Refine biparts
Elapsed time 00:00:00  Peak memory use   20 MB(-4%)  Iteration  11 Refine biparts
Finished Mon Feb 26 13:02:37 2018
2018-02-26 13:02:37,396595745
