2018-02-26 12:18:14,093160195
Started Mon Feb 26 12:18:14 2018
../muscle3.8.31_i86linux64 -in BaliRef3/seq/BB30025.tfa -out BaliRef3/seq/BB30025.afa -loga BaliRef3/seq/BB30025.log -verbose 
Alphabet Amino

MUSCLE v3.8.31 by Robert C. Edgar
http://www.drive5.com/muscle

Profile-profile score    LE
Max iterations           8
Max trees                1
Max time                 (No limit)
Max MB                   4294966914
Gap open                 -2.9
Gap extend (dimer)       0
Gap ambig factor         0
Gap ambig penalty        -0
Center (LE)              -0.52
Term gaps                Half
Smooth window length     7
Refine window length     200
Min anchor spacing       32
Min diag length (lambda) 24
Diag margin (mu)         5
Min diag break           1
Hydrophobic window       5
Hydrophobic gap factor   1.2
Smooth score ceiling     3
Min best col score       2
Min anchor score         1
SUEFF                    0.1
Brenner root MSA         False
Normalize counts         True
Diagonals (1)            False
Diagonals (2)            False
Anchors                  True
MSF output format        False
Phylip interleaved       False
Phylip sequential        False
ClustalW output format   False
Catch exceptions         True
Quiet                    False
Refine                   False
ProdfDB                  False
Low complexity profiles  True
Objective score          SPM
Distance method (1)      Kmer6_6
Clustering method (1)    UPGMB
Root method (1)          Pseudo
Sequence weighting (1)   ClustalW
Distance method (2)      PctIdKimura
Clustering method (2)    UPGMB
Root method (2)          Pseudo
Sequence weighting (2)   ClustalW

74 seqs, max length 406, avg  length 141
Elapsed time 00:00:00  Peak memory use   10 MB(-2%)  Iteration   1 K-mer dist pass 1
Elapsed time 00:00:00  Peak memory use   10 MB(-2%)  Iteration   1 K-mer dist pass 2
Align: (GLRX_HAEIN) (GLR1_SALTY)
Align: (1grx_) (GLRX_HAEIN,GLR1_SALTY)
Align: (1fov_A) (GLR3_ECOLI)
Align: (GLRX_RICPR) (1fov_A,GLR3_ECOLI)
Align: (GLRX_PSEAE) (GLRX_NEIMA)
Align: (GLRX_RICCO) (GLRX_VERFO)
Align: (GLRX_LYCES) (GLRX_RICCO,GLRX_VERFO)
Align: (GLRX_ORYSA) (GLRX_LYCES,GLRX_RICCO,GLRX_VERFO)
Align: (GLR1_SCHPO) (GLRX_ORYSA,GLRX_LYCES,GLRX_RICCO,GLRX_VERFO)
Align: (GLR2_SCHPO) (GLR1_SCHPO,GLRX_ORYSA,GLRX_LYCES,GLRX_RICCO,GLRX_VERFO)
Align: (GLRX_PSEAE,GLRX_NEIMA) (GLR2_SCHPO,GLR1_SCHPO,GLRX_ORYSA,GLRX_LYCES,GLRX_RICCO,GLRX_VERFO)
Align: (GLRX_RICPR,1fov_A,GLR3_ECOLI) (GLRX_PSEAE,GLRX_NEIMA,GLR2_SCHPO,GLR1_SCHPO,GLRX_ORYSA,GLRX_LYCES,GLRX_RICCO,GLRX_VERFO)
Align: (1grx_,GLRX_HAEIN,GLR1_SALTY) (GLRX_RICPR,1fov_A,GLR3_ECOLI,GLRX_PSEAE,GLRX_NEIMA,GLR2_SCHPO,GLR1_SCHPO,GLRX_ORYSA,GLRX_LYCES,GLRX_RICCO,GLRX_VERFO)
Align: (1j0f_A) (SH3N_HUMAN)
Align: (1b4q_A) (GLRX_BOVIN)
Align: (GLRX_CHICK) (1b4q_A,GLRX_BOVIN)
Align: (TXL2_HUMAN) (GLRX_CHICK,1b4q_A,GLRX_BOVIN)
Align: (SH3L_HUMAN) (SH3B_HUMAN)
Align: (SH3M_HUMAN) (SH3L_HUMAN,SH3B_HUMAN)
Align: (SH3B_DROME) (SH3M_HUMAN,SH3L_HUMAN,SH3B_HUMAN)
Align: (THH1_ARATH) (THH2_TOBAC)
Align: (THH1_TOBAC) (THH1_ARATH,THH2_TOBAC)
Align: (THIO_ICTPU) (THH1_TOBAC,THH1_ARATH,THH2_TOBAC)
Align: (RESA_BACAA) (RESA_BACSU)
Align: (RESA_BACHD) (RESA_BACAA,RESA_BACSU)
Align: (RESA_OCEIH) (RESA_BACHD,RESA_BACAA,RESA_BACSU)
Align: (1kng_A) (CYCY_RHILV)
Align: (DSBE_PSEFL) (DSBE_PSEAE)
Align: (DSBE_YERPE) (DSBE_PANCI)
Align: (DSBE_YERPE,DSBE_PANCI) (DSBE_ECOLI)
Align: (DSBE_HAEIN) (DSBE_PASMU)
Align: (DSBE_YERPE,DSBE_PANCI,DSBE_ECOLI) (DSBE_HAEIN,DSBE_PASMU)
Align: (DSBE_VIBCH) (DSBE_YERPE,DSBE_PANCI,DSBE_ECOLI,DSBE_HAEIN,DSBE_PASMU)
Align: (NRFX_HAEIN) (NRFX_PASMU)
Align: (DSBE_VIBCH,DSBE_YERPE,DSBE_PANCI,DSBE_ECOLI,DSBE_HAEIN,DSBE_PASMU) (NRFX_HAEIN,NRFX_PASMU)
Align: (DSBE_CHRVI) (DSBE_VIBCH,DSBE_YERPE,DSBE_PANCI,DSBE_ECOLI,DSBE_HAEIN,DSBE_PASMU,NRFX_HAEIN,NRFX_PASMU)
Align: (DSBE_PSEFL,DSBE_PSEAE) (DSBE_CHRVI,DSBE_VIBCH,DSBE_YERPE,DSBE_PANCI,DSBE_ECOLI,DSBE_HAEIN,DSBE_PASMU,NRFX_HAEIN,NRFX_PASMU)
Align: (1kng_A,CYCY_RHILV) (DSBE_PSEFL,DSBE_PSEAE,DSBE_CHRVI,DSBE_VIBCH,DSBE_YERPE,DSBE_PANCI,DSBE_ECOLI,DSBE_HAEIN,DSBE_PASMU,NRFX_HAEIN,NRFX_PASMU)
Align: (DSBE_XYLFA) (1kng_A,CYCY_RHILV,DSBE_PSEFL,DSBE_PSEAE,DSBE_CHRVI,DSBE_VIBCH,DSBE_YERPE,DSBE_PANCI,DSBE_ECOLI,DSBE_HAEIN,DSBE_PASMU,NRFX_HAEIN,NRFX_PASMU)
Align: (THIO_MYCGE) (THIO_MYCPN)
Align: (THIO_BUCAI) (THIO_RHORU)
Align: (THIO_CHLPN) (THIO_CHLCV)
Align: (TRX2_YEAST) (TRX1_YEAST)
Align: (THIM_ORYSA) (THIM_MAIZE)
Align: (THIM_CHLRE) (THIM_ORYSA,THIM_MAIZE)
Align: (THIO_GRIPA) (THIM_CHLRE,THIM_ORYSA,THIM_MAIZE)
Align: (THIM_PEA) (THIM_SPIOL)
Align: (THIO_GRIPA,THIM_CHLRE,THIM_ORYSA,THIM_MAIZE) (THIM_PEA,THIM_SPIOL)
Align: (THIM_BRANA) (THM2_ARATH)
Align: (THM4_ARATH) (THIM_BRANA,THM2_ARATH)
Align: (THIO_GRIPA,THIM_CHLRE,THIM_ORYSA,THIM_MAIZE,THIM_PEA,THIM_SPIOL) (THM4_ARATH,THIM_BRANA,THM2_ARATH)
Align: (TRX2_YEAST,TRX1_YEAST) (THIO_GRIPA,THIM_CHLRE,THIM_ORYSA,THIM_MAIZE,THIM_PEA,THIM_SPIOL,THM4_ARATH,THIM_BRANA,THM2_ARATH)
Align: (THI2_CORNE) (TRX2_YEAST,TRX1_YEAST,THIO_GRIPA,THIM_CHLRE,THIM_ORYSA,THIM_MAIZE,THIM_PEA,THIM_SPIOL,THM4_ARATH,THIM_BRANA,THM2_ARATH)
Align: (THIO_CHLPN,THIO_CHLCV) (THI2_CORNE,TRX2_YEAST,TRX1_YEAST,THIO_GRIPA,THIM_CHLRE,THIM_ORYSA,THIM_MAIZE,THIM_PEA,THIM_SPIOL,THM4_ARATH,THIM_BRANA,THM2_ARATH)
Align: (THIO_BUCAI,THIO_RHORU) (THIO_CHLPN,THIO_CHLCV,THI2_CORNE,TRX2_YEAST,TRX1_YEAST,THIO_GRIPA,THIM_CHLRE,THIM_ORYSA,THIM_MAIZE,THIM_PEA,THIM_SPIOL,THM4_ARATH,THIM_BRANA,THM2_ARATH)
Align: (THIO_MYCGE,THIO_MYCPN) (THIO_BUCAI,THIO_RHORU,THIO_CHLPN,THIO_CHLCV,THI2_CORNE,TRX2_YEAST,TRX1_YEAST,THIO_GRIPA,THIM_CHLRE,THIM_ORYSA,THIM_MAIZE,THIM_PEA,THIM_SPIOL,THM4_ARATH,THIM_BRANA,THM2_ARATH)
Align: (THIO_COPCM) (THIO_MYCGE,THIO_MYCPN,THIO_BUCAI,THIO_RHORU,THIO_CHLPN,THIO_CHLCV,THI2_CORNE,TRX2_YEAST,TRX1_YEAST,THIO_GRIPA,THIM_CHLRE,THIM_ORYSA,THIM_MAIZE,THIM_PEA,THIM_SPIOL,THM4_ARATH,THIM_BRANA,THM2_ARATH)
Align: (THIO_MYCGA) (THIO_COPCM,THIO_MYCGE,THIO_MYCPN,THIO_BUCAI,THIO_RHORU,THIO_CHLPN,THIO_CHLCV,THI2_CORNE,TRX2_YEAST,TRX1_YEAST,THIO_GRIPA,THIM_CHLRE,THIM_ORYSA,THIM_MAIZE,THIM_PEA,THIM_SPIOL,THM4_ARATH,THIM_BRANA,THM2_ARATH)
Align: (THIO_ECHGR) (THIO_MYCGA,THIO_COPCM,THIO_MYCGE,THIO_MYCPN,THIO_BUCAI,THIO_RHORU,THIO_CHLPN,THIO_CHLCV,THI2_CORNE,TRX2_YEAST,TRX1_YEAST,THIO_GRIPA,THIM_CHLRE,THIM_ORYSA,THIM_MAIZE,THIM_PEA,THIM_SPIOL,THM4_ARATH,THIM_BRANA,THM2_ARATH)
Align: (THIO_EMENI) (THIO_ECHGR,THIO_MYCGA,THIO_COPCM,THIO_MYCGE,THIO_MYCPN,THIO_BUCAI,THIO_RHORU,THIO_CHLPN,THIO_CHLCV,THI2_CORNE,TRX2_YEAST,TRX1_YEAST,THIO_GRIPA,THIM_CHLRE,THIM_ORYSA,THIM_MAIZE,THIM_PEA,THIM_SPIOL,THM4_ARATH,THIM_BRANA,THM2_ARATH)
Align: (TXN4_HUMAN) (THIO_EMENI,THIO_ECHGR,THIO_MYCGA,THIO_COPCM,THIO_MYCGE,THIO_MYCPN,THIO_BUCAI,THIO_RHORU,THIO_CHLPN,THIO_CHLCV,THI2_CORNE,TRX2_YEAST,TRX1_YEAST,THIO_GRIPA,THIM_CHLRE,THIM_ORYSA,THIM_MAIZE,THIM_PEA,THIM_SPIOL,THM4_ARATH,THIM_BRANA,THM2_ARATH)
Align: (THI3_DICDI) (TXN4_HUMAN,THIO_EMENI,THIO_ECHGR,THIO_MYCGA,THIO_COPCM,THIO_MYCGE,THIO_MYCPN,THIO_BUCAI,THIO_RHORU,THIO_CHLPN,THIO_CHLCV,THI2_CORNE,TRX2_YEAST,TRX1_YEAST,THIO_GRIPA,THIM_CHLRE,THIM_ORYSA,THIM_MAIZE,THIM_PEA,THIM_SPIOL,THM4_ARATH,THIM_BRANA,THM2_ARATH)
Align: (CCMG_PARDE) (HELX_RHOCA)
Align: (TYPX_TRYBB) (CCMG_PARDE,HELX_RHOCA)
Align: (THI3_DICDI,TXN4_HUMAN,THIO_EMENI,THIO_ECHGR,THIO_MYCGA,THIO_COPCM,THIO_MYCGE,THIO_MYCPN,THIO_BUCAI,THIO_RHORU,THIO_CHLPN,THIO_CHLCV,THI2_CORNE,TRX2_YEAST,TRX1_YEAST,THIO_GRIPA,THIM_CHLRE,THIM_ORYSA,THIM_MAIZE,THIM_PEA,THIM_SPIOL,THM4_ARATH,THIM_BRANA,THM2_ARATH) (TYPX_TRYBB,CCMG_PARDE,HELX_RHOCA)
Align: (1mek_) (THI3_DICDI,TXN4_HUMAN,THIO_EMENI,THIO_ECHGR,THIO_MYCGA,THIO_COPCM,THIO_MYCGE,THIO_MYCPN,THIO_BUCAI,THIO_RHORU,THIO_CHLPN,THIO_CHLCV,THI2_CORNE,TRX2_YEAST,TRX1_YEAST,THIO_GRIPA,THIM_CHLRE,THIM_ORYSA,THIM_MAIZE,THIM_PEA,THIM_SPIOL,THM4_ARATH,THIM_BRANA,THM2_ARATH,TYPX_TRYBB,CCMG_PARDE,HELX_RHOCA)
Align: (DSBE_XYLFA,1kng_A,CYCY_RHILV,DSBE_PSEFL,DSBE_PSEAE,DSBE_CHRVI,DSBE_VIBCH,DSBE_YERPE,DSBE_PANCI,DSBE_ECOLI,DSBE_HAEIN,DSBE_PASMU,NRFX_HAEIN,NRFX_PASMU) (1mek_,THI3_DICDI,TXN4_HUMAN,THIO_EMENI,THIO_ECHGR,THIO_MYCGA,THIO_COPCM,THIO_MYCGE,THIO_MYCPN,THIO_BUCAI,THIO_RHORU,THIO_CHLPN,THIO_CHLCV,THI2_CORNE,TRX2_YEAST,TRX1_YEAST,THIO_GRIPA,THIM_CHLRE,THIM_ORYSA,THIM_MAIZE,THIM_PEA,THIM_SPIOL,THM4_ARATH,THIM_BRANA,THM2_ARATH,TYPX_TRYBB,CCMG_PARDE,HELX_RHOCA)
Align: (RESA_OCEIH,RESA_BACHD,RESA_BACAA,RESA_BACSU) (DSBE_XYLFA,1kng_A,CYCY_RHILV,DSBE_PSEFL,DSBE_PSEAE,DSBE_CHRVI,DSBE_VIBCH,DSBE_YERPE,DSBE_PANCI,DSBE_ECOLI,DSBE_HAEIN,DSBE_PASMU,NRFX_HAEIN,NRFX_PASMU,1mek_,THI3_DICDI,TXN4_HUMAN,THIO_EMENI,THIO_ECHGR,THIO_MYCGA,THIO_COPCM,THIO_MYCGE,THIO_MYCPN,THIO_BUCAI,THIO_RHORU,THIO_CHLPN,THIO_CHLCV,THI2_CORNE,TRX2_YEAST,TRX1_YEAST,THIO_GRIPA,THIM_CHLRE,THIM_ORYSA,THIM_MAIZE,THIM_PEA,THIM_SPIOL,THM4_ARATH,THIM_BRANA,THM2_ARATH,TYPX_TRYBB,CCMG_PARDE,HELX_RHOCA)
Align: (THIO_ICTPU,THH1_TOBAC,THH1_ARATH,THH2_TOBAC) (RESA_OCEIH,RESA_BACHD,RESA_BACAA,RESA_BACSU,DSBE_XYLFA,1kng_A,CYCY_RHILV,DSBE_PSEFL,DSBE_PSEAE,DSBE_CHRVI,DSBE_VIBCH,DSBE_YERPE,DSBE_PANCI,DSBE_ECOLI,DSBE_HAEIN,DSBE_PASMU,NRFX_HAEIN,NRFX_PASMU,1mek_,THI3_DICDI,TXN4_HUMAN,THIO_EMENI,THIO_ECHGR,THIO_MYCGA,THIO_COPCM,THIO_MYCGE,THIO_MYCPN,THIO_BUCAI,THIO_RHORU,THIO_CHLPN,THIO_CHLCV,THI2_CORNE,TRX2_YEAST,TRX1_YEAST,THIO_GRIPA,THIM_CHLRE,THIM_ORYSA,THIM_MAIZE,THIM_PEA,THIM_SPIOL,THM4_ARATH,THIM_BRANA,THM2_ARATH,TYPX_TRYBB,CCMG_PARDE,HELX_RHOCA)
Align: (SH3B_DROME,SH3M_HUMAN,SH3L_HUMAN,SH3B_HUMAN) (THIO_ICTPU,THH1_TOBAC,THH1_ARATH,THH2_TOBAC,RESA_OCEIH,RESA_BACHD,RESA_BACAA,RESA_BACSU,DSBE_XYLFA,1kng_A,CYCY_RHILV,DSBE_PSEFL,DSBE_PSEAE,DSBE_CHRVI,DSBE_VIBCH,DSBE_YERPE,DSBE_PANCI,DSBE_ECOLI,DSBE_HAEIN,DSBE_PASMU,NRFX_HAEIN,NRFX_PASMU,1mek_,THI3_DICDI,TXN4_HUMAN,THIO_EMENI,THIO_ECHGR,THIO_MYCGA,THIO_COPCM,THIO_MYCGE,THIO_MYCPN,THIO_BUCAI,THIO_RHORU,THIO_CHLPN,THIO_CHLCV,THI2_CORNE,TRX2_YEAST,TRX1_YEAST,THIO_GRIPA,THIM_CHLRE,THIM_ORYSA,THIM_MAIZE,THIM_PEA,THIM_SPIOL,THM4_ARATH,THIM_BRANA,THM2_ARATH,TYPX_TRYBB,CCMG_PARDE,HELX_RHOCA)
Align: (TXL2_HUMAN,GLRX_CHICK,1b4q_A,GLRX_BOVIN) (SH3B_DROME,SH3M_HUMAN,SH3L_HUMAN,SH3B_HUMAN,THIO_ICTPU,THH1_TOBAC,THH1_ARATH,THH2_TOBAC,RESA_OCEIH,RESA_BACHD,RESA_BACAA,RESA_BACSU,DSBE_XYLFA,1kng_A,CYCY_RHILV,DSBE_PSEFL,DSBE_PSEAE,DSBE_CHRVI,DSBE_VIBCH,DSBE_YERPE,DSBE_PANCI,DSBE_ECOLI,DSBE_HAEIN,DSBE_PASMU,NRFX_HAEIN,NRFX_PASMU,1mek_,THI3_DICDI,TXN4_HUMAN,THIO_EMENI,THIO_ECHGR,THIO_MYCGA,THIO_COPCM,THIO_MYCGE,THIO_MYCPN,THIO_BUCAI,THIO_RHORU,THIO_CHLPN,THIO_CHLCV,THI2_CORNE,TRX2_YEAST,TRX1_YEAST,THIO_GRIPA,THIM_CHLRE,THIM_ORYSA,THIM_MAIZE,THIM_PEA,THIM_SPIOL,THM4_ARATH,THIM_BRANA,THM2_ARATH,TYPX_TRYBB,CCMG_PARDE,HELX_RHOCA)
Align: (1j0f_A,SH3N_HUMAN) (TXL2_HUMAN,GLRX_CHICK,1b4q_A,GLRX_BOVIN,SH3B_DROME,SH3M_HUMAN,SH3L_HUMAN,SH3B_HUMAN,THIO_ICTPU,THH1_TOBAC,THH1_ARATH,THH2_TOBAC,RESA_OCEIH,RESA_BACHD,RESA_BACAA,RESA_BACSU,DSBE_XYLFA,1kng_A,CYCY_RHILV,DSBE_PSEFL,DSBE_PSEAE,DSBE_CHRVI,DSBE_VIBCH,DSBE_YERPE,DSBE_PANCI,DSBE_ECOLI,DSBE_HAEIN,DSBE_PASMU,NRFX_HAEIN,NRFX_PASMU,1mek_,THI3_DICDI,TXN4_HUMAN,THIO_EMENI,THIO_ECHGR,THIO_MYCGA,THIO_COPCM,THIO_MYCGE,THIO_MYCPN,THIO_BUCAI,THIO_RHORU,THIO_CHLPN,THIO_CHLCV,THI2_CORNE,TRX2_YEAST,TRX1_YEAST,THIO_GRIPA,THIM_CHLRE,THIM_ORYSA,THIM_MAIZE,THIM_PEA,THIM_SPIOL,THM4_ARATH,THIM_BRANA,THM2_ARATH,TYPX_TRYBB,CCMG_PARDE,HELX_RHOCA)
Align: (1grx_,GLRX_HAEIN,GLR1_SALTY,GLRX_RICPR,1fov_A,GLR3_ECOLI,GLRX_PSEAE,GLRX_NEIMA,GLR2_SCHPO,GLR1_SCHPO,GLRX_ORYSA,GLRX_LYCES,GLRX_RICCO,GLRX_VERFO) (1j0f_A,SH3N_HUMAN,TXL2_HUMAN,GLRX_CHICK,1b4q_A,GLRX_BOVIN,SH3B_DROME,SH3M_HUMAN,SH3L_HUMAN,SH3B_HUMAN,THIO_ICTPU,THH1_TOBAC,THH1_ARATH,THH2_TOBAC,RESA_OCEIH,RESA_BACHD,RESA_BACAA,RESA_BACSU,DSBE_XYLFA,1kng_A,CYCY_RHILV,DSBE_PSEFL,DSBE_PSEAE,DSBE_CHRVI,DSBE_VIBCH,DSBE_YERPE,DSBE_PANCI,DSBE_ECOLI,DSBE_HAEIN,DSBE_PASMU,NRFX_HAEIN,NRFX_PASMU,1mek_,THI3_DICDI,TXN4_HUMAN,THIO_EMENI,THIO_ECHGR,THIO_MYCGA,THIO_COPCM,THIO_MYCGE,THIO_MYCPN,THIO_BUCAI,THIO_RHORU,THIO_CHLPN,THIO_CHLCV,THI2_CORNE,TRX2_YEAST,TRX1_YEAST,THIO_GRIPA,THIM_CHLRE,THIM_ORYSA,THIM_MAIZE,THIM_PEA,THIM_SPIOL,THM4_ARATH,THIM_BRANA,THM2_ARATH,TYPX_TRYBB,CCMG_PARDE,HELX_RHOCA)
Elapsed time 00:00:00  Peak memory use   20 MB(-4%)  Iteration   1 Align node
Elapsed time 00:00:00  Peak memory use   20 MB(-4%)  Iteration   1 Root alignment
Elapsed time 00:00:00  Peak memory use   21 MB(-4%)  Iteration   2 Refine tree
Elapsed time 00:00:00  Peak memory use   21 MB(-4%)  Iteration   2 Root alignment
Elapsed time 00:00:00  Peak memory use   21 MB(-4%)  Iteration   2 Root alignment
Anchor columns found       2
DP area saved by anchors   61.8%
Elapsed time 00:00:00  Peak memory use   21 MB(-4%)  Iteration   3 Refine biparts
Elapsed time 00:00:00  Peak memory use   21 MB(-4%)  Iteration   4 Refine biparts
Elapsed time 00:00:00  Peak memory use   21 MB(-4%)  Iteration   5 Refine biparts
Elapsed time 00:00:00  Peak memory use   21 MB(-4%)  Iteration   5 Refine biparts
Elapsed time 00:00:01  Peak memory use   21 MB(-4%)  Iteration   6 Refine biparts
Elapsed time 00:00:01  Peak memory use   21 MB(-4%)  Iteration   7 Refine biparts
Elapsed time 00:00:01  Peak memory use   21 MB(-4%)  Iteration   8 Refine biparts
Elapsed time 00:00:01  Peak memory use   21 MB(-4%)  Iteration   8 Refine biparts
Elapsed time 00:00:01  Peak memory use   21 MB(-4%)  Iteration   9 Refine biparts
Elapsed time 00:00:02  Peak memory use   21 MB(-4%)  Iteration  10 Refine biparts
Finished Mon Feb 26 12:18:16 2018
2018-02-26 12:18:16,053724244
