2018-02-26 12:17:24,375099424
Started Mon Feb 26 12:17:24 2018
../muscle3.8.31_i86linux64 -in BaliRef3/seq/BB30008.tfa -out BaliRef3/seq/BB30008.afa -loga BaliRef3/seq/BB30008.log -verbose 
Alphabet Amino

MUSCLE v3.8.31 by Robert C. Edgar
http://www.drive5.com/muscle

Profile-profile score    LE
Max iterations           8
Max trees                1
Max time                 (No limit)
Max MB                   4294966914
Gap open                 -2.9
Gap extend (dimer)       0
Gap ambig factor         0
Gap ambig penalty        -0
Center (LE)              -0.52
Term gaps                Half
Smooth window length     7
Refine window length     200
Min anchor spacing       32
Min diag length (lambda) 24
Diag margin (mu)         5
Min diag break           1
Hydrophobic window       5
Hydrophobic gap factor   1.2
Smooth score ceiling     3
Min best col score       2
Min anchor score         1
SUEFF                    0.1
Brenner root MSA         False
Normalize counts         True
Diagonals (1)            False
Diagonals (2)            False
Anchors                  True
MSF output format        False
Phylip interleaved       False
Phylip sequential        False
ClustalW output format   False
Catch exceptions         True
Quiet                    False
Refine                   False
ProdfDB                  False
Low complexity profiles  True
Objective score          SPM
Distance method (1)      Kmer6_6
Clustering method (1)    UPGMB
Root method (1)          Pseudo
Sequence weighting (1)   ClustalW
Distance method (2)      PctIdKimura
Clustering method (2)    UPGMB
Root method (2)          Pseudo
Sequence weighting (2)   ClustalW

36 seqs, max length 1155, avg  length 526
Elapsed time 00:00:00  Peak memory use   10 MB(-2%)  Iteration   1 K-mer dist pass 1
Elapsed time 00:00:00  Peak memory use   10 MB(-2%)  Iteration   1 K-mer dist pass 2
Align: (EF11_DROME) (EF1A_HYDAT)
Align: (1f60_A) (EF1A_ONCVO)
Align: (EF11_DROME,EF1A_HYDAT) (1f60_A,EF1A_ONCVO)
Align: (EF1A_DICDI) (EF1A_ARATH)
Align: (EF11_DROME,EF1A_HYDAT,1f60_A,EF1A_ONCVO) (EF1A_DICDI,EF1A_ARATH)
Align: (EF1C_PORPU) (EF11_DROME,EF1A_HYDAT,1f60_A,EF1A_ONCVO,EF1A_DICDI,EF1A_ARATH)
Align: (EF1A_TRYBB) (EF1C_PORPU,EF11_DROME,EF1A_HYDAT,1f60_A,EF1A_ONCVO,EF1A_DICDI,EF1A_ARATH)
Align: (EF1A_TETPY) (EF1A_TRYBB,EF1C_PORPU,EF11_DROME,EF1A_HYDAT,1f60_A,EF1A_ONCVO,EF1A_DICDI,EF1A_ARATH)
Align: (EF1A_STYLE) (EF1A_TETPY,EF1A_TRYBB,EF1C_PORPU,EF11_DROME,EF1A_HYDAT,1f60_A,EF1A_ONCVO,EF1A_DICDI,EF1A_ARATH)
Align: (EF1A_AERPE) (EF1A_DESMO)
Align: (EF1A_METKA) (EF1A_METTH)
Align: (EF1A_METJA) (EF1A_METKA,EF1A_METTH)
Align: (EF1A_AERPE,EF1A_DESMO) (EF1A_METJA,EF1A_METKA,EF1A_METTH)
Align: (EF1A_PYRAE) (EF1A_AERPE,EF1A_DESMO,EF1A_METJA,EF1A_METKA,EF1A_METTH)
Align: (EF1A_STYLE,EF1A_TETPY,EF1A_TRYBB,EF1C_PORPU,EF11_DROME,EF1A_HYDAT,1f60_A,EF1A_ONCVO,EF1A_DICDI,EF1A_ARATH) (EF1A_PYRAE,EF1A_AERPE,EF1A_DESMO,EF1A_METJA,EF1A_METKA,EF1A_METTH)
Align: (IF2P_PYRHO) (IF2P_PYRFU)
Align: (IF2P_PYRAB) (IF2P_PYRHO,IF2P_PYRFU)
Align: (1g7r_A) (IF2P_PYRAB,IF2P_PYRHO,IF2P_PYRFU)
Align: (IF2P_METJA) (1g7r_A,IF2P_PYRAB,IF2P_PYRHO,IF2P_PYRFU)
Align: (IF2G_HUMAN) (IF2G_DROME)
Align: (IF2G_SCHPO) (IF2G_HUMAN,IF2G_DROME)
Align: (IF2G_YEAST) (IF2G_SCHPO,IF2G_HUMAN,IF2G_DROME)
Align: (IF2G_ENCCU) (IF2G_YEAST,IF2G_SCHPO,IF2G_HUMAN,IF2G_DROME)
Align: (IF2G_METTH) (IF2G_METJA)
Align: (1kjz_A) (IF2G_METTH,IF2G_METJA)
Align: (IF2G_METKA) (1kjz_A,IF2G_METTH,IF2G_METJA)
Align: (IF2G_METAC) (IF2G_METKA,1kjz_A,IF2G_METTH,IF2G_METJA)
Align: (IF2G_AERPE) (IF2G_METAC,IF2G_METKA,1kjz_A,IF2G_METTH,IF2G_METJA)
Align: (IF2G_HALSA) (IF2G_AERPE,IF2G_METAC,IF2G_METKA,1kjz_A,IF2G_METTH,IF2G_METJA)
Align: (IF2G_ARCFU) (IF2G_HALSA,IF2G_AERPE,IF2G_METAC,IF2G_METKA,1kjz_A,IF2G_METTH,IF2G_METJA)
Align: (IF2G_THEAC) (IF2G_ARCFU,IF2G_HALSA,IF2G_AERPE,IF2G_METAC,IF2G_METKA,1kjz_A,IF2G_METTH,IF2G_METJA)
Align: (IF2G_ENCCU,IF2G_YEAST,IF2G_SCHPO,IF2G_HUMAN,IF2G_DROME) (IF2G_THEAC,IF2G_ARCFU,IF2G_HALSA,IF2G_AERPE,IF2G_METAC,IF2G_METKA,1kjz_A,IF2G_METTH,IF2G_METJA)
Align: (IF2P_METJA,1g7r_A,IF2P_PYRAB,IF2P_PYRHO,IF2P_PYRFU) (IF2G_ENCCU,IF2G_YEAST,IF2G_SCHPO,IF2G_HUMAN,IF2G_DROME,IF2G_THEAC,IF2G_ARCFU,IF2G_HALSA,IF2G_AERPE,IF2G_METAC,IF2G_METKA,1kjz_A,IF2G_METTH,IF2G_METJA)
Align: (IF2P_YEAST) (IF2P_METJA,1g7r_A,IF2P_PYRAB,IF2P_PYRHO,IF2P_PYRFU,IF2G_ENCCU,IF2G_YEAST,IF2G_SCHPO,IF2G_HUMAN,IF2G_DROME,IF2G_THEAC,IF2G_ARCFU,IF2G_HALSA,IF2G_AERPE,IF2G_METAC,IF2G_METKA,1kjz_A,IF2G_METTH,IF2G_METJA)
Align: (EF1A_STYLE,EF1A_TETPY,EF1A_TRYBB,EF1C_PORPU,EF11_DROME,EF1A_HYDAT,1f60_A,EF1A_ONCVO,EF1A_DICDI,EF1A_ARATH,EF1A_PYRAE,EF1A_AERPE,EF1A_DESMO,EF1A_METJA,EF1A_METKA,EF1A_METTH) (IF2P_YEAST,IF2P_METJA,1g7r_A,IF2P_PYRAB,IF2P_PYRHO,IF2P_PYRFU,IF2G_ENCCU,IF2G_YEAST,IF2G_SCHPO,IF2G_HUMAN,IF2G_DROME,IF2G_THEAC,IF2G_ARCFU,IF2G_HALSA,IF2G_AERPE,IF2G_METAC,IF2G_METKA,1kjz_A,IF2G_METTH,IF2G_METJA)
Elapsed time 00:00:00  Peak memory use   25 MB(-5%)  Iteration   1 Align node
Elapsed time 00:00:00  Peak memory use   25 MB(-5%)  Iteration   1 Root alignment
Elapsed time 00:00:01  Peak memory use   25 MB(-5%)  Iteration   2 Refine tree
Elapsed time 00:00:01  Peak memory use   25 MB(-5%)  Iteration   2 Root alignment
Elapsed time 00:00:01  Peak memory use   25 MB(-5%)  Iteration   2 Root alignment
Anchor columns found       11
DP area saved by anchors   74.3%
Elapsed time 00:00:01  Peak memory use   25 MB(-5%)  Iteration   3 Refine biparts
Elapsed time 00:00:01  Peak memory use   25 MB(-5%)  Iteration   4 Refine biparts
Elapsed time 00:00:01  Peak memory use   25 MB(-5%)  Iteration   5 Refine biparts
Elapsed time 00:00:01  Peak memory use   25 MB(-5%)  Iteration   5 Refine biparts
Elapsed time 00:00:01  Peak memory use   25 MB(-5%)  Iteration   6 Refine biparts
Elapsed time 00:00:01  Peak memory use   25 MB(-5%)  Iteration   7 Refine biparts
Elapsed time 00:00:01  Peak memory use   25 MB(-5%)  Iteration   8 Refine biparts
Elapsed time 00:00:01  Peak memory use   25 MB(-5%)  Iteration   8 Refine biparts
Elapsed time 00:00:01  Peak memory use   25 MB(-5%)  Iteration   9 Refine biparts
Elapsed time 00:00:01  Peak memory use   25 MB(-5%)  Iteration  10 Refine biparts
Elapsed time 00:00:01  Peak memory use   25 MB(-5%)  Iteration  11 Refine biparts
Elapsed time 00:00:01  Peak memory use   25 MB(-5%)  Iteration  12 Refine biparts
Elapsed time 00:00:01  Peak memory use   25 MB(-5%)  Iteration  13 Refine biparts
Elapsed time 00:00:01  Peak memory use   25 MB(-5%)  Iteration  13 Refine biparts
Elapsed time 00:00:02  Peak memory use   25 MB(-5%)  Iteration  14 Refine biparts
Elapsed time 00:00:02  Peak memory use   25 MB(-5%)  Iteration  15 Refine biparts
Elapsed time 00:00:02  Peak memory use   25 MB(-5%)  Iteration  16 Refine biparts
Elapsed time 00:00:02  Peak memory use   25 MB(-5%)  Iteration  17 Refine biparts
Elapsed time 00:00:02  Peak memory use   25 MB(-5%)  Iteration  18 Refine biparts
Elapsed time 00:00:02  Peak memory use   25 MB(-5%)  Iteration  19 Refine biparts
Elapsed time 00:00:02  Peak memory use   25 MB(-5%)  Iteration  20 Refine biparts
Elapsed time 00:00:02  Peak memory use   25 MB(-5%)  Iteration  20 Refine biparts
Elapsed time 00:00:02  Peak memory use   25 MB(-5%)  Iteration  21 Refine biparts
Elapsed time 00:00:02  Peak memory use   25 MB(-5%)  Iteration  22 Refine biparts
Elapsed time 00:00:02  Peak memory use   25 MB(-5%)  Iteration  23 Refine biparts
Elapsed time 00:00:02  Peak memory use   25 MB(-5%)  Iteration  24 Refine biparts
Elapsed time 00:00:02  Peak memory use   25 MB(-5%)  Iteration  25 Refine biparts
Elapsed time 00:00:02  Peak memory use   25 MB(-5%)  Iteration  25 Refine biparts
Elapsed time 00:00:02  Peak memory use   25 MB(-5%)  Iteration  26 Refine biparts
Elapsed time 00:00:02  Peak memory use   25 MB(-5%)  Iteration  27 Refine biparts
Elapsed time 00:00:02  Peak memory use   25 MB(-5%)  Iteration  28 Refine biparts
Elapsed time 00:00:02  Peak memory use   25 MB(-5%)  Iteration  29 Refine biparts
Elapsed time 00:00:02  Peak memory use   25 MB(-5%)  Iteration  30 Refine biparts
Elapsed time 00:00:02  Peak memory use   25 MB(-5%)  Iteration  30 Refine biparts
Elapsed time 00:00:02  Peak memory use   25 MB(-5%)  Iteration  31 Refine biparts
Elapsed time 00:00:02  Peak memory use   25 MB(-5%)  Iteration  32 Refine biparts
Finished Mon Feb 26 12:17:26 2018
2018-02-26 12:17:26,297256777
