2018-02-26 12:43:46,636539076
Started Mon Feb 26 12:43:46 2018
../muscle3.8.31_i86linux64 -in BaliRef3/seq/BB30017.tfa -out BaliRef3/seq/BB30017.afa -distance1 kmer20_4 -loga BaliRef3/seq/BB30017.log -verbose 
Alphabet Amino

MUSCLE v3.8.31 by Robert C. Edgar
http://www.drive5.com/muscle

Profile-profile score    LE
Max iterations           8
Max trees                1
Max time                 (No limit)
Max MB                   4294966914
Gap open                 -2.9
Gap extend (dimer)       0
Gap ambig factor         0
Gap ambig penalty        -0
Center (LE)              -0.52
Term gaps                Half
Smooth window length     7
Refine window length     200
Min anchor spacing       32
Min diag length (lambda) 24
Diag margin (mu)         5
Min diag break           1
Hydrophobic window       5
Hydrophobic gap factor   1.2
Smooth score ceiling     3
Min best col score       2
Min anchor score         1
SUEFF                    0.1
Brenner root MSA         False
Normalize counts         True
Diagonals (1)            False
Diagonals (2)            False
Anchors                  True
MSF output format        False
Phylip interleaved       False
Phylip sequential        False
ClustalW output format   False
Catch exceptions         True
Quiet                    False
Refine                   False
ProdfDB                  False
Low complexity profiles  True
Objective score          SPM
Distance method (1)      Kmer20_4
Clustering method (1)    UPGMB
Root method (1)          Pseudo
Sequence weighting (1)   ClustalW
Distance method (2)      PctIdKimura
Clustering method (2)    UPGMB
Root method (2)          Pseudo
Sequence weighting (2)   ClustalW

15 seqs, max length 370, avg  length 313
Align: (MODA_AZOVI) (MODA_RHOCA)
Align: (1atg_) (MODA_AZOVI,MODA_RHOCA)
Align: (SUBI_SYNP7) (SUBI_SYNY3)
Align: (1sbp_) (CYSP_ECOLI)
Align: (SUBI_SYNP7,SUBI_SYNY3) (1sbp_,CYSP_ECOLI)
Align: (1atg_,MODA_AZOVI,MODA_RHOCA) (SUBI_SYNP7,SUBI_SYNY3,1sbp_,CYSP_ECOLI)
Align: (1pot_) (POT1_HAEIN)
Align: (POT2_HAEIN) (1pot_,POT1_HAEIN)
Align: (POTF_ECOLI) (POT2_HAEIN,1pot_,POT1_HAEIN)
Align: (1mrp_) (FBPA_NEIMA)
Align: (FBPA_SERMA) (1mrp_,FBPA_NEIMA)
Align: (POTF_ECOLI,POT2_HAEIN,1pot_,POT1_HAEIN) (FBPA_SERMA,1mrp_,FBPA_NEIMA)
Align: (1atg_,MODA_AZOVI,MODA_RHOCA,SUBI_SYNP7,SUBI_SYNY3,1sbp_,CYSP_ECOLI) (POTF_ECOLI,POT2_HAEIN,1pot_,POT1_HAEIN,FBPA_SERMA,1mrp_,FBPA_NEIMA)
Align: (1wod_) (1atg_,MODA_AZOVI,MODA_RHOCA,SUBI_SYNP7,SUBI_SYNY3,1sbp_,CYSP_ECOLI,POTF_ECOLI,POT2_HAEIN,1pot_,POT1_HAEIN,FBPA_SERMA,1mrp_,FBPA_NEIMA)
Elapsed time 00:00:00  Peak memory use   15 MB(-3%)  Iteration   1 Align node
Elapsed time 00:00:00  Peak memory use   15 MB(-3%)  Iteration   1 Root alignment
Elapsed time 00:00:00  Peak memory use   15 MB(-3%)  Iteration   2 Refine tree
Elapsed time 00:00:00  Peak memory use   15 MB(-3%)  Iteration   2 Root alignment
Elapsed time 00:00:00  Peak memory use   15 MB(-3%)  Iteration   2 Root alignment
Anchor columns found       2
DP area saved by anchors   53.9%
Elapsed time 00:00:00  Peak memory use   15 MB(-3%)  Iteration   3 Refine biparts
Elapsed time 00:00:00  Peak memory use   15 MB(-3%)  Iteration   4 Refine biparts
Elapsed time 00:00:00  Peak memory use   15 MB(-3%)  Iteration   5 Refine biparts
Elapsed time 00:00:00  Peak memory use   15 MB(-3%)  Iteration   5 Refine biparts
Elapsed time 00:00:00  Peak memory use   15 MB(-3%)  Iteration   6 Refine biparts
Elapsed time 00:00:00  Peak memory use   15 MB(-3%)  Iteration   7 Refine biparts
Elapsed time 00:00:00  Peak memory use   15 MB(-3%)  Iteration   8 Refine biparts
Elapsed time 00:00:00  Peak memory use   15 MB(-3%)  Iteration   8 Refine biparts
Elapsed time 00:00:00  Peak memory use   15 MB(-3%)  Iteration   9 Refine biparts
Elapsed time 00:00:00  Peak memory use   15 MB(-3%)  Iteration  10 Refine biparts
Elapsed time 00:00:00  Peak memory use   15 MB(-3%)  Iteration  11 Refine biparts
Elapsed time 00:00:00  Peak memory use   15 MB(-3%)  Iteration  11 Refine biparts
Finished Mon Feb 26 12:43:46 2018
2018-02-26 12:43:46,894700743
