2018-02-26 12:48:26,628469618
Started Mon Feb 26 12:48:26 2018
../muscle3.8.31_i86linux64 -in BaliRef3/seq/BB30001.tfa -out BaliRef3/seq/BB30001.afa -distance1 kmer20_3 -loga BaliRef3/seq/BB30001.log -verbose 
Alphabet Amino

MUSCLE v3.8.31 by Robert C. Edgar
http://www.drive5.com/muscle

Profile-profile score    LE
Max iterations           8
Max trees                1
Max time                 (No limit)
Max MB                   4294966914
Gap open                 -2.9
Gap extend (dimer)       0
Gap ambig factor         0
Gap ambig penalty        -0
Center (LE)              -0.52
Term gaps                Half
Smooth window length     7
Refine window length     200
Min anchor spacing       32
Min diag length (lambda) 24
Diag margin (mu)         5
Min diag break           1
Hydrophobic window       5
Hydrophobic gap factor   1.2
Smooth score ceiling     3
Min best col score       2
Min anchor score         1
SUEFF                    0.1
Brenner root MSA         False
Normalize counts         True
Diagonals (1)            False
Diagonals (2)            False
Anchors                  True
MSF output format        False
Phylip interleaved       False
Phylip sequential        False
ClustalW output format   False
Catch exceptions         True
Quiet                    False
Refine                   False
ProdfDB                  False
Low complexity profiles  True
Objective score          SPM
Distance method (1)      Kmer20_3
Clustering method (1)    UPGMB
Root method (1)          Pseudo
Sequence weighting (1)   ClustalW
Distance method (2)      PctIdKimura
Clustering method (2)    UPGMB
Root method (2)          Pseudo
Sequence weighting (2)   ClustalW

116 seqs, max length 800, avg  length 468
Elapsed time 00:00:00  Peak memory use   12 MB(-3%)  Iteration   1 
Align: (PROA_HELHP) (1ad3_A)
Align: (PROA_STRTR) (PROA_HELHP,1ad3_A)
Align: (PROA_ANASP) (PROA_STRTR,PROA_HELHP,1ad3_A)
Align: (PROA_LACPL) (PROA_ANASP,PROA_STRTR,PROA_HELHP,1ad3_A)
Align: (FEAB_ECOLI) (PROA_LACPL,PROA_ANASP,PROA_STRTR,PROA_HELHP,1ad3_A)
Align: (PROA_ENTFA) (DHAL_ENCBU)
Align: (DHA6_YEAST) (PROA_ENTFA,DHAL_ENCBU)
Align: (PROA_DEIRA) (DHA6_YEAST,PROA_ENTFA,DHAL_ENCBU)
Align: (DHAY_YEAST) (PROA_DEIRA,DHA6_YEAST,PROA_ENTFA,DHAL_ENCBU)
Align: (FEAB_ECOLI,PROA_LACPL,PROA_ANASP,PROA_STRTR,PROA_HELHP,1ad3_A) (DHAY_YEAST,PROA_DEIRA,DHA6_YEAST,PROA_ENTFA,DHAL_ENCBU)
Align: (PROA_CAUCR) (FEAB_ECOLI,PROA_LACPL,PROA_ANASP,PROA_STRTR,PROA_HELHP,1ad3_A,DHAY_YEAST,PROA_DEIRA,DHA6_YEAST,PROA_ENTFA,DHAL_ENCBU)
Align: (1euh_A) (PROA_CAUCR,FEAB_ECOLI,PROA_LACPL,PROA_ANASP,PROA_STRTR,PROA_HELHP,1ad3_A,DHAY_YEAST,PROA_DEIRA,DHA6_YEAST,PROA_ENTFA,DHAL_ENCBU)
Align: (ROCA_BACSU) (1euh_A,PROA_CAUCR,FEAB_ECOLI,PROA_LACPL,PROA_ANASP,PROA_STRTR,PROA_HELHP,1ad3_A,DHAY_YEAST,PROA_DEIRA,DHA6_YEAST,PROA_ENTFA,DHAL_ENCBU)
Align: (PROA_BACAN) (DHA2_HUMAN)
Align: (PROA_OCEIH) (DHAM_LEITA)
Align: (PROA_PASMU) (PROA_OCEIH,DHAM_LEITA)
Align: (PROA_ECO57) (DHA6_HUMAN)
Align: (1o20_A) (DHA9_POLMI)
Align: (PROA_PSEAE) (1o20_A,DHA9_POLMI)
Align: (PROA_CHRVO) (PROA_PSEAE,1o20_A,DHA9_POLMI)
Align: (PROA_PROMM) (PROA_CHRVO,PROA_PSEAE,1o20_A,DHA9_POLMI)
Align: (PROA_PROMA) (PROA_PROMM,PROA_CHRVO,PROA_PSEAE,1o20_A,DHA9_POLMI)
Align: (PROA_PROMP) (PROA_PROMA,PROA_PROMM,PROA_CHRVO,PROA_PSEAE,1o20_A,DHA9_POLMI)
Align: (PROA_NITEU) (PROA_PROMP,PROA_PROMA,PROA_PROMM,PROA_CHRVO,PROA_PSEAE,1o20_A,DHA9_POLMI)
Align: (PROA_CLOTE) (PROA_NITEU,PROA_PROMP,PROA_PROMA,PROA_PROMM,PROA_CHRVO,PROA_PSEAE,1o20_A,DHA9_POLMI)
Align: (PROA_PHOLL) (PROA_CLOTE,PROA_NITEU,PROA_PROMP,PROA_PROMA,PROA_PROMM,PROA_CHRVO,PROA_PSEAE,1o20_A,DHA9_POLMI)
Align: (PROA_TREPA) (PROA_PHOLL,PROA_CLOTE,PROA_NITEU,PROA_PROMP,PROA_PROMA,PROA_PROMM,PROA_CHRVO,PROA_PSEAE,1o20_A,DHA9_POLMI)
Align: (PROA_THETN) (PROA_TREPA,PROA_PHOLL,PROA_CLOTE,PROA_NITEU,PROA_PROMP,PROA_PROMA,PROA_PROMM,PROA_CHRVO,PROA_PSEAE,1o20_A,DHA9_POLMI)
Align: (PROA_BACHD) (PROA_THETN,PROA_TREPA,PROA_PHOLL,PROA_CLOTE,PROA_NITEU,PROA_PROMP,PROA_PROMA,PROA_PROMM,PROA_CHRVO,PROA_PSEAE,1o20_A,DHA9_POLMI)
Align: (PROA_PSEPK) (PROA_BACHD,PROA_THETN,PROA_TREPA,PROA_PHOLL,PROA_CLOTE,PROA_NITEU,PROA_PROMP,PROA_PROMA,PROA_PROMM,PROA_CHRVO,PROA_PSEAE,1o20_A,DHA9_POLMI)
Align: (PROA_XYLFA) (PROA_PSEPK,PROA_BACHD,PROA_THETN,PROA_TREPA,PROA_PHOLL,PROA_CLOTE,PROA_NITEU,PROA_PROMP,PROA_PROMA,PROA_PROMM,PROA_CHRVO,PROA_PSEAE,1o20_A,DHA9_POLMI)
Align: (DHA1_BOVIN) (PROA_XYLFA,PROA_PSEPK,PROA_BACHD,PROA_THETN,PROA_TREPA,PROA_PHOLL,PROA_CLOTE,PROA_NITEU,PROA_PROMP,PROA_PROMA,PROA_PROMM,PROA_CHRVO,PROA_PSEAE,1o20_A,DHA9_POLMI)
Align: (PROA_MYCLE) (DHA1_BOVIN,PROA_XYLFA,PROA_PSEPK,PROA_BACHD,PROA_THETN,PROA_TREPA,PROA_PHOLL,PROA_CLOTE,PROA_NITEU,PROA_PROMP,PROA_PROMA,PROA_PROMM,PROA_CHRVO,PROA_PSEAE,1o20_A,DHA9_POLMI)
Align: (PROA_STRMU) (PROA_MYCLE,DHA1_BOVIN,PROA_XYLFA,PROA_PSEPK,PROA_BACHD,PROA_THETN,PROA_TREPA,PROA_PHOLL,PROA_CLOTE,PROA_NITEU,PROA_PROMP,PROA_PROMA,PROA_PROMM,PROA_CHRVO,PROA_PSEAE,1o20_A,DHA9_POLMI)
Align: (PROA_THET2) (PROA_STRMU,PROA_MYCLE,DHA1_BOVIN,PROA_XYLFA,PROA_PSEPK,PROA_BACHD,PROA_THETN,PROA_TREPA,PROA_PHOLL,PROA_CLOTE,PROA_NITEU,PROA_PROMP,PROA_PROMA,PROA_PROMM,PROA_CHRVO,PROA_PSEAE,1o20_A,DHA9_POLMI)
Align: (PROA_CLOPE) (PROA_THET2,PROA_STRMU,PROA_MYCLE,DHA1_BOVIN,PROA_XYLFA,PROA_PSEPK,PROA_BACHD,PROA_THETN,PROA_TREPA,PROA_PHOLL,PROA_CLOTE,PROA_NITEU,PROA_PROMP,PROA_PROMA,PROA_PROMM,PROA_CHRVO,PROA_PSEAE,1o20_A,DHA9_POLMI)
Align: (PROA_AQUAE) (PROA_CLOPE,PROA_THET2,PROA_STRMU,PROA_MYCLE,DHA1_BOVIN,PROA_XYLFA,PROA_PSEPK,PROA_BACHD,PROA_THETN,PROA_TREPA,PROA_PHOLL,PROA_CLOTE,PROA_NITEU,PROA_PROMP,PROA_PROMA,PROA_PROMM,PROA_CHRVO,PROA_PSEAE,1o20_A,DHA9_POLMI)
Align: (PROA_BACTN) (PROA_AQUAE,PROA_CLOPE,PROA_THET2,PROA_STRMU,PROA_MYCLE,DHA1_BOVIN,PROA_XYLFA,PROA_PSEPK,PROA_BACHD,PROA_THETN,PROA_TREPA,PROA_PHOLL,PROA_CLOTE,PROA_NITEU,PROA_PROMP,PROA_PROMA,PROA_PROMM,PROA_CHRVO,PROA_PSEAE,1o20_A,DHA9_POLMI)
Align: (PROA_CAMJE) (PROA_BACTN,PROA_AQUAE,PROA_CLOPE,PROA_THET2,PROA_STRMU,PROA_MYCLE,DHA1_BOVIN,PROA_XYLFA,PROA_PSEPK,PROA_BACHD,PROA_THETN,PROA_TREPA,PROA_PHOLL,PROA_CLOTE,PROA_NITEU,PROA_PROMP,PROA_PROMA,PROA_PROMM,PROA_CHRVO,PROA_PSEAE,1o20_A,DHA9_POLMI)
Align: (PROA_STRAW) (PROA_CAMJE,PROA_BACTN,PROA_AQUAE,PROA_CLOPE,PROA_THET2,PROA_STRMU,PROA_MYCLE,DHA1_BOVIN,PROA_XYLFA,PROA_PSEPK,PROA_BACHD,PROA_THETN,PROA_TREPA,PROA_PHOLL,PROA_CLOTE,PROA_NITEU,PROA_PROMP,PROA_PROMA,PROA_PROMM,PROA_CHRVO,PROA_PSEAE,1o20_A,DHA9_POLMI)
Align: (PROA_LISIN) (PROA_STRAW,PROA_CAMJE,PROA_BACTN,PROA_AQUAE,PROA_CLOPE,PROA_THET2,PROA_STRMU,PROA_MYCLE,DHA1_BOVIN,PROA_XYLFA,PROA_PSEPK,PROA_BACHD,PROA_THETN,PROA_TREPA,PROA_PHOLL,PROA_CLOTE,PROA_NITEU,PROA_PROMP,PROA_PROMA,PROA_PROMM,PROA_CHRVO,PROA_PSEAE,1o20_A,DHA9_POLMI)
Align: (PROA_SERMA) (PROA_LISIN,PROA_STRAW,PROA_CAMJE,PROA_BACTN,PROA_AQUAE,PROA_CLOPE,PROA_THET2,PROA_STRMU,PROA_MYCLE,DHA1_BOVIN,PROA_XYLFA,PROA_PSEPK,PROA_BACHD,PROA_THETN,PROA_TREPA,PROA_PHOLL,PROA_CLOTE,PROA_NITEU,PROA_PROMP,PROA_PROMA,PROA_PROMM,PROA_CHRVO,PROA_PSEAE,1o20_A,DHA9_POLMI)
Align: (PROA_CHLTE) (PROA_SERMA,PROA_LISIN,PROA_STRAW,PROA_CAMJE,PROA_BACTN,PROA_AQUAE,PROA_CLOPE,PROA_THET2,PROA_STRMU,PROA_MYCLE,DHA1_BOVIN,PROA_XYLFA,PROA_PSEPK,PROA_BACHD,PROA_THETN,PROA_TREPA,PROA_PHOLL,PROA_CLOTE,PROA_NITEU,PROA_PROMP,PROA_PROMA,PROA_PROMM,PROA_CHRVO,PROA_PSEAE,1o20_A,DHA9_POLMI)
Align: (ROCA_STAAM) (PROA_CHLTE,PROA_SERMA,PROA_LISIN,PROA_STRAW,PROA_CAMJE,PROA_BACTN,PROA_AQUAE,PROA_CLOPE,PROA_THET2,PROA_STRMU,PROA_MYCLE,DHA1_BOVIN,PROA_XYLFA,PROA_PSEPK,PROA_BACHD,PROA_THETN,PROA_TREPA,PROA_PHOLL,PROA_CLOTE,PROA_NITEU,PROA_PROMP,PROA_PROMA,PROA_PROMM,PROA_CHRVO,PROA_PSEAE,1o20_A,DHA9_POLMI)
Align: (PROA_LACLA) (ROCA_STAAM,PROA_CHLTE,PROA_SERMA,PROA_LISIN,PROA_STRAW,PROA_CAMJE,PROA_BACTN,PROA_AQUAE,PROA_CLOPE,PROA_THET2,PROA_STRMU,PROA_MYCLE,DHA1_BOVIN,PROA_XYLFA,PROA_PSEPK,PROA_BACHD,PROA_THETN,PROA_TREPA,PROA_PHOLL,PROA_CLOTE,PROA_NITEU,PROA_PROMP,PROA_PROMA,PROA_PROMM,PROA_CHRVO,PROA_PSEAE,1o20_A,DHA9_POLMI)
Align: (PROA_CLOAB) (PROA_LACLA,ROCA_STAAM,PROA_CHLTE,PROA_SERMA,PROA_LISIN,PROA_STRAW,PROA_CAMJE,PROA_BACTN,PROA_AQUAE,PROA_CLOPE,PROA_THET2,PROA_STRMU,PROA_MYCLE,DHA1_BOVIN,PROA_XYLFA,PROA_PSEPK,PROA_BACHD,PROA_THETN,PROA_TREPA,PROA_PHOLL,PROA_CLOTE,PROA_NITEU,PROA_PROMP,PROA_PROMA,PROA_PROMM,PROA_CHRVO,PROA_PSEAE,1o20_A,DHA9_POLMI)
Align: (PROA_BORBR) (PROA_CLOAB,PROA_LACLA,ROCA_STAAM,PROA_CHLTE,PROA_SERMA,PROA_LISIN,PROA_STRAW,PROA_CAMJE,PROA_BACTN,PROA_AQUAE,PROA_CLOPE,PROA_THET2,PROA_STRMU,PROA_MYCLE,DHA1_BOVIN,PROA_XYLFA,PROA_PSEPK,PROA_BACHD,PROA_THETN,PROA_TREPA,PROA_PHOLL,PROA_CLOTE,PROA_NITEU,PROA_PROMP,PROA_PROMA,PROA_PROMM,PROA_CHRVO,PROA_PSEAE,1o20_A,DHA9_POLMI)
Align: (PROA_COREF) (PROA_BORBR,PROA_CLOAB,PROA_LACLA,ROCA_STAAM,PROA_CHLTE,PROA_SERMA,PROA_LISIN,PROA_STRAW,PROA_CAMJE,PROA_BACTN,PROA_AQUAE,PROA_CLOPE,PROA_THET2,PROA_STRMU,PROA_MYCLE,DHA1_BOVIN,PROA_XYLFA,PROA_PSEPK,PROA_BACHD,PROA_THETN,PROA_TREPA,PROA_PHOLL,PROA_CLOTE,PROA_NITEU,PROA_PROMP,PROA_PROMA,PROA_PROMM,PROA_CHRVO,PROA_PSEAE,1o20_A,DHA9_POLMI)
Align: (PROA_HAEIN) (PROA_COREF,PROA_BORBR,PROA_CLOAB,PROA_LACLA,ROCA_STAAM,PROA_CHLTE,PROA_SERMA,PROA_LISIN,PROA_STRAW,PROA_CAMJE,PROA_BACTN,PROA_AQUAE,PROA_CLOPE,PROA_THET2,PROA_STRMU,PROA_MYCLE,DHA1_BOVIN,PROA_XYLFA,PROA_PSEPK,PROA_BACHD,PROA_THETN,PROA_TREPA,PROA_PHOLL,PROA_CLOTE,PROA_NITEU,PROA_PROMP,PROA_PROMA,PROA_PROMM,PROA_CHRVO,PROA_PSEAE,1o20_A,DHA9_POLMI)
Align: (PROA_METAC) (PROA_HAEIN,PROA_COREF,PROA_BORBR,PROA_CLOAB,PROA_LACLA,ROCA_STAAM,PROA_CHLTE,PROA_SERMA,PROA_LISIN,PROA_STRAW,PROA_CAMJE,PROA_BACTN,PROA_AQUAE,PROA_CLOPE,PROA_THET2,PROA_STRMU,PROA_MYCLE,DHA1_BOVIN,PROA_XYLFA,PROA_PSEPK,PROA_BACHD,PROA_THETN,PROA_TREPA,PROA_PHOLL,PROA_CLOTE,PROA_NITEU,PROA_PROMP,PROA_PROMA,PROA_PROMM,PROA_CHRVO,PROA_PSEAE,1o20_A,DHA9_POLMI)
Align: (ALDA_ECOLI) (PROA_METAC,PROA_HAEIN,PROA_COREF,PROA_BORBR,PROA_CLOAB,PROA_LACLA,ROCA_STAAM,PROA_CHLTE,PROA_SERMA,PROA_LISIN,PROA_STRAW,PROA_CAMJE,PROA_BACTN,PROA_AQUAE,PROA_CLOPE,PROA_THET2,PROA_STRMU,PROA_MYCLE,DHA1_BOVIN,PROA_XYLFA,PROA_PSEPK,PROA_BACHD,PROA_THETN,PROA_TREPA,PROA_PHOLL,PROA_CLOTE,PROA_NITEU,PROA_PROMP,PROA_PROMA,PROA_PROMM,PROA_CHRVO,PROA_PSEAE,1o20_A,DHA9_POLMI)
Align: (ROC2_BACSU) (ALDA_ECOLI,PROA_METAC,PROA_HAEIN,PROA_COREF,PROA_BORBR,PROA_CLOAB,PROA_LACLA,ROCA_STAAM,PROA_CHLTE,PROA_SERMA,PROA_LISIN,PROA_STRAW,PROA_CAMJE,PROA_BACTN,PROA_AQUAE,PROA_CLOPE,PROA_THET2,PROA_STRMU,PROA_MYCLE,DHA1_BOVIN,PROA_XYLFA,PROA_PSEPK,PROA_BACHD,PROA_THETN,PROA_TREPA,PROA_PHOLL,PROA_CLOTE,PROA_NITEU,PROA_PROMP,PROA_PROMA,PROA_PROMM,PROA_CHRVO,PROA_PSEAE,1o20_A,DHA9_POLMI)
Align: (ROCA_OCEIH) (ROC2_BACSU,ALDA_ECOLI,PROA_METAC,PROA_HAEIN,PROA_COREF,PROA_BORBR,PROA_CLOAB,PROA_LACLA,ROCA_STAAM,PROA_CHLTE,PROA_SERMA,PROA_LISIN,PROA_STRAW,PROA_CAMJE,PROA_BACTN,PROA_AQUAE,PROA_CLOPE,PROA_THET2,PROA_STRMU,PROA_MYCLE,DHA1_BOVIN,PROA_XYLFA,PROA_PSEPK,PROA_BACHD,PROA_THETN,PROA_TREPA,PROA_PHOLL,PROA_CLOTE,PROA_NITEU,PROA_PROMP,PROA_PROMA,PROA_PROMM,PROA_CHRVO,PROA_PSEAE,1o20_A,DHA9_POLMI)
Align: (PROA_NEIMA) (ROCA_OCEIH,ROC2_BACSU,ALDA_ECOLI,PROA_METAC,PROA_HAEIN,PROA_COREF,PROA_BORBR,PROA_CLOAB,PROA_LACLA,ROCA_STAAM,PROA_CHLTE,PROA_SERMA,PROA_LISIN,PROA_STRAW,PROA_CAMJE,PROA_BACTN,PROA_AQUAE,PROA_CLOPE,PROA_THET2,PROA_STRMU,PROA_MYCLE,DHA1_BOVIN,PROA_XYLFA,PROA_PSEPK,PROA_BACHD,PROA_THETN,PROA_TREPA,PROA_PHOLL,PROA_CLOTE,PROA_NITEU,PROA_PROMP,PROA_PROMA,PROA_PROMM,PROA_CHRVO,PROA_PSEAE,1o20_A,DHA9_POLMI)
Align: (DHAL_ALTAL) (PROA_NEIMA,ROCA_OCEIH,ROC2_BACSU,ALDA_ECOLI,PROA_METAC,PROA_HAEIN,PROA_COREF,PROA_BORBR,PROA_CLOAB,PROA_LACLA,ROCA_STAAM,PROA_CHLTE,PROA_SERMA,PROA_LISIN,PROA_STRAW,PROA_CAMJE,PROA_BACTN,PROA_AQUAE,PROA_CLOPE,PROA_THET2,PROA_STRMU,PROA_MYCLE,DHA1_BOVIN,PROA_XYLFA,PROA_PSEPK,PROA_BACHD,PROA_THETN,PROA_TREPA,PROA_PHOLL,PROA_CLOTE,PROA_NITEU,PROA_PROMP,PROA_PROMA,PROA_PROMM,PROA_CHRVO,PROA_PSEAE,1o20_A,DHA9_POLMI)
Align: (DMPC_PSEUF) (DHAL_ALTAL,PROA_NEIMA,ROCA_OCEIH,ROC2_BACSU,ALDA_ECOLI,PROA_METAC,PROA_HAEIN,PROA_COREF,PROA_BORBR,PROA_CLOAB,PROA_LACLA,ROCA_STAAM,PROA_CHLTE,PROA_SERMA,PROA_LISIN,PROA_STRAW,PROA_CAMJE,PROA_BACTN,PROA_AQUAE,PROA_CLOPE,PROA_THET2,PROA_STRMU,PROA_MYCLE,DHA1_BOVIN,PROA_XYLFA,PROA_PSEPK,PROA_BACHD,PROA_THETN,PROA_TREPA,PROA_PHOLL,PROA_CLOTE,PROA_NITEU,PROA_PROMP,PROA_PROMA,PROA_PROMM,PROA_CHRVO,PROA_PSEAE,1o20_A,DHA9_POLMI)
Align: (XYLC_PSEPU) (DMPC_PSEUF,DHAL_ALTAL,PROA_NEIMA,ROCA_OCEIH,ROC2_BACSU,ALDA_ECOLI,PROA_METAC,PROA_HAEIN,PROA_COREF,PROA_BORBR,PROA_CLOAB,PROA_LACLA,ROCA_STAAM,PROA_CHLTE,PROA_SERMA,PROA_LISIN,PROA_STRAW,PROA_CAMJE,PROA_BACTN,PROA_AQUAE,PROA_CLOPE,PROA_THET2,PROA_STRMU,PROA_MYCLE,DHA1_BOVIN,PROA_XYLFA,PROA_PSEPK,PROA_BACHD,PROA_THETN,PROA_TREPA,PROA_PHOLL,PROA_CLOTE,PROA_NITEU,PROA_PROMP,PROA_PROMA,PROA_PROMM,PROA_CHRVO,PROA_PSEAE,1o20_A,DHA9_POLMI)
Align: (PROA_BIFLO) (XYLC_PSEPU,DMPC_PSEUF,DHAL_ALTAL,PROA_NEIMA,ROCA_OCEIH,ROC2_BACSU,ALDA_ECOLI,PROA_METAC,PROA_HAEIN,PROA_COREF,PROA_BORBR,PROA_CLOAB,PROA_LACLA,ROCA_STAAM,PROA_CHLTE,PROA_SERMA,PROA_LISIN,PROA_STRAW,PROA_CAMJE,PROA_BACTN,PROA_AQUAE,PROA_CLOPE,PROA_THET2,PROA_STRMU,PROA_MYCLE,DHA1_BOVIN,PROA_XYLFA,PROA_PSEPK,PROA_BACHD,PROA_THETN,PROA_TREPA,PROA_PHOLL,PROA_CLOTE,PROA_NITEU,PROA_PROMP,PROA_PROMA,PROA_PROMM,PROA_CHRVO,PROA_PSEAE,1o20_A,DHA9_POLMI)
Align: (PROA_RHOBA) (PROA_BIFLO,XYLC_PSEPU,DMPC_PSEUF,DHAL_ALTAL,PROA_NEIMA,ROCA_OCEIH,ROC2_BACSU,ALDA_ECOLI,PROA_METAC,PROA_HAEIN,PROA_COREF,PROA_BORBR,PROA_CLOAB,PROA_LACLA,ROCA_STAAM,PROA_CHLTE,PROA_SERMA,PROA_LISIN,PROA_STRAW,PROA_CAMJE,PROA_BACTN,PROA_AQUAE,PROA_CLOPE,PROA_THET2,PROA_STRMU,PROA_MYCLE,DHA1_BOVIN,PROA_XYLFA,PROA_PSEPK,PROA_BACHD,PROA_THETN,PROA_TREPA,PROA_PHOLL,PROA_CLOTE,PROA_NITEU,PROA_PROMP,PROA_PROMA,PROA_PROMM,PROA_CHRVO,PROA_PSEAE,1o20_A,DHA9_POLMI)
Align: (PROA_WOLSU) (PROA_RHOBA,PROA_BIFLO,XYLC_PSEPU,DMPC_PSEUF,DHAL_ALTAL,PROA_NEIMA,ROCA_OCEIH,ROC2_BACSU,ALDA_ECOLI,PROA_METAC,PROA_HAEIN,PROA_COREF,PROA_BORBR,PROA_CLOAB,PROA_LACLA,ROCA_STAAM,PROA_CHLTE,PROA_SERMA,PROA_LISIN,PROA_STRAW,PROA_CAMJE,PROA_BACTN,PROA_AQUAE,PROA_CLOPE,PROA_THET2,PROA_STRMU,PROA_MYCLE,DHA1_BOVIN,PROA_XYLFA,PROA_PSEPK,PROA_BACHD,PROA_THETN,PROA_TREPA,PROA_PHOLL,PROA_CLOTE,PROA_NITEU,PROA_PROMP,PROA_PROMA,PROA_PROMM,PROA_CHRVO,PROA_PSEAE,1o20_A,DHA9_POLMI)
Align: (PROA_SYNEL) (PROA_WOLSU,PROA_RHOBA,PROA_BIFLO,XYLC_PSEPU,DMPC_PSEUF,DHAL_ALTAL,PROA_NEIMA,ROCA_OCEIH,ROC2_BACSU,ALDA_ECOLI,PROA_METAC,PROA_HAEIN,PROA_COREF,PROA_BORBR,PROA_CLOAB,PROA_LACLA,ROCA_STAAM,PROA_CHLTE,PROA_SERMA,PROA_LISIN,PROA_STRAW,PROA_CAMJE,PROA_BACTN,PROA_AQUAE,PROA_CLOPE,PROA_THET2,PROA_STRMU,PROA_MYCLE,DHA1_BOVIN,PROA_XYLFA,PROA_PSEPK,PROA_BACHD,PROA_THETN,PROA_TREPA,PROA_PHOLL,PROA_CLOTE,PROA_NITEU,PROA_PROMP,PROA_PROMA,PROA_PROMM,PROA_CHRVO,PROA_PSEAE,1o20_A,DHA9_POLMI)
Align: (PROA_SYNPX) (PROA_SYNEL,PROA_WOLSU,PROA_RHOBA,PROA_BIFLO,XYLC_PSEPU,DMPC_PSEUF,DHAL_ALTAL,PROA_NEIMA,ROCA_OCEIH,ROC2_BACSU,ALDA_ECOLI,PROA_METAC,PROA_HAEIN,PROA_COREF,PROA_BORBR,PROA_CLOAB,PROA_LACLA,ROCA_STAAM,PROA_CHLTE,PROA_SERMA,PROA_LISIN,PROA_STRAW,PROA_CAMJE,PROA_BACTN,PROA_AQUAE,PROA_CLOPE,PROA_THET2,PROA_STRMU,PROA_MYCLE,DHA1_BOVIN,PROA_XYLFA,PROA_PSEPK,PROA_BACHD,PROA_THETN,PROA_TREPA,PROA_PHOLL,PROA_CLOTE,PROA_NITEU,PROA_PROMP,PROA_PROMA,PROA_PROMM,PROA_CHRVO,PROA_PSEAE,1o20_A,DHA9_POLMI)
Align: (YF19_SCHPO) (PROA_SYNPX,PROA_SYNEL,PROA_WOLSU,PROA_RHOBA,PROA_BIFLO,XYLC_PSEPU,DMPC_PSEUF,DHAL_ALTAL,PROA_NEIMA,ROCA_OCEIH,ROC2_BACSU,ALDA_ECOLI,PROA_METAC,PROA_HAEIN,PROA_COREF,PROA_BORBR,PROA_CLOAB,PROA_LACLA,ROCA_STAAM,PROA_CHLTE,PROA_SERMA,PROA_LISIN,PROA_STRAW,PROA_CAMJE,PROA_BACTN,PROA_AQUAE,PROA_CLOPE,PROA_THET2,PROA_STRMU,PROA_MYCLE,DHA1_BOVIN,PROA_XYLFA,PROA_PSEPK,PROA_BACHD,PROA_THETN,PROA_TREPA,PROA_PHOLL,PROA_CLOTE,PROA_NITEU,PROA_PROMP,PROA_PROMA,PROA_PROMM,PROA_CHRVO,PROA_PSEAE,1o20_A,DHA9_POLMI)
Align: (1a4s_A) (YF19_SCHPO,PROA_SYNPX,PROA_SYNEL,PROA_WOLSU,PROA_RHOBA,PROA_BIFLO,XYLC_PSEPU,DMPC_PSEUF,DHAL_ALTAL,PROA_NEIMA,ROCA_OCEIH,ROC2_BACSU,ALDA_ECOLI,PROA_METAC,PROA_HAEIN,PROA_COREF,PROA_BORBR,PROA_CLOAB,PROA_LACLA,ROCA_STAAM,PROA_CHLTE,PROA_SERMA,PROA_LISIN,PROA_STRAW,PROA_CAMJE,PROA_BACTN,PROA_AQUAE,PROA_CLOPE,PROA_THET2,PROA_STRMU,PROA_MYCLE,DHA1_BOVIN,PROA_XYLFA,PROA_PSEPK,PROA_BACHD,PROA_THETN,PROA_TREPA,PROA_PHOLL,PROA_CLOTE,PROA_NITEU,PROA_PROMP,PROA_PROMA,PROA_PROMM,PROA_CHRVO,PROA_PSEAE,1o20_A,DHA9_POLMI)
Align: (PROA_GLOVI) (1a4s_A,YF19_SCHPO,PROA_SYNPX,PROA_SYNEL,PROA_WOLSU,PROA_RHOBA,PROA_BIFLO,XYLC_PSEPU,DMPC_PSEUF,DHAL_ALTAL,PROA_NEIMA,ROCA_OCEIH,ROC2_BACSU,ALDA_ECOLI,PROA_METAC,PROA_HAEIN,PROA_COREF,PROA_BORBR,PROA_CLOAB,PROA_LACLA,ROCA_STAAM,PROA_CHLTE,PROA_SERMA,PROA_LISIN,PROA_STRAW,PROA_CAMJE,PROA_BACTN,PROA_AQUAE,PROA_CLOPE,PROA_THET2,PROA_STRMU,PROA_MYCLE,DHA1_BOVIN,PROA_XYLFA,PROA_PSEPK,PROA_BACHD,PROA_THETN,PROA_TREPA,PROA_PHOLL,PROA_CLOTE,PROA_NITEU,PROA_PROMP,PROA_PROMA,PROA_PROMM,PROA_CHRVO,PROA_PSEAE,1o20_A,DHA9_POLMI)
Align: (DHAG_HUMAN) (PROA_GLOVI,1a4s_A,YF19_SCHPO,PROA_SYNPX,PROA_SYNEL,PROA_WOLSU,PROA_RHOBA,PROA_BIFLO,XYLC_PSEPU,DMPC_PSEUF,DHAL_ALTAL,PROA_NEIMA,ROCA_OCEIH,ROC2_BACSU,ALDA_ECOLI,PROA_METAC,PROA_HAEIN,PROA_COREF,PROA_BORBR,PROA_CLOAB,PROA_LACLA,ROCA_STAAM,PROA_CHLTE,PROA_SERMA,PROA_LISIN,PROA_STRAW,PROA_CAMJE,PROA_BACTN,PROA_AQUAE,PROA_CLOPE,PROA_THET2,PROA_STRMU,PROA_MYCLE,DHA1_BOVIN,PROA_XYLFA,PROA_PSEPK,PROA_BACHD,PROA_THETN,PROA_TREPA,PROA_PHOLL,PROA_CLOTE,PROA_NITEU,PROA_PROMP,PROA_PROMA,PROA_PROMM,PROA_CHRVO,PROA_PSEAE,1o20_A,DHA9_POLMI)
Align: (DHAL_BACST) (DHAG_HUMAN,PROA_GLOVI,1a4s_A,YF19_SCHPO,PROA_SYNPX,PROA_SYNEL,PROA_WOLSU,PROA_RHOBA,PROA_BIFLO,XYLC_PSEPU,DMPC_PSEUF,DHAL_ALTAL,PROA_NEIMA,ROCA_OCEIH,ROC2_BACSU,ALDA_ECOLI,PROA_METAC,PROA_HAEIN,PROA_COREF,PROA_BORBR,PROA_CLOAB,PROA_LACLA,ROCA_STAAM,PROA_CHLTE,PROA_SERMA,PROA_LISIN,PROA_STRAW,PROA_CAMJE,PROA_BACTN,PROA_AQUAE,PROA_CLOPE,PROA_THET2,PROA_STRMU,PROA_MYCLE,DHA1_BOVIN,PROA_XYLFA,PROA_PSEPK,PROA_BACHD,PROA_THETN,PROA_TREPA,PROA_PHOLL,PROA_CLOTE,PROA_NITEU,PROA_PROMP,PROA_PROMA,PROA_PROMM,PROA_CHRVO,PROA_PSEAE,1o20_A,DHA9_POLMI)
Align: (PROA_STRP3) (DHAL_BACST,DHAG_HUMAN,PROA_GLOVI,1a4s_A,YF19_SCHPO,PROA_SYNPX,PROA_SYNEL,PROA_WOLSU,PROA_RHOBA,PROA_BIFLO,XYLC_PSEPU,DMPC_PSEUF,DHAL_ALTAL,PROA_NEIMA,ROCA_OCEIH,ROC2_BACSU,ALDA_ECOLI,PROA_METAC,PROA_HAEIN,PROA_COREF,PROA_BORBR,PROA_CLOAB,PROA_LACLA,ROCA_STAAM,PROA_CHLTE,PROA_SERMA,PROA_LISIN,PROA_STRAW,PROA_CAMJE,PROA_BACTN,PROA_AQUAE,PROA_CLOPE,PROA_THET2,PROA_STRMU,PROA_MYCLE,DHA1_BOVIN,PROA_XYLFA,PROA_PSEPK,PROA_BACHD,PROA_THETN,PROA_TREPA,PROA_PHOLL,PROA_CLOTE,PROA_NITEU,PROA_PROMP,PROA_PROMA,PROA_PROMM,PROA_CHRVO,PROA_PSEAE,1o20_A,DHA9_POLMI)
Align: (PROA_LEPIN) (PROA_STRP3,DHAL_BACST,DHAG_HUMAN,PROA_GLOVI,1a4s_A,YF19_SCHPO,PROA_SYNPX,PROA_SYNEL,PROA_WOLSU,PROA_RHOBA,PROA_BIFLO,XYLC_PSEPU,DMPC_PSEUF,DHAL_ALTAL,PROA_NEIMA,ROCA_OCEIH,ROC2_BACSU,ALDA_ECOLI,PROA_METAC,PROA_HAEIN,PROA_COREF,PROA_BORBR,PROA_CLOAB,PROA_LACLA,ROCA_STAAM,PROA_CHLTE,PROA_SERMA,PROA_LISIN,PROA_STRAW,PROA_CAMJE,PROA_BACTN,PROA_AQUAE,PROA_CLOPE,PROA_THET2,PROA_STRMU,PROA_MYCLE,DHA1_BOVIN,PROA_XYLFA,PROA_PSEPK,PROA_BACHD,PROA_THETN,PROA_TREPA,PROA_PHOLL,PROA_CLOTE,PROA_NITEU,PROA_PROMP,PROA_PROMA,PROA_PROMM,PROA_CHRVO,PROA_PSEAE,1o20_A,DHA9_POLMI)
Align: (DHA5_HUMAN) (PROA_LEPIN,PROA_STRP3,DHAL_BACST,DHAG_HUMAN,PROA_GLOVI,1a4s_A,YF19_SCHPO,PROA_SYNPX,PROA_SYNEL,PROA_WOLSU,PROA_RHOBA,PROA_BIFLO,XYLC_PSEPU,DMPC_PSEUF,DHAL_ALTAL,PROA_NEIMA,ROCA_OCEIH,ROC2_BACSU,ALDA_ECOLI,PROA_METAC,PROA_HAEIN,PROA_COREF,PROA_BORBR,PROA_CLOAB,PROA_LACLA,ROCA_STAAM,PROA_CHLTE,PROA_SERMA,PROA_LISIN,PROA_STRAW,PROA_CAMJE,PROA_BACTN,PROA_AQUAE,PROA_CLOPE,PROA_THET2,PROA_STRMU,PROA_MYCLE,DHA1_BOVIN,PROA_XYLFA,PROA_PSEPK,PROA_BACHD,PROA_THETN,PROA_TREPA,PROA_PHOLL,PROA_CLOTE,PROA_NITEU,PROA_PROMP,PROA_PROMA,PROA_PROMM,PROA_CHRVO,PROA_PSEAE,1o20_A,DHA9_POLMI)
Align: (ALDB_ECOLI) (DHA5_HUMAN,PROA_LEPIN,PROA_STRP3,DHAL_BACST,DHAG_HUMAN,PROA_GLOVI,1a4s_A,YF19_SCHPO,PROA_SYNPX,PROA_SYNEL,PROA_WOLSU,PROA_RHOBA,PROA_BIFLO,XYLC_PSEPU,DMPC_PSEUF,DHAL_ALTAL,PROA_NEIMA,ROCA_OCEIH,ROC2_BACSU,ALDA_ECOLI,PROA_METAC,PROA_HAEIN,PROA_COREF,PROA_BORBR,PROA_CLOAB,PROA_LACLA,ROCA_STAAM,PROA_CHLTE,PROA_SERMA,PROA_LISIN,PROA_STRAW,PROA_CAMJE,PROA_BACTN,PROA_AQUAE,PROA_CLOPE,PROA_THET2,PROA_STRMU,PROA_MYCLE,DHA1_BOVIN,PROA_XYLFA,PROA_PSEPK,PROA_BACHD,PROA_THETN,PROA_TREPA,PROA_PHOLL,PROA_CLOTE,PROA_NITEU,PROA_PROMP,PROA_PROMA,PROA_PROMM,PROA_CHRVO,PROA_PSEAE,1o20_A,DHA9_POLMI)
Align: (NAHF_PSESP) (ALDB_ECOLI,DHA5_HUMAN,PROA_LEPIN,PROA_STRP3,DHAL_BACST,DHAG_HUMAN,PROA_GLOVI,1a4s_A,YF19_SCHPO,PROA_SYNPX,PROA_SYNEL,PROA_WOLSU,PROA_RHOBA,PROA_BIFLO,XYLC_PSEPU,DMPC_PSEUF,DHAL_ALTAL,PROA_NEIMA,ROCA_OCEIH,ROC2_BACSU,ALDA_ECOLI,PROA_METAC,PROA_HAEIN,PROA_COREF,PROA_BORBR,PROA_CLOAB,PROA_LACLA,ROCA_STAAM,PROA_CHLTE,PROA_SERMA,PROA_LISIN,PROA_STRAW,PROA_CAMJE,PROA_BACTN,PROA_AQUAE,PROA_CLOPE,PROA_THET2,PROA_STRMU,PROA_MYCLE,DHA1_BOVIN,PROA_XYLFA,PROA_PSEPK,PROA_BACHD,PROA_THETN,PROA_TREPA,PROA_PHOLL,PROA_CLOTE,PROA_NITEU,PROA_PROMP,PROA_PROMA,PROA_PROMM,PROA_CHRVO,PROA_PSEAE,1o20_A,DHA9_POLMI)
Align: (YDCW_ECOLI) (NAHF_PSESP,ALDB_ECOLI,DHA5_HUMAN,PROA_LEPIN,PROA_STRP3,DHAL_BACST,DHAG_HUMAN,PROA_GLOVI,1a4s_A,YF19_SCHPO,PROA_SYNPX,PROA_SYNEL,PROA_WOLSU,PROA_RHOBA,PROA_BIFLO,XYLC_PSEPU,DMPC_PSEUF,DHAL_ALTAL,PROA_NEIMA,ROCA_OCEIH,ROC2_BACSU,ALDA_ECOLI,PROA_METAC,PROA_HAEIN,PROA_COREF,PROA_BORBR,PROA_CLOAB,PROA_LACLA,ROCA_STAAM,PROA_CHLTE,PROA_SERMA,PROA_LISIN,PROA_STRAW,PROA_CAMJE,PROA_BACTN,PROA_AQUAE,PROA_CLOPE,PROA_THET2,PROA_STRMU,PROA_MYCLE,DHA1_BOVIN,PROA_XYLFA,PROA_PSEPK,PROA_BACHD,PROA_THETN,PROA_TREPA,PROA_PHOLL,PROA_CLOTE,PROA_NITEU,PROA_PROMP,PROA_PROMA,PROA_PROMM,PROA_CHRVO,PROA_PSEAE,1o20_A,DHA9_POLMI)
Align: (PROA_RHIME) (YDCW_ECOLI,NAHF_PSESP,ALDB_ECOLI,DHA5_HUMAN,PROA_LEPIN,PROA_STRP3,DHAL_BACST,DHAG_HUMAN,PROA_GLOVI,1a4s_A,YF19_SCHPO,PROA_SYNPX,PROA_SYNEL,PROA_WOLSU,PROA_RHOBA,PROA_BIFLO,XYLC_PSEPU,DMPC_PSEUF,DHAL_ALTAL,PROA_NEIMA,ROCA_OCEIH,ROC2_BACSU,ALDA_ECOLI,PROA_METAC,PROA_HAEIN,PROA_COREF,PROA_BORBR,PROA_CLOAB,PROA_LACLA,ROCA_STAAM,PROA_CHLTE,PROA_SERMA,PROA_LISIN,PROA_STRAW,PROA_CAMJE,PROA_BACTN,PROA_AQUAE,PROA_CLOPE,PROA_THET2,PROA_STRMU,PROA_MYCLE,DHA1_BOVIN,PROA_XYLFA,PROA_PSEPK,PROA_BACHD,PROA_THETN,PROA_TREPA,PROA_PHOLL,PROA_CLOTE,PROA_NITEU,PROA_PROMP,PROA_PROMA,PROA_PROMM,PROA_CHRVO,PROA_PSEAE,1o20_A,DHA9_POLMI)
Align: (DHA2_YEAST) (PROA_RHIME,YDCW_ECOLI,NAHF_PSESP,ALDB_ECOLI,DHA5_HUMAN,PROA_LEPIN,PROA_STRP3,DHAL_BACST,DHAG_HUMAN,PROA_GLOVI,1a4s_A,YF19_SCHPO,PROA_SYNPX,PROA_SYNEL,PROA_WOLSU,PROA_RHOBA,PROA_BIFLO,XYLC_PSEPU,DMPC_PSEUF,DHAL_ALTAL,PROA_NEIMA,ROCA_OCEIH,ROC2_BACSU,ALDA_ECOLI,PROA_METAC,PROA_HAEIN,PROA_COREF,PROA_BORBR,PROA_CLOAB,PROA_LACLA,ROCA_STAAM,PROA_CHLTE,PROA_SERMA,PROA_LISIN,PROA_STRAW,PROA_CAMJE,PROA_BACTN,PROA_AQUAE,PROA_CLOPE,PROA_THET2,PROA_STRMU,PROA_MYCLE,DHA1_BOVIN,PROA_XYLFA,PROA_PSEPK,PROA_BACHD,PROA_THETN,PROA_TREPA,PROA_PHOLL,PROA_CLOTE,PROA_NITEU,PROA_PROMP,PROA_PROMA,PROA_PROMM,PROA_CHRVO,PROA_PSEAE,1o20_A,DHA9_POLMI)
Align: (PROA_STRA3) (DHA2_YEAST,PROA_RHIME,YDCW_ECOLI,NAHF_PSESP,ALDB_ECOLI,DHA5_HUMAN,PROA_LEPIN,PROA_STRP3,DHAL_BACST,DHAG_HUMAN,PROA_GLOVI,1a4s_A,YF19_SCHPO,PROA_SYNPX,PROA_SYNEL,PROA_WOLSU,PROA_RHOBA,PROA_BIFLO,XYLC_PSEPU,DMPC_PSEUF,DHAL_ALTAL,PROA_NEIMA,ROCA_OCEIH,ROC2_BACSU,ALDA_ECOLI,PROA_METAC,PROA_HAEIN,PROA_COREF,PROA_BORBR,PROA_CLOAB,PROA_LACLA,ROCA_STAAM,PROA_CHLTE,PROA_SERMA,PROA_LISIN,PROA_STRAW,PROA_CAMJE,PROA_BACTN,PROA_AQUAE,PROA_CLOPE,PROA_THET2,PROA_STRMU,PROA_MYCLE,DHA1_BOVIN,PROA_XYLFA,PROA_PSEPK,PROA_BACHD,PROA_THETN,PROA_TREPA,PROA_PHOLL,PROA_CLOTE,PROA_NITEU,PROA_PROMP,PROA_PROMA,PROA_PROMM,PROA_CHRVO,PROA_PSEAE,1o20_A,DHA9_POLMI)
Align: (PROA_MEIRU) (PROA_STRA3,DHA2_YEAST,PROA_RHIME,YDCW_ECOLI,NAHF_PSESP,ALDB_ECOLI,DHA5_HUMAN,PROA_LEPIN,PROA_STRP3,DHAL_BACST,DHAG_HUMAN,PROA_GLOVI,1a4s_A,YF19_SCHPO,PROA_SYNPX,PROA_SYNEL,PROA_WOLSU,PROA_RHOBA,PROA_BIFLO,XYLC_PSEPU,DMPC_PSEUF,DHAL_ALTAL,PROA_NEIMA,ROCA_OCEIH,ROC2_BACSU,ALDA_ECOLI,PROA_METAC,PROA_HAEIN,PROA_COREF,PROA_BORBR,PROA_CLOAB,PROA_LACLA,ROCA_STAAM,PROA_CHLTE,PROA_SERMA,PROA_LISIN,PROA_STRAW,PROA_CAMJE,PROA_BACTN,PROA_AQUAE,PROA_CLOPE,PROA_THET2,PROA_STRMU,PROA_MYCLE,DHA1_BOVIN,PROA_XYLFA,PROA_PSEPK,PROA_BACHD,PROA_THETN,PROA_TREPA,PROA_PHOLL,PROA_CLOTE,PROA_NITEU,PROA_PROMP,PROA_PROMA,PROA_PROMM,PROA_CHRVO,PROA_PSEAE,1o20_A,DHA9_POLMI)
Align: (PROA_BACSU) (PROA_MEIRU,PROA_STRA3,DHA2_YEAST,PROA_RHIME,YDCW_ECOLI,NAHF_PSESP,ALDB_ECOLI,DHA5_HUMAN,PROA_LEPIN,PROA_STRP3,DHAL_BACST,DHAG_HUMAN,PROA_GLOVI,1a4s_A,YF19_SCHPO,PROA_SYNPX,PROA_SYNEL,PROA_WOLSU,PROA_RHOBA,PROA_BIFLO,XYLC_PSEPU,DMPC_PSEUF,DHAL_ALTAL,PROA_NEIMA,ROCA_OCEIH,ROC2_BACSU,ALDA_ECOLI,PROA_METAC,PROA_HAEIN,PROA_COREF,PROA_BORBR,PROA_CLOAB,PROA_LACLA,ROCA_STAAM,PROA_CHLTE,PROA_SERMA,PROA_LISIN,PROA_STRAW,PROA_CAMJE,PROA_BACTN,PROA_AQUAE,PROA_CLOPE,PROA_THET2,PROA_STRMU,PROA_MYCLE,DHA1_BOVIN,PROA_XYLFA,PROA_PSEPK,PROA_BACHD,PROA_THETN,PROA_TREPA,PROA_PHOLL,PROA_CLOTE,PROA_NITEU,PROA_PROMP,PROA_PROMA,PROA_PROMM,PROA_CHRVO,PROA_PSEAE,1o20_A,DHA9_POLMI)
Align: (PROA_RHILO) (PROA_BACSU,PROA_MEIRU,PROA_STRA3,DHA2_YEAST,PROA_RHIME,YDCW_ECOLI,NAHF_PSESP,ALDB_ECOLI,DHA5_HUMAN,PROA_LEPIN,PROA_STRP3,DHAL_BACST,DHAG_HUMAN,PROA_GLOVI,1a4s_A,YF19_SCHPO,PROA_SYNPX,PROA_SYNEL,PROA_WOLSU,PROA_RHOBA,PROA_BIFLO,XYLC_PSEPU,DMPC_PSEUF,DHAL_ALTAL,PROA_NEIMA,ROCA_OCEIH,ROC2_BACSU,ALDA_ECOLI,PROA_METAC,PROA_HAEIN,PROA_COREF,PROA_BORBR,PROA_CLOAB,PROA_LACLA,ROCA_STAAM,PROA_CHLTE,PROA_SERMA,PROA_LISIN,PROA_STRAW,PROA_CAMJE,PROA_BACTN,PROA_AQUAE,PROA_CLOPE,PROA_THET2,PROA_STRMU,PROA_MYCLE,DHA1_BOVIN,PROA_XYLFA,PROA_PSEPK,PROA_BACHD,PROA_THETN,PROA_TREPA,PROA_PHOLL,PROA_CLOTE,PROA_NITEU,PROA_PROMP,PROA_PROMA,PROA_PROMM,PROA_CHRVO,PROA_PSEAE,1o20_A,DHA9_POLMI)
Align: (DHAL_ASPNG) (PROA_RHILO,PROA_BACSU,PROA_MEIRU,PROA_STRA3,DHA2_YEAST,PROA_RHIME,YDCW_ECOLI,NAHF_PSESP,ALDB_ECOLI,DHA5_HUMAN,PROA_LEPIN,PROA_STRP3,DHAL_BACST,DHAG_HUMAN,PROA_GLOVI,1a4s_A,YF19_SCHPO,PROA_SYNPX,PROA_SYNEL,PROA_WOLSU,PROA_RHOBA,PROA_BIFLO,XYLC_PSEPU,DMPC_PSEUF,DHAL_ALTAL,PROA_NEIMA,ROCA_OCEIH,ROC2_BACSU,ALDA_ECOLI,PROA_METAC,PROA_HAEIN,PROA_COREF,PROA_BORBR,PROA_CLOAB,PROA_LACLA,ROCA_STAAM,PROA_CHLTE,PROA_SERMA,PROA_LISIN,PROA_STRAW,PROA_CAMJE,PROA_BACTN,PROA_AQUAE,PROA_CLOPE,PROA_THET2,PROA_STRMU,PROA_MYCLE,DHA1_BOVIN,PROA_XYLFA,PROA_PSEPK,PROA_BACHD,PROA_THETN,PROA_TREPA,PROA_PHOLL,PROA_CLOTE,PROA_NITEU,PROA_PROMP,PROA_PROMA,PROA_PROMM,PROA_CHRVO,PROA_PSEAE,1o20_A,DHA9_POLMI)
Align: (1a4z_A) (DHAL_ASPNG,PROA_RHILO,PROA_BACSU,PROA_MEIRU,PROA_STRA3,DHA2_YEAST,PROA_RHIME,YDCW_ECOLI,NAHF_PSESP,ALDB_ECOLI,DHA5_HUMAN,PROA_LEPIN,PROA_STRP3,DHAL_BACST,DHAG_HUMAN,PROA_GLOVI,1a4s_A,YF19_SCHPO,PROA_SYNPX,PROA_SYNEL,PROA_WOLSU,PROA_RHOBA,PROA_BIFLO,XYLC_PSEPU,DMPC_PSEUF,DHAL_ALTAL,PROA_NEIMA,ROCA_OCEIH,ROC2_BACSU,ALDA_ECOLI,PROA_METAC,PROA_HAEIN,PROA_COREF,PROA_BORBR,PROA_CLOAB,PROA_LACLA,ROCA_STAAM,PROA_CHLTE,PROA_SERMA,PROA_LISIN,PROA_STRAW,PROA_CAMJE,PROA_BACTN,PROA_AQUAE,PROA_CLOPE,PROA_THET2,PROA_STRMU,PROA_MYCLE,DHA1_BOVIN,PROA_XYLFA,PROA_PSEPK,PROA_BACHD,PROA_THETN,PROA_TREPA,PROA_PHOLL,PROA_CLOTE,PROA_NITEU,PROA_PROMP,PROA_PROMA,PROA_PROMM,PROA_CHRVO,PROA_PSEAE,1o20_A,DHA9_POLMI)
Align: (PROA_SYNY3) (1a4z_A,DHAL_ASPNG,PROA_RHILO,PROA_BACSU,PROA_MEIRU,PROA_STRA3,DHA2_YEAST,PROA_RHIME,YDCW_ECOLI,NAHF_PSESP,ALDB_ECOLI,DHA5_HUMAN,PROA_LEPIN,PROA_STRP3,DHAL_BACST,DHAG_HUMAN,PROA_GLOVI,1a4s_A,YF19_SCHPO,PROA_SYNPX,PROA_SYNEL,PROA_WOLSU,PROA_RHOBA,PROA_BIFLO,XYLC_PSEPU,DMPC_PSEUF,DHAL_ALTAL,PROA_NEIMA,ROCA_OCEIH,ROC2_BACSU,ALDA_ECOLI,PROA_METAC,PROA_HAEIN,PROA_COREF,PROA_BORBR,PROA_CLOAB,PROA_LACLA,ROCA_STAAM,PROA_CHLTE,PROA_SERMA,PROA_LISIN,PROA_STRAW,PROA_CAMJE,PROA_BACTN,PROA_AQUAE,PROA_CLOPE,PROA_THET2,PROA_STRMU,PROA_MYCLE,DHA1_BOVIN,PROA_XYLFA,PROA_PSEPK,PROA_BACHD,PROA_THETN,PROA_TREPA,PROA_PHOLL,PROA_CLOTE,PROA_NITEU,PROA_PROMP,PROA_PROMA,PROA_PROMM,PROA_CHRVO,PROA_PSEAE,1o20_A,DHA9_POLMI)
Align: (DHAB_BACSU) (PROA_SYNY3,1a4z_A,DHAL_ASPNG,PROA_RHILO,PROA_BACSU,PROA_MEIRU,PROA_STRA3,DHA2_YEAST,PROA_RHIME,YDCW_ECOLI,NAHF_PSESP,ALDB_ECOLI,DHA5_HUMAN,PROA_LEPIN,PROA_STRP3,DHAL_BACST,DHAG_HUMAN,PROA_GLOVI,1a4s_A,YF19_SCHPO,PROA_SYNPX,PROA_SYNEL,PROA_WOLSU,PROA_RHOBA,PROA_BIFLO,XYLC_PSEPU,DMPC_PSEUF,DHAL_ALTAL,PROA_NEIMA,ROCA_OCEIH,ROC2_BACSU,ALDA_ECOLI,PROA_METAC,PROA_HAEIN,PROA_COREF,PROA_BORBR,PROA_CLOAB,PROA_LACLA,ROCA_STAAM,PROA_CHLTE,PROA_SERMA,PROA_LISIN,PROA_STRAW,PROA_CAMJE,PROA_BACTN,PROA_AQUAE,PROA_CLOPE,PROA_THET2,PROA_STRMU,PROA_MYCLE,DHA1_BOVIN,PROA_XYLFA,PROA_PSEPK,PROA_BACHD,PROA_THETN,PROA_TREPA,PROA_PHOLL,PROA_CLOTE,PROA_NITEU,PROA_PROMP,PROA_PROMA,PROA_PROMM,PROA_CHRVO,PROA_PSEAE,1o20_A,DHA9_POLMI)
Align: (1ky8_A) (DHAB_BACSU,PROA_SYNY3,1a4z_A,DHAL_ASPNG,PROA_RHILO,PROA_BACSU,PROA_MEIRU,PROA_STRA3,DHA2_YEAST,PROA_RHIME,YDCW_ECOLI,NAHF_PSESP,ALDB_ECOLI,DHA5_HUMAN,PROA_LEPIN,PROA_STRP3,DHAL_BACST,DHAG_HUMAN,PROA_GLOVI,1a4s_A,YF19_SCHPO,PROA_SYNPX,PROA_SYNEL,PROA_WOLSU,PROA_RHOBA,PROA_BIFLO,XYLC_PSEPU,DMPC_PSEUF,DHAL_ALTAL,PROA_NEIMA,ROCA_OCEIH,ROC2_BACSU,ALDA_ECOLI,PROA_METAC,PROA_HAEIN,PROA_COREF,PROA_BORBR,PROA_CLOAB,PROA_LACLA,ROCA_STAAM,PROA_CHLTE,PROA_SERMA,PROA_LISIN,PROA_STRAW,PROA_CAMJE,PROA_BACTN,PROA_AQUAE,PROA_CLOPE,PROA_THET2,PROA_STRMU,PROA_MYCLE,DHA1_BOVIN,PROA_XYLFA,PROA_PSEPK,PROA_BACHD,PROA_THETN,PROA_TREPA,PROA_PHOLL,PROA_CLOTE,PROA_NITEU,PROA_PROMP,PROA_PROMA,PROA_PROMM,PROA_CHRVO,PROA_PSEAE,1o20_A,DHA9_POLMI)
Align: (PROA_ECO57,DHA6_HUMAN) (1ky8_A,DHAB_BACSU,PROA_SYNY3,1a4z_A,DHAL_ASPNG,PROA_RHILO,PROA_BACSU,PROA_MEIRU,PROA_STRA3,DHA2_YEAST,PROA_RHIME,YDCW_ECOLI,NAHF_PSESP,ALDB_ECOLI,DHA5_HUMAN,PROA_LEPIN,PROA_STRP3,DHAL_BACST,DHAG_HUMAN,PROA_GLOVI,1a4s_A,YF19_SCHPO,PROA_SYNPX,PROA_SYNEL,PROA_WOLSU,PROA_RHOBA,PROA_BIFLO,XYLC_PSEPU,DMPC_PSEUF,DHAL_ALTAL,PROA_NEIMA,ROCA_OCEIH,ROC2_BACSU,ALDA_ECOLI,PROA_METAC,PROA_HAEIN,PROA_COREF,PROA_BORBR,PROA_CLOAB,PROA_LACLA,ROCA_STAAM,PROA_CHLTE,PROA_SERMA,PROA_LISIN,PROA_STRAW,PROA_CAMJE,PROA_BACTN,PROA_AQUAE,PROA_CLOPE,PROA_THET2,PROA_STRMU,PROA_MYCLE,DHA1_BOVIN,PROA_XYLFA,PROA_PSEPK,PROA_BACHD,PROA_THETN,PROA_TREPA,PROA_PHOLL,PROA_CLOTE,PROA_NITEU,PROA_PROMP,PROA_PROMA,PROA_PROMM,PROA_CHRVO,PROA_PSEAE,1o20_A,DHA9_POLMI)
Align: (PROA_VIBCH) (PROA_ECO57,DHA6_HUMAN,1ky8_A,DHAB_BACSU,PROA_SYNY3,1a4z_A,DHAL_ASPNG,PROA_RHILO,PROA_BACSU,PROA_MEIRU,PROA_STRA3,DHA2_YEAST,PROA_RHIME,YDCW_ECOLI,NAHF_PSESP,ALDB_ECOLI,DHA5_HUMAN,PROA_LEPIN,PROA_STRP3,DHAL_BACST,DHAG_HUMAN,PROA_GLOVI,1a4s_A,YF19_SCHPO,PROA_SYNPX,PROA_SYNEL,PROA_WOLSU,PROA_RHOBA,PROA_BIFLO,XYLC_PSEPU,DMPC_PSEUF,DHAL_ALTAL,PROA_NEIMA,ROCA_OCEIH,ROC2_BACSU,ALDA_ECOLI,PROA_METAC,PROA_HAEIN,PROA_COREF,PROA_BORBR,PROA_CLOAB,PROA_LACLA,ROCA_STAAM,PROA_CHLTE,PROA_SERMA,PROA_LISIN,PROA_STRAW,PROA_CAMJE,PROA_BACTN,PROA_AQUAE,PROA_CLOPE,PROA_THET2,PROA_STRMU,PROA_MYCLE,DHA1_BOVIN,PROA_XYLFA,PROA_PSEPK,PROA_BACHD,PROA_THETN,PROA_TREPA,PROA_PHOLL,PROA_CLOTE,PROA_NITEU,PROA_PROMP,PROA_PROMA,PROA_PROMM,PROA_CHRVO,PROA_PSEAE,1o20_A,DHA9_POLMI)
Align: (DHAB_HORVU) (PROA_VIBCH,PROA_ECO57,DHA6_HUMAN,1ky8_A,DHAB_BACSU,PROA_SYNY3,1a4z_A,DHAL_ASPNG,PROA_RHILO,PROA_BACSU,PROA_MEIRU,PROA_STRA3,DHA2_YEAST,PROA_RHIME,YDCW_ECOLI,NAHF_PSESP,ALDB_ECOLI,DHA5_HUMAN,PROA_LEPIN,PROA_STRP3,DHAL_BACST,DHAG_HUMAN,PROA_GLOVI,1a4s_A,YF19_SCHPO,PROA_SYNPX,PROA_SYNEL,PROA_WOLSU,PROA_RHOBA,PROA_BIFLO,XYLC_PSEPU,DMPC_PSEUF,DHAL_ALTAL,PROA_NEIMA,ROCA_OCEIH,ROC2_BACSU,ALDA_ECOLI,PROA_METAC,PROA_HAEIN,PROA_COREF,PROA_BORBR,PROA_CLOAB,PROA_LACLA,ROCA_STAAM,PROA_CHLTE,PROA_SERMA,PROA_LISIN,PROA_STRAW,PROA_CAMJE,PROA_BACTN,PROA_AQUAE,PROA_CLOPE,PROA_THET2,PROA_STRMU,PROA_MYCLE,DHA1_BOVIN,PROA_XYLFA,PROA_PSEPK,PROA_BACHD,PROA_THETN,PROA_TREPA,PROA_PHOLL,PROA_CLOTE,PROA_NITEU,PROA_PROMP,PROA_PROMA,PROA_PROMM,PROA_CHRVO,PROA_PSEAE,1o20_A,DHA9_POLMI)
Align: (DHAL_AGABI) (DHAB_HORVU,PROA_VIBCH,PROA_ECO57,DHA6_HUMAN,1ky8_A,DHAB_BACSU,PROA_SYNY3,1a4z_A,DHAL_ASPNG,PROA_RHILO,PROA_BACSU,PROA_MEIRU,PROA_STRA3,DHA2_YEAST,PROA_RHIME,YDCW_ECOLI,NAHF_PSESP,ALDB_ECOLI,DHA5_HUMAN,PROA_LEPIN,PROA_STRP3,DHAL_BACST,DHAG_HUMAN,PROA_GLOVI,1a4s_A,YF19_SCHPO,PROA_SYNPX,PROA_SYNEL,PROA_WOLSU,PROA_RHOBA,PROA_BIFLO,XYLC_PSEPU,DMPC_PSEUF,DHAL_ALTAL,PROA_NEIMA,ROCA_OCEIH,ROC2_BACSU,ALDA_ECOLI,PROA_METAC,PROA_HAEIN,PROA_COREF,PROA_BORBR,PROA_CLOAB,PROA_LACLA,ROCA_STAAM,PROA_CHLTE,PROA_SERMA,PROA_LISIN,PROA_STRAW,PROA_CAMJE,PROA_BACTN,PROA_AQUAE,PROA_CLOPE,PROA_THET2,PROA_STRMU,PROA_MYCLE,DHA1_BOVIN,PROA_XYLFA,PROA_PSEPK,PROA_BACHD,PROA_THETN,PROA_TREPA,PROA_PHOLL,PROA_CLOTE,PROA_NITEU,PROA_PROMP,PROA_PROMA,PROA_PROMM,PROA_CHRVO,PROA_PSEAE,1o20_A,DHA9_POLMI)
Align: (DHAL_ECOLI) (DHAL_AGABI,DHAB_HORVU,PROA_VIBCH,PROA_ECO57,DHA6_HUMAN,1ky8_A,DHAB_BACSU,PROA_SYNY3,1a4z_A,DHAL_ASPNG,PROA_RHILO,PROA_BACSU,PROA_MEIRU,PROA_STRA3,DHA2_YEAST,PROA_RHIME,YDCW_ECOLI,NAHF_PSESP,ALDB_ECOLI,DHA5_HUMAN,PROA_LEPIN,PROA_STRP3,DHAL_BACST,DHAG_HUMAN,PROA_GLOVI,1a4s_A,YF19_SCHPO,PROA_SYNPX,PROA_SYNEL,PROA_WOLSU,PROA_RHOBA,PROA_BIFLO,XYLC_PSEPU,DMPC_PSEUF,DHAL_ALTAL,PROA_NEIMA,ROCA_OCEIH,ROC2_BACSU,ALDA_ECOLI,PROA_METAC,PROA_HAEIN,PROA_COREF,PROA_BORBR,PROA_CLOAB,PROA_LACLA,ROCA_STAAM,PROA_CHLTE,PROA_SERMA,PROA_LISIN,PROA_STRAW,PROA_CAMJE,PROA_BACTN,PROA_AQUAE,PROA_CLOPE,PROA_THET2,PROA_STRMU,PROA_MYCLE,DHA1_BOVIN,PROA_XYLFA,PROA_PSEPK,PROA_BACHD,PROA_THETN,PROA_TREPA,PROA_PHOLL,PROA_CLOTE,PROA_NITEU,PROA_PROMP,PROA_PROMA,PROA_PROMM,PROA_CHRVO,PROA_PSEAE,1o20_A,DHA9_POLMI)
Align: (DHA1_BACSU) (DHAL_ECOLI,DHAL_AGABI,DHAB_HORVU,PROA_VIBCH,PROA_ECO57,DHA6_HUMAN,1ky8_A,DHAB_BACSU,PROA_SYNY3,1a4z_A,DHAL_ASPNG,PROA_RHILO,PROA_BACSU,PROA_MEIRU,PROA_STRA3,DHA2_YEAST,PROA_RHIME,YDCW_ECOLI,NAHF_PSESP,ALDB_ECOLI,DHA5_HUMAN,PROA_LEPIN,PROA_STRP3,DHAL_BACST,DHAG_HUMAN,PROA_GLOVI,1a4s_A,YF19_SCHPO,PROA_SYNPX,PROA_SYNEL,PROA_WOLSU,PROA_RHOBA,PROA_BIFLO,XYLC_PSEPU,DMPC_PSEUF,DHAL_ALTAL,PROA_NEIMA,ROCA_OCEIH,ROC2_BACSU,ALDA_ECOLI,PROA_METAC,PROA_HAEIN,PROA_COREF,PROA_BORBR,PROA_CLOAB,PROA_LACLA,ROCA_STAAM,PROA_CHLTE,PROA_SERMA,PROA_LISIN,PROA_STRAW,PROA_CAMJE,PROA_BACTN,PROA_AQUAE,PROA_CLOPE,PROA_THET2,PROA_STRMU,PROA_MYCLE,DHA1_BOVIN,PROA_XYLFA,PROA_PSEPK,PROA_BACHD,PROA_THETN,PROA_TREPA,PROA_PHOLL,PROA_CLOTE,PROA_NITEU,PROA_PROMP,PROA_PROMA,PROA_PROMM,PROA_CHRVO,PROA_PSEAE,1o20_A,DHA9_POLMI)
Align: (1uzb_A) (DHA1_BACSU,DHAL_ECOLI,DHAL_AGABI,DHAB_HORVU,PROA_VIBCH,PROA_ECO57,DHA6_HUMAN,1ky8_A,DHAB_BACSU,PROA_SYNY3,1a4z_A,DHAL_ASPNG,PROA_RHILO,PROA_BACSU,PROA_MEIRU,PROA_STRA3,DHA2_YEAST,PROA_RHIME,YDCW_ECOLI,NAHF_PSESP,ALDB_ECOLI,DHA5_HUMAN,PROA_LEPIN,PROA_STRP3,DHAL_BACST,DHAG_HUMAN,PROA_GLOVI,1a4s_A,YF19_SCHPO,PROA_SYNPX,PROA_SYNEL,PROA_WOLSU,PROA_RHOBA,PROA_BIFLO,XYLC_PSEPU,DMPC_PSEUF,DHAL_ALTAL,PROA_NEIMA,ROCA_OCEIH,ROC2_BACSU,ALDA_ECOLI,PROA_METAC,PROA_HAEIN,PROA_COREF,PROA_BORBR,PROA_CLOAB,PROA_LACLA,ROCA_STAAM,PROA_CHLTE,PROA_SERMA,PROA_LISIN,PROA_STRAW,PROA_CAMJE,PROA_BACTN,PROA_AQUAE,PROA_CLOPE,PROA_THET2,PROA_STRMU,PROA_MYCLE,DHA1_BOVIN,PROA_XYLFA,PROA_PSEPK,PROA_BACHD,PROA_THETN,PROA_TREPA,PROA_PHOLL,PROA_CLOTE,PROA_NITEU,PROA_PROMP,PROA_PROMA,PROA_PROMM,PROA_CHRVO,PROA_PSEAE,1o20_A,DHA9_POLMI)
Align: (PROA_STRPN) (1uzb_A,DHA1_BACSU,DHAL_ECOLI,DHAL_AGABI,DHAB_HORVU,PROA_VIBCH,PROA_ECO57,DHA6_HUMAN,1ky8_A,DHAB_BACSU,PROA_SYNY3,1a4z_A,DHAL_ASPNG,PROA_RHILO,PROA_BACSU,PROA_MEIRU,PROA_STRA3,DHA2_YEAST,PROA_RHIME,YDCW_ECOLI,NAHF_PSESP,ALDB_ECOLI,DHA5_HUMAN,PROA_LEPIN,PROA_STRP3,DHAL_BACST,DHAG_HUMAN,PROA_GLOVI,1a4s_A,YF19_SCHPO,PROA_SYNPX,PROA_SYNEL,PROA_WOLSU,PROA_RHOBA,PROA_BIFLO,XYLC_PSEPU,DMPC_PSEUF,DHAL_ALTAL,PROA_NEIMA,ROCA_OCEIH,ROC2_BACSU,ALDA_ECOLI,PROA_METAC,PROA_HAEIN,PROA_COREF,PROA_BORBR,PROA_CLOAB,PROA_LACLA,ROCA_STAAM,PROA_CHLTE,PROA_SERMA,PROA_LISIN,PROA_STRAW,PROA_CAMJE,PROA_BACTN,PROA_AQUAE,PROA_CLOPE,PROA_THET2,PROA_STRMU,PROA_MYCLE,DHA1_BOVIN,PROA_XYLFA,PROA_PSEPK,PROA_BACHD,PROA_THETN,PROA_TREPA,PROA_PHOLL,PROA_CLOTE,PROA_NITEU,PROA_PROMP,PROA_PROMA,PROA_PROMM,PROA_CHRVO,PROA_PSEAE,1o20_A,DHA9_POLMI)
Align: (PROA_SHEON) (PROA_STRPN,1uzb_A,DHA1_BACSU,DHAL_ECOLI,DHAL_AGABI,DHAB_HORVU,PROA_VIBCH,PROA_ECO57,DHA6_HUMAN,1ky8_A,DHAB_BACSU,PROA_SYNY3,1a4z_A,DHAL_ASPNG,PROA_RHILO,PROA_BACSU,PROA_MEIRU,PROA_STRA3,DHA2_YEAST,PROA_RHIME,YDCW_ECOLI,NAHF_PSESP,ALDB_ECOLI,DHA5_HUMAN,PROA_LEPIN,PROA_STRP3,DHAL_BACST,DHAG_HUMAN,PROA_GLOVI,1a4s_A,YF19_SCHPO,PROA_SYNPX,PROA_SYNEL,PROA_WOLSU,PROA_RHOBA,PROA_BIFLO,XYLC_PSEPU,DMPC_PSEUF,DHAL_ALTAL,PROA_NEIMA,ROCA_OCEIH,ROC2_BACSU,ALDA_ECOLI,PROA_METAC,PROA_HAEIN,PROA_COREF,PROA_BORBR,PROA_CLOAB,PROA_LACLA,ROCA_STAAM,PROA_CHLTE,PROA_SERMA,PROA_LISIN,PROA_STRAW,PROA_CAMJE,PROA_BACTN,PROA_AQUAE,PROA_CLOPE,PROA_THET2,PROA_STRMU,PROA_MYCLE,DHA1_BOVIN,PROA_XYLFA,PROA_PSEPK,PROA_BACHD,PROA_THETN,PROA_TREPA,PROA_PHOLL,PROA_CLOTE,PROA_NITEU,PROA_PROMP,PROA_PROMA,PROA_PROMM,PROA_CHRVO,PROA_PSEAE,1o20_A,DHA9_POLMI)
Align: (PROA_XANAC) (PROA_SHEON,PROA_STRPN,1uzb_A,DHA1_BACSU,DHAL_ECOLI,DHAL_AGABI,DHAB_HORVU,PROA_VIBCH,PROA_ECO57,DHA6_HUMAN,1ky8_A,DHAB_BACSU,PROA_SYNY3,1a4z_A,DHAL_ASPNG,PROA_RHILO,PROA_BACSU,PROA_MEIRU,PROA_STRA3,DHA2_YEAST,PROA_RHIME,YDCW_ECOLI,NAHF_PSESP,ALDB_ECOLI,DHA5_HUMAN,PROA_LEPIN,PROA_STRP3,DHAL_BACST,DHAG_HUMAN,PROA_GLOVI,1a4s_A,YF19_SCHPO,PROA_SYNPX,PROA_SYNEL,PROA_WOLSU,PROA_RHOBA,PROA_BIFLO,XYLC_PSEPU,DMPC_PSEUF,DHAL_ALTAL,PROA_NEIMA,ROCA_OCEIH,ROC2_BACSU,ALDA_ECOLI,PROA_METAC,PROA_HAEIN,PROA_COREF,PROA_BORBR,PROA_CLOAB,PROA_LACLA,ROCA_STAAM,PROA_CHLTE,PROA_SERMA,PROA_LISIN,PROA_STRAW,PROA_CAMJE,PROA_BACTN,PROA_AQUAE,PROA_CLOPE,PROA_THET2,PROA_STRMU,PROA_MYCLE,DHA1_BOVIN,PROA_XYLFA,PROA_PSEPK,PROA_BACHD,PROA_THETN,PROA_TREPA,PROA_PHOLL,PROA_CLOTE,PROA_NITEU,PROA_PROMP,PROA_PROMA,PROA_PROMM,PROA_CHRVO,PROA_PSEAE,1o20_A,DHA9_POLMI)
Align: (P5C1_ARATH) (PROA_XANAC,PROA_SHEON,PROA_STRPN,1uzb_A,DHA1_BACSU,DHAL_ECOLI,DHAL_AGABI,DHAB_HORVU,PROA_VIBCH,PROA_ECO57,DHA6_HUMAN,1ky8_A,DHAB_BACSU,PROA_SYNY3,1a4z_A,DHAL_ASPNG,PROA_RHILO,PROA_BACSU,PROA_MEIRU,PROA_STRA3,DHA2_YEAST,PROA_RHIME,YDCW_ECOLI,NAHF_PSESP,ALDB_ECOLI,DHA5_HUMAN,PROA_LEPIN,PROA_STRP3,DHAL_BACST,DHAG_HUMAN,PROA_GLOVI,1a4s_A,YF19_SCHPO,PROA_SYNPX,PROA_SYNEL,PROA_WOLSU,PROA_RHOBA,PROA_BIFLO,XYLC_PSEPU,DMPC_PSEUF,DHAL_ALTAL,PROA_NEIMA,ROCA_OCEIH,ROC2_BACSU,ALDA_ECOLI,PROA_METAC,PROA_HAEIN,PROA_COREF,PROA_BORBR,PROA_CLOAB,PROA_LACLA,ROCA_STAAM,PROA_CHLTE,PROA_SERMA,PROA_LISIN,PROA_STRAW,PROA_CAMJE,PROA_BACTN,PROA_AQUAE,PROA_CLOPE,PROA_THET2,PROA_STRMU,PROA_MYCLE,DHA1_BOVIN,PROA_XYLFA,PROA_PSEPK,PROA_BACHD,PROA_THETN,PROA_TREPA,PROA_PHOLL,PROA_CLOTE,PROA_NITEU,PROA_PROMP,PROA_PROMA,PROA_PROMM,PROA_CHRVO,PROA_PSEAE,1o20_A,DHA9_POLMI)
Align: (DHAB_AMAHP) (P5C1_ARATH,PROA_XANAC,PROA_SHEON,PROA_STRPN,1uzb_A,DHA1_BACSU,DHAL_ECOLI,DHAL_AGABI,DHAB_HORVU,PROA_VIBCH,PROA_ECO57,DHA6_HUMAN,1ky8_A,DHAB_BACSU,PROA_SYNY3,1a4z_A,DHAL_ASPNG,PROA_RHILO,PROA_BACSU,PROA_MEIRU,PROA_STRA3,DHA2_YEAST,PROA_RHIME,YDCW_ECOLI,NAHF_PSESP,ALDB_ECOLI,DHA5_HUMAN,PROA_LEPIN,PROA_STRP3,DHAL_BACST,DHAG_HUMAN,PROA_GLOVI,1a4s_A,YF19_SCHPO,PROA_SYNPX,PROA_SYNEL,PROA_WOLSU,PROA_RHOBA,PROA_BIFLO,XYLC_PSEPU,DMPC_PSEUF,DHAL_ALTAL,PROA_NEIMA,ROCA_OCEIH,ROC2_BACSU,ALDA_ECOLI,PROA_METAC,PROA_HAEIN,PROA_COREF,PROA_BORBR,PROA_CLOAB,PROA_LACLA,ROCA_STAAM,PROA_CHLTE,PROA_SERMA,PROA_LISIN,PROA_STRAW,PROA_CAMJE,PROA_BACTN,PROA_AQUAE,PROA_CLOPE,PROA_THET2,PROA_STRMU,PROA_MYCLE,DHA1_BOVIN,PROA_XYLFA,PROA_PSEPK,PROA_BACHD,PROA_THETN,PROA_TREPA,PROA_PHOLL,PROA_CLOTE,PROA_NITEU,PROA_PROMP,PROA_PROMA,PROA_PROMM,PROA_CHRVO,PROA_PSEAE,1o20_A,DHA9_POLMI)
Align: (DHAB_SCHPO) (DHAB_AMAHP,P5C1_ARATH,PROA_XANAC,PROA_SHEON,PROA_STRPN,1uzb_A,DHA1_BACSU,DHAL_ECOLI,DHAL_AGABI,DHAB_HORVU,PROA_VIBCH,PROA_ECO57,DHA6_HUMAN,1ky8_A,DHAB_BACSU,PROA_SYNY3,1a4z_A,DHAL_ASPNG,PROA_RHILO,PROA_BACSU,PROA_MEIRU,PROA_STRA3,DHA2_YEAST,PROA_RHIME,YDCW_ECOLI,NAHF_PSESP,ALDB_ECOLI,DHA5_HUMAN,PROA_LEPIN,PROA_STRP3,DHAL_BACST,DHAG_HUMAN,PROA_GLOVI,1a4s_A,YF19_SCHPO,PROA_SYNPX,PROA_SYNEL,PROA_WOLSU,PROA_RHOBA,PROA_BIFLO,XYLC_PSEPU,DMPC_PSEUF,DHAL_ALTAL,PROA_NEIMA,ROCA_OCEIH,ROC2_BACSU,ALDA_ECOLI,PROA_METAC,PROA_HAEIN,PROA_COREF,PROA_BORBR,PROA_CLOAB,PROA_LACLA,ROCA_STAAM,PROA_CHLTE,PROA_SERMA,PROA_LISIN,PROA_STRAW,PROA_CAMJE,PROA_BACTN,PROA_AQUAE,PROA_CLOPE,PROA_THET2,PROA_STRMU,PROA_MYCLE,DHA1_BOVIN,PROA_XYLFA,PROA_PSEPK,PROA_BACHD,PROA_THETN,PROA_TREPA,PROA_PHOLL,PROA_CLOTE,PROA_NITEU,PROA_PROMP,PROA_PROMA,PROA_PROMM,PROA_CHRVO,PROA_PSEAE,1o20_A,DHA9_POLMI)
Align: (ROCA_BACAN) (DHAB_SCHPO,DHAB_AMAHP,P5C1_ARATH,PROA_XANAC,PROA_SHEON,PROA_STRPN,1uzb_A,DHA1_BACSU,DHAL_ECOLI,DHAL_AGABI,DHAB_HORVU,PROA_VIBCH,PROA_ECO57,DHA6_HUMAN,1ky8_A,DHAB_BACSU,PROA_SYNY3,1a4z_A,DHAL_ASPNG,PROA_RHILO,PROA_BACSU,PROA_MEIRU,PROA_STRA3,DHA2_YEAST,PROA_RHIME,YDCW_ECOLI,NAHF_PSESP,ALDB_ECOLI,DHA5_HUMAN,PROA_LEPIN,PROA_STRP3,DHAL_BACST,DHAG_HUMAN,PROA_GLOVI,1a4s_A,YF19_SCHPO,PROA_SYNPX,PROA_SYNEL,PROA_WOLSU,PROA_RHOBA,PROA_BIFLO,XYLC_PSEPU,DMPC_PSEUF,DHAL_ALTAL,PROA_NEIMA,ROCA_OCEIH,ROC2_BACSU,ALDA_ECOLI,PROA_METAC,PROA_HAEIN,PROA_COREF,PROA_BORBR,PROA_CLOAB,PROA_LACLA,ROCA_STAAM,PROA_CHLTE,PROA_SERMA,PROA_LISIN,PROA_STRAW,PROA_CAMJE,PROA_BACTN,PROA_AQUAE,PROA_CLOPE,PROA_THET2,PROA_STRMU,PROA_MYCLE,DHA1_BOVIN,PROA_XYLFA,PROA_PSEPK,PROA_BACHD,PROA_THETN,PROA_TREPA,PROA_PHOLL,PROA_CLOTE,PROA_NITEU,PROA_PROMP,PROA_PROMA,PROA_PROMM,PROA_CHRVO,PROA_PSEAE,1o20_A,DHA9_POLMI)
Align: (DHAB_RHIME) (ROCA_BACAN,DHAB_SCHPO,DHAB_AMAHP,P5C1_ARATH,PROA_XANAC,PROA_SHEON,PROA_STRPN,1uzb_A,DHA1_BACSU,DHAL_ECOLI,DHAL_AGABI,DHAB_HORVU,PROA_VIBCH,PROA_ECO57,DHA6_HUMAN,1ky8_A,DHAB_BACSU,PROA_SYNY3,1a4z_A,DHAL_ASPNG,PROA_RHILO,PROA_BACSU,PROA_MEIRU,PROA_STRA3,DHA2_YEAST,PROA_RHIME,YDCW_ECOLI,NAHF_PSESP,ALDB_ECOLI,DHA5_HUMAN,PROA_LEPIN,PROA_STRP3,DHAL_BACST,DHAG_HUMAN,PROA_GLOVI,1a4s_A,YF19_SCHPO,PROA_SYNPX,PROA_SYNEL,PROA_WOLSU,PROA_RHOBA,PROA_BIFLO,XYLC_PSEPU,DMPC_PSEUF,DHAL_ALTAL,PROA_NEIMA,ROCA_OCEIH,ROC2_BACSU,ALDA_ECOLI,PROA_METAC,PROA_HAEIN,PROA_COREF,PROA_BORBR,PROA_CLOAB,PROA_LACLA,ROCA_STAAM,PROA_CHLTE,PROA_SERMA,PROA_LISIN,PROA_STRAW,PROA_CAMJE,PROA_BACTN,PROA_AQUAE,PROA_CLOPE,PROA_THET2,PROA_STRMU,PROA_MYCLE,DHA1_BOVIN,PROA_XYLFA,PROA_PSEPK,PROA_BACHD,PROA_THETN,PROA_TREPA,PROA_PHOLL,PROA_CLOTE,PROA_NITEU,PROA_PROMP,PROA_PROMA,PROA_PROMM,PROA_CHRVO,PROA_PSEAE,1o20_A,DHA9_POLMI)
Align: (PROA_PASMU,PROA_OCEIH,DHAM_LEITA) (DHAB_RHIME,ROCA_BACAN,DHAB_SCHPO,DHAB_AMAHP,P5C1_ARATH,PROA_XANAC,PROA_SHEON,PROA_STRPN,1uzb_A,DHA1_BACSU,DHAL_ECOLI,DHAL_AGABI,DHAB_HORVU,PROA_VIBCH,PROA_ECO57,DHA6_HUMAN,1ky8_A,DHAB_BACSU,PROA_SYNY3,1a4z_A,DHAL_ASPNG,PROA_RHILO,PROA_BACSU,PROA_MEIRU,PROA_STRA3,DHA2_YEAST,PROA_RHIME,YDCW_ECOLI,NAHF_PSESP,ALDB_ECOLI,DHA5_HUMAN,PROA_LEPIN,PROA_STRP3,DHAL_BACST,DHAG_HUMAN,PROA_GLOVI,1a4s_A,YF19_SCHPO,PROA_SYNPX,PROA_SYNEL,PROA_WOLSU,PROA_RHOBA,PROA_BIFLO,XYLC_PSEPU,DMPC_PSEUF,DHAL_ALTAL,PROA_NEIMA,ROCA_OCEIH,ROC2_BACSU,ALDA_ECOLI,PROA_METAC,PROA_HAEIN,PROA_COREF,PROA_BORBR,PROA_CLOAB,PROA_LACLA,ROCA_STAAM,PROA_CHLTE,PROA_SERMA,PROA_LISIN,PROA_STRAW,PROA_CAMJE,PROA_BACTN,PROA_AQUAE,PROA_CLOPE,PROA_THET2,PROA_STRMU,PROA_MYCLE,DHA1_BOVIN,PROA_XYLFA,PROA_PSEPK,PROA_BACHD,PROA_THETN,PROA_TREPA,PROA_PHOLL,PROA_CLOTE,PROA_NITEU,PROA_PROMP,PROA_PROMA,PROA_PROMM,PROA_CHRVO,PROA_PSEAE,1o20_A,DHA9_POLMI)
Align: (PROA_BACAN,DHA2_HUMAN) (PROA_PASMU,PROA_OCEIH,DHAM_LEITA,DHAB_RHIME,ROCA_BACAN,DHAB_SCHPO,DHAB_AMAHP,P5C1_ARATH,PROA_XANAC,PROA_SHEON,PROA_STRPN,1uzb_A,DHA1_BACSU,DHAL_ECOLI,DHAL_AGABI,DHAB_HORVU,PROA_VIBCH,PROA_ECO57,DHA6_HUMAN,1ky8_A,DHAB_BACSU,PROA_SYNY3,1a4z_A,DHAL_ASPNG,PROA_RHILO,PROA_BACSU,PROA_MEIRU,PROA_STRA3,DHA2_YEAST,PROA_RHIME,YDCW_ECOLI,NAHF_PSESP,ALDB_ECOLI,DHA5_HUMAN,PROA_LEPIN,PROA_STRP3,DHAL_BACST,DHAG_HUMAN,PROA_GLOVI,1a4s_A,YF19_SCHPO,PROA_SYNPX,PROA_SYNEL,PROA_WOLSU,PROA_RHOBA,PROA_BIFLO,XYLC_PSEPU,DMPC_PSEUF,DHAL_ALTAL,PROA_NEIMA,ROCA_OCEIH,ROC2_BACSU,ALDA_ECOLI,PROA_METAC,PROA_HAEIN,PROA_COREF,PROA_BORBR,PROA_CLOAB,PROA_LACLA,ROCA_STAAM,PROA_CHLTE,PROA_SERMA,PROA_LISIN,PROA_STRAW,PROA_CAMJE,PROA_BACTN,PROA_AQUAE,PROA_CLOPE,PROA_THET2,PROA_STRMU,PROA_MYCLE,DHA1_BOVIN,PROA_XYLFA,PROA_PSEPK,PROA_BACHD,PROA_THETN,PROA_TREPA,PROA_PHOLL,PROA_CLOTE,PROA_NITEU,PROA_PROMP,PROA_PROMA,PROA_PROMM,PROA_CHRVO,PROA_PSEAE,1o20_A,DHA9_POLMI)
Align: (PROA_RALSO) (PROA_BACAN,DHA2_HUMAN,PROA_PASMU,PROA_OCEIH,DHAM_LEITA,DHAB_RHIME,ROCA_BACAN,DHAB_SCHPO,DHAB_AMAHP,P5C1_ARATH,PROA_XANAC,PROA_SHEON,PROA_STRPN,1uzb_A,DHA1_BACSU,DHAL_ECOLI,DHAL_AGABI,DHAB_HORVU,PROA_VIBCH,PROA_ECO57,DHA6_HUMAN,1ky8_A,DHAB_BACSU,PROA_SYNY3,1a4z_A,DHAL_ASPNG,PROA_RHILO,PROA_BACSU,PROA_MEIRU,PROA_STRA3,DHA2_YEAST,PROA_RHIME,YDCW_ECOLI,NAHF_PSESP,ALDB_ECOLI,DHA5_HUMAN,PROA_LEPIN,PROA_STRP3,DHAL_BACST,DHAG_HUMAN,PROA_GLOVI,1a4s_A,YF19_SCHPO,PROA_SYNPX,PROA_SYNEL,PROA_WOLSU,PROA_RHOBA,PROA_BIFLO,XYLC_PSEPU,DMPC_PSEUF,DHAL_ALTAL,PROA_NEIMA,ROCA_OCEIH,ROC2_BACSU,ALDA_ECOLI,PROA_METAC,PROA_HAEIN,PROA_COREF,PROA_BORBR,PROA_CLOAB,PROA_LACLA,ROCA_STAAM,PROA_CHLTE,PROA_SERMA,PROA_LISIN,PROA_STRAW,PROA_CAMJE,PROA_BACTN,PROA_AQUAE,PROA_CLOPE,PROA_THET2,PROA_STRMU,PROA_MYCLE,DHA1_BOVIN,PROA_XYLFA,PROA_PSEPK,PROA_BACHD,PROA_THETN,PROA_TREPA,PROA_PHOLL,PROA_CLOTE,PROA_NITEU,PROA_PROMP,PROA_PROMA,PROA_PROMM,PROA_CHRVO,PROA_PSEAE,1o20_A,DHA9_POLMI)
Align: (PROA_BRUME) (PROA_RALSO,PROA_BACAN,DHA2_HUMAN,PROA_PASMU,PROA_OCEIH,DHAM_LEITA,DHAB_RHIME,ROCA_BACAN,DHAB_SCHPO,DHAB_AMAHP,P5C1_ARATH,PROA_XANAC,PROA_SHEON,PROA_STRPN,1uzb_A,DHA1_BACSU,DHAL_ECOLI,DHAL_AGABI,DHAB_HORVU,PROA_VIBCH,PROA_ECO57,DHA6_HUMAN,1ky8_A,DHAB_BACSU,PROA_SYNY3,1a4z_A,DHAL_ASPNG,PROA_RHILO,PROA_BACSU,PROA_MEIRU,PROA_STRA3,DHA2_YEAST,PROA_RHIME,YDCW_ECOLI,NAHF_PSESP,ALDB_ECOLI,DHA5_HUMAN,PROA_LEPIN,PROA_STRP3,DHAL_BACST,DHAG_HUMAN,PROA_GLOVI,1a4s_A,YF19_SCHPO,PROA_SYNPX,PROA_SYNEL,PROA_WOLSU,PROA_RHOBA,PROA_BIFLO,XYLC_PSEPU,DMPC_PSEUF,DHAL_ALTAL,PROA_NEIMA,ROCA_OCEIH,ROC2_BACSU,ALDA_ECOLI,PROA_METAC,PROA_HAEIN,PROA_COREF,PROA_BORBR,PROA_CLOAB,PROA_LACLA,ROCA_STAAM,PROA_CHLTE,PROA_SERMA,PROA_LISIN,PROA_STRAW,PROA_CAMJE,PROA_BACTN,PROA_AQUAE,PROA_CLOPE,PROA_THET2,PROA_STRMU,PROA_MYCLE,DHA1_BOVIN,PROA_XYLFA,PROA_PSEPK,PROA_BACHD,PROA_THETN,PROA_TREPA,PROA_PHOLL,PROA_CLOTE,PROA_NITEU,PROA_PROMP,PROA_PROMA,PROA_PROMM,PROA_CHRVO,PROA_PSEAE,1o20_A,DHA9_POLMI)
Align: (P5CS_VIGAC) (PROA_BRUME,PROA_RALSO,PROA_BACAN,DHA2_HUMAN,PROA_PASMU,PROA_OCEIH,DHAM_LEITA,DHAB_RHIME,ROCA_BACAN,DHAB_SCHPO,DHAB_AMAHP,P5C1_ARATH,PROA_XANAC,PROA_SHEON,PROA_STRPN,1uzb_A,DHA1_BACSU,DHAL_ECOLI,DHAL_AGABI,DHAB_HORVU,PROA_VIBCH,PROA_ECO57,DHA6_HUMAN,1ky8_A,DHAB_BACSU,PROA_SYNY3,1a4z_A,DHAL_ASPNG,PROA_RHILO,PROA_BACSU,PROA_MEIRU,PROA_STRA3,DHA2_YEAST,PROA_RHIME,YDCW_ECOLI,NAHF_PSESP,ALDB_ECOLI,DHA5_HUMAN,PROA_LEPIN,PROA_STRP3,DHAL_BACST,DHAG_HUMAN,PROA_GLOVI,1a4s_A,YF19_SCHPO,PROA_SYNPX,PROA_SYNEL,PROA_WOLSU,PROA_RHOBA,PROA_BIFLO,XYLC_PSEPU,DMPC_PSEUF,DHAL_ALTAL,PROA_NEIMA,ROCA_OCEIH,ROC2_BACSU,ALDA_ECOLI,PROA_METAC,PROA_HAEIN,PROA_COREF,PROA_BORBR,PROA_CLOAB,PROA_LACLA,ROCA_STAAM,PROA_CHLTE,PROA_SERMA,PROA_LISIN,PROA_STRAW,PROA_CAMJE,PROA_BACTN,PROA_AQUAE,PROA_CLOPE,PROA_THET2,PROA_STRMU,PROA_MYCLE,DHA1_BOVIN,PROA_XYLFA,PROA_PSEPK,PROA_BACHD,PROA_THETN,PROA_TREPA,PROA_PHOLL,PROA_CLOTE,PROA_NITEU,PROA_PROMP,PROA_PROMA,PROA_PROMM,PROA_CHRVO,PROA_PSEAE,1o20_A,DHA9_POLMI)
Align: (DHAB_ARATH) (P5CS_VIGAC,PROA_BRUME,PROA_RALSO,PROA_BACAN,DHA2_HUMAN,PROA_PASMU,PROA_OCEIH,DHAM_LEITA,DHAB_RHIME,ROCA_BACAN,DHAB_SCHPO,DHAB_AMAHP,P5C1_ARATH,PROA_XANAC,PROA_SHEON,PROA_STRPN,1uzb_A,DHA1_BACSU,DHAL_ECOLI,DHAL_AGABI,DHAB_HORVU,PROA_VIBCH,PROA_ECO57,DHA6_HUMAN,1ky8_A,DHAB_BACSU,PROA_SYNY3,1a4z_A,DHAL_ASPNG,PROA_RHILO,PROA_BACSU,PROA_MEIRU,PROA_STRA3,DHA2_YEAST,PROA_RHIME,YDCW_ECOLI,NAHF_PSESP,ALDB_ECOLI,DHA5_HUMAN,PROA_LEPIN,PROA_STRP3,DHAL_BACST,DHAG_HUMAN,PROA_GLOVI,1a4s_A,YF19_SCHPO,PROA_SYNPX,PROA_SYNEL,PROA_WOLSU,PROA_RHOBA,PROA_BIFLO,XYLC_PSEPU,DMPC_PSEUF,DHAL_ALTAL,PROA_NEIMA,ROCA_OCEIH,ROC2_BACSU,ALDA_ECOLI,PROA_METAC,PROA_HAEIN,PROA_COREF,PROA_BORBR,PROA_CLOAB,PROA_LACLA,ROCA_STAAM,PROA_CHLTE,PROA_SERMA,PROA_LISIN,PROA_STRAW,PROA_CAMJE,PROA_BACTN,PROA_AQUAE,PROA_CLOPE,PROA_THET2,PROA_STRMU,PROA_MYCLE,DHA1_BOVIN,PROA_XYLFA,PROA_PSEPK,PROA_BACHD,PROA_THETN,PROA_TREPA,PROA_PHOLL,PROA_CLOTE,PROA_NITEU,PROA_PROMP,PROA_PROMA,PROA_PROMM,PROA_CHRVO,PROA_PSEAE,1o20_A,DHA9_POLMI)
Align: (ROC1_BACHD) (DHAB_ARATH,P5CS_VIGAC,PROA_BRUME,PROA_RALSO,PROA_BACAN,DHA2_HUMAN,PROA_PASMU,PROA_OCEIH,DHAM_LEITA,DHAB_RHIME,ROCA_BACAN,DHAB_SCHPO,DHAB_AMAHP,P5C1_ARATH,PROA_XANAC,PROA_SHEON,PROA_STRPN,1uzb_A,DHA1_BACSU,DHAL_ECOLI,DHAL_AGABI,DHAB_HORVU,PROA_VIBCH,PROA_ECO57,DHA6_HUMAN,1ky8_A,DHAB_BACSU,PROA_SYNY3,1a4z_A,DHAL_ASPNG,PROA_RHILO,PROA_BACSU,PROA_MEIRU,PROA_STRA3,DHA2_YEAST,PROA_RHIME,YDCW_ECOLI,NAHF_PSESP,ALDB_ECOLI,DHA5_HUMAN,PROA_LEPIN,PROA_STRP3,DHAL_BACST,DHAG_HUMAN,PROA_GLOVI,1a4s_A,YF19_SCHPO,PROA_SYNPX,PROA_SYNEL,PROA_WOLSU,PROA_RHOBA,PROA_BIFLO,XYLC_PSEPU,DMPC_PSEUF,DHAL_ALTAL,PROA_NEIMA,ROCA_OCEIH,ROC2_BACSU,ALDA_ECOLI,PROA_METAC,PROA_HAEIN,PROA_COREF,PROA_BORBR,PROA_CLOAB,PROA_LACLA,ROCA_STAAM,PROA_CHLTE,PROA_SERMA,PROA_LISIN,PROA_STRAW,PROA_CAMJE,PROA_BACTN,PROA_AQUAE,PROA_CLOPE,PROA_THET2,PROA_STRMU,PROA_MYCLE,DHA1_BOVIN,PROA_XYLFA,PROA_PSEPK,PROA_BACHD,PROA_THETN,PROA_TREPA,PROA_PHOLL,PROA_CLOTE,PROA_NITEU,PROA_PROMP,PROA_PROMA,PROA_PROMM,PROA_CHRVO,PROA_PSEAE,1o20_A,DHA9_POLMI)
Align: (PROA_AGRT5) (ROC1_BACHD,DHAB_ARATH,P5CS_VIGAC,PROA_BRUME,PROA_RALSO,PROA_BACAN,DHA2_HUMAN,PROA_PASMU,PROA_OCEIH,DHAM_LEITA,DHAB_RHIME,ROCA_BACAN,DHAB_SCHPO,DHAB_AMAHP,P5C1_ARATH,PROA_XANAC,PROA_SHEON,PROA_STRPN,1uzb_A,DHA1_BACSU,DHAL_ECOLI,DHAL_AGABI,DHAB_HORVU,PROA_VIBCH,PROA_ECO57,DHA6_HUMAN,1ky8_A,DHAB_BACSU,PROA_SYNY3,1a4z_A,DHAL_ASPNG,PROA_RHILO,PROA_BACSU,PROA_MEIRU,PROA_STRA3,DHA2_YEAST,PROA_RHIME,YDCW_ECOLI,NAHF_PSESP,ALDB_ECOLI,DHA5_HUMAN,PROA_LEPIN,PROA_STRP3,DHAL_BACST,DHAG_HUMAN,PROA_GLOVI,1a4s_A,YF19_SCHPO,PROA_SYNPX,PROA_SYNEL,PROA_WOLSU,PROA_RHOBA,PROA_BIFLO,XYLC_PSEPU,DMPC_PSEUF,DHAL_ALTAL,PROA_NEIMA,ROCA_OCEIH,ROC2_BACSU,ALDA_ECOLI,PROA_METAC,PROA_HAEIN,PROA_COREF,PROA_BORBR,PROA_CLOAB,PROA_LACLA,ROCA_STAAM,PROA_CHLTE,PROA_SERMA,PROA_LISIN,PROA_STRAW,PROA_CAMJE,PROA_BACTN,PROA_AQUAE,PROA_CLOPE,PROA_THET2,PROA_STRMU,PROA_MYCLE,DHA1_BOVIN,PROA_XYLFA,PROA_PSEPK,PROA_BACHD,PROA_THETN,PROA_TREPA,PROA_PHOLL,PROA_CLOTE,PROA_NITEU,PROA_PROMP,PROA_PROMA,PROA_PROMM,PROA_CHRVO,PROA_PSEAE,1o20_A,DHA9_POLMI)
Align: (ROCA_BACSU,1euh_A,PROA_CAUCR,FEAB_ECOLI,PROA_LACPL,PROA_ANASP,PROA_STRTR,PROA_HELHP,1ad3_A,DHAY_YEAST,PROA_DEIRA,DHA6_YEAST,PROA_ENTFA,DHAL_ENCBU) (PROA_AGRT5,ROC1_BACHD,DHAB_ARATH,P5CS_VIGAC,PROA_BRUME,PROA_RALSO,PROA_BACAN,DHA2_HUMAN,PROA_PASMU,PROA_OCEIH,DHAM_LEITA,DHAB_RHIME,ROCA_BACAN,DHAB_SCHPO,DHAB_AMAHP,P5C1_ARATH,PROA_XANAC,PROA_SHEON,PROA_STRPN,1uzb_A,DHA1_BACSU,DHAL_ECOLI,DHAL_AGABI,DHAB_HORVU,PROA_VIBCH,PROA_ECO57,DHA6_HUMAN,1ky8_A,DHAB_BACSU,PROA_SYNY3,1a4z_A,DHAL_ASPNG,PROA_RHILO,PROA_BACSU,PROA_MEIRU,PROA_STRA3,DHA2_YEAST,PROA_RHIME,YDCW_ECOLI,NAHF_PSESP,ALDB_ECOLI,DHA5_HUMAN,PROA_LEPIN,PROA_STRP3,DHAL_BACST,DHAG_HUMAN,PROA_GLOVI,1a4s_A,YF19_SCHPO,PROA_SYNPX,PROA_SYNEL,PROA_WOLSU,PROA_RHOBA,PROA_BIFLO,XYLC_PSEPU,DMPC_PSEUF,DHAL_ALTAL,PROA_NEIMA,ROCA_OCEIH,ROC2_BACSU,ALDA_ECOLI,PROA_METAC,PROA_HAEIN,PROA_COREF,PROA_BORBR,PROA_CLOAB,PROA_LACLA,ROCA_STAAM,PROA_CHLTE,PROA_SERMA,PROA_LISIN,PROA_STRAW,PROA_CAMJE,PROA_BACTN,PROA_AQUAE,PROA_CLOPE,PROA_THET2,PROA_STRMU,PROA_MYCLE,DHA1_BOVIN,PROA_XYLFA,PROA_PSEPK,PROA_BACHD,PROA_THETN,PROA_TREPA,PROA_PHOLL,PROA_CLOTE,PROA_NITEU,PROA_PROMP,PROA_PROMA,PROA_PROMM,PROA_CHRVO,PROA_PSEAE,1o20_A,DHA9_POLMI)
Align: (PROA_BRAJA) (ROCA_BACSU,1euh_A,PROA_CAUCR,FEAB_ECOLI,PROA_LACPL,PROA_ANASP,PROA_STRTR,PROA_HELHP,1ad3_A,DHAY_YEAST,PROA_DEIRA,DHA6_YEAST,PROA_ENTFA,DHAL_ENCBU,PROA_AGRT5,ROC1_BACHD,DHAB_ARATH,P5CS_VIGAC,PROA_BRUME,PROA_RALSO,PROA_BACAN,DHA2_HUMAN,PROA_PASMU,PROA_OCEIH,DHAM_LEITA,DHAB_RHIME,ROCA_BACAN,DHAB_SCHPO,DHAB_AMAHP,P5C1_ARATH,PROA_XANAC,PROA_SHEON,PROA_STRPN,1uzb_A,DHA1_BACSU,DHAL_ECOLI,DHAL_AGABI,DHAB_HORVU,PROA_VIBCH,PROA_ECO57,DHA6_HUMAN,1ky8_A,DHAB_BACSU,PROA_SYNY3,1a4z_A,DHAL_ASPNG,PROA_RHILO,PROA_BACSU,PROA_MEIRU,PROA_STRA3,DHA2_YEAST,PROA_RHIME,YDCW_ECOLI,NAHF_PSESP,ALDB_ECOLI,DHA5_HUMAN,PROA_LEPIN,PROA_STRP3,DHAL_BACST,DHAG_HUMAN,PROA_GLOVI,1a4s_A,YF19_SCHPO,PROA_SYNPX,PROA_SYNEL,PROA_WOLSU,PROA_RHOBA,PROA_BIFLO,XYLC_PSEPU,DMPC_PSEUF,DHAL_ALTAL,PROA_NEIMA,ROCA_OCEIH,ROC2_BACSU,ALDA_ECOLI,PROA_METAC,PROA_HAEIN,PROA_COREF,PROA_BORBR,PROA_CLOAB,PROA_LACLA,ROCA_STAAM,PROA_CHLTE,PROA_SERMA,PROA_LISIN,PROA_STRAW,PROA_CAMJE,PROA_BACTN,PROA_AQUAE,PROA_CLOPE,PROA_THET2,PROA_STRMU,PROA_MYCLE,DHA1_BOVIN,PROA_XYLFA,PROA_PSEPK,PROA_BACHD,PROA_THETN,PROA_TREPA,PROA_PHOLL,PROA_CLOTE,PROA_NITEU,PROA_PROMP,PROA_PROMA,PROA_PROMM,PROA_CHRVO,PROA_PSEAE,1o20_A,DHA9_POLMI)
Align: (PUT2_EMENI) (PROA_BRAJA,ROCA_BACSU,1euh_A,PROA_CAUCR,FEAB_ECOLI,PROA_LACPL,PROA_ANASP,PROA_STRTR,PROA_HELHP,1ad3_A,DHAY_YEAST,PROA_DEIRA,DHA6_YEAST,PROA_ENTFA,DHAL_ENCBU,PROA_AGRT5,ROC1_BACHD,DHAB_ARATH,P5CS_VIGAC,PROA_BRUME,PROA_RALSO,PROA_BACAN,DHA2_HUMAN,PROA_PASMU,PROA_OCEIH,DHAM_LEITA,DHAB_RHIME,ROCA_BACAN,DHAB_SCHPO,DHAB_AMAHP,P5C1_ARATH,PROA_XANAC,PROA_SHEON,PROA_STRPN,1uzb_A,DHA1_BACSU,DHAL_ECOLI,DHAL_AGABI,DHAB_HORVU,PROA_VIBCH,PROA_ECO57,DHA6_HUMAN,1ky8_A,DHAB_BACSU,PROA_SYNY3,1a4z_A,DHAL_ASPNG,PROA_RHILO,PROA_BACSU,PROA_MEIRU,PROA_STRA3,DHA2_YEAST,PROA_RHIME,YDCW_ECOLI,NAHF_PSESP,ALDB_ECOLI,DHA5_HUMAN,PROA_LEPIN,PROA_STRP3,DHAL_BACST,DHAG_HUMAN,PROA_GLOVI,1a4s_A,YF19_SCHPO,PROA_SYNPX,PROA_SYNEL,PROA_WOLSU,PROA_RHOBA,PROA_BIFLO,XYLC_PSEPU,DMPC_PSEUF,DHAL_ALTAL,PROA_NEIMA,ROCA_OCEIH,ROC2_BACSU,ALDA_ECOLI,PROA_METAC,PROA_HAEIN,PROA_COREF,PROA_BORBR,PROA_CLOAB,PROA_LACLA,ROCA_STAAM,PROA_CHLTE,PROA_SERMA,PROA_LISIN,PROA_STRAW,PROA_CAMJE,PROA_BACTN,PROA_AQUAE,PROA_CLOPE,PROA_THET2,PROA_STRMU,PROA_MYCLE,DHA1_BOVIN,PROA_XYLFA,PROA_PSEPK,PROA_BACHD,PROA_THETN,PROA_TREPA,PROA_PHOLL,PROA_CLOTE,PROA_NITEU,PROA_PROMP,PROA_PROMA,PROA_PROMM,PROA_CHRVO,PROA_PSEAE,1o20_A,DHA9_POLMI)
Align: (P5CS_ACTCH) (PUT2_EMENI,PROA_BRAJA,ROCA_BACSU,1euh_A,PROA_CAUCR,FEAB_ECOLI,PROA_LACPL,PROA_ANASP,PROA_STRTR,PROA_HELHP,1ad3_A,DHAY_YEAST,PROA_DEIRA,DHA6_YEAST,PROA_ENTFA,DHAL_ENCBU,PROA_AGRT5,ROC1_BACHD,DHAB_ARATH,P5CS_VIGAC,PROA_BRUME,PROA_RALSO,PROA_BACAN,DHA2_HUMAN,PROA_PASMU,PROA_OCEIH,DHAM_LEITA,DHAB_RHIME,ROCA_BACAN,DHAB_SCHPO,DHAB_AMAHP,P5C1_ARATH,PROA_XANAC,PROA_SHEON,PROA_STRPN,1uzb_A,DHA1_BACSU,DHAL_ECOLI,DHAL_AGABI,DHAB_HORVU,PROA_VIBCH,PROA_ECO57,DHA6_HUMAN,1ky8_A,DHAB_BACSU,PROA_SYNY3,1a4z_A,DHAL_ASPNG,PROA_RHILO,PROA_BACSU,PROA_MEIRU,PROA_STRA3,DHA2_YEAST,PROA_RHIME,YDCW_ECOLI,NAHF_PSESP,ALDB_ECOLI,DHA5_HUMAN,PROA_LEPIN,PROA_STRP3,DHAL_BACST,DHAG_HUMAN,PROA_GLOVI,1a4s_A,YF19_SCHPO,PROA_SYNPX,PROA_SYNEL,PROA_WOLSU,PROA_RHOBA,PROA_BIFLO,XYLC_PSEPU,DMPC_PSEUF,DHAL_ALTAL,PROA_NEIMA,ROCA_OCEIH,ROC2_BACSU,ALDA_ECOLI,PROA_METAC,PROA_HAEIN,PROA_COREF,PROA_BORBR,PROA_CLOAB,PROA_LACLA,ROCA_STAAM,PROA_CHLTE,PROA_SERMA,PROA_LISIN,PROA_STRAW,PROA_CAMJE,PROA_BACTN,PROA_AQUAE,PROA_CLOPE,PROA_THET2,PROA_STRMU,PROA_MYCLE,DHA1_BOVIN,PROA_XYLFA,PROA_PSEPK,PROA_BACHD,PROA_THETN,PROA_TREPA,PROA_PHOLL,PROA_CLOTE,PROA_NITEU,PROA_PROMP,PROA_PROMA,PROA_PROMM,PROA_CHRVO,PROA_PSEAE,1o20_A,DHA9_POLMI)
Align: (P5CS_ORYSA) (P5CS_ACTCH,PUT2_EMENI,PROA_BRAJA,ROCA_BACSU,1euh_A,PROA_CAUCR,FEAB_ECOLI,PROA_LACPL,PROA_ANASP,PROA_STRTR,PROA_HELHP,1ad3_A,DHAY_YEAST,PROA_DEIRA,DHA6_YEAST,PROA_ENTFA,DHAL_ENCBU,PROA_AGRT5,ROC1_BACHD,DHAB_ARATH,P5CS_VIGAC,PROA_BRUME,PROA_RALSO,PROA_BACAN,DHA2_HUMAN,PROA_PASMU,PROA_OCEIH,DHAM_LEITA,DHAB_RHIME,ROCA_BACAN,DHAB_SCHPO,DHAB_AMAHP,P5C1_ARATH,PROA_XANAC,PROA_SHEON,PROA_STRPN,1uzb_A,DHA1_BACSU,DHAL_ECOLI,DHAL_AGABI,DHAB_HORVU,PROA_VIBCH,PROA_ECO57,DHA6_HUMAN,1ky8_A,DHAB_BACSU,PROA_SYNY3,1a4z_A,DHAL_ASPNG,PROA_RHILO,PROA_BACSU,PROA_MEIRU,PROA_STRA3,DHA2_YEAST,PROA_RHIME,YDCW_ECOLI,NAHF_PSESP,ALDB_ECOLI,DHA5_HUMAN,PROA_LEPIN,PROA_STRP3,DHAL_BACST,DHAG_HUMAN,PROA_GLOVI,1a4s_A,YF19_SCHPO,PROA_SYNPX,PROA_SYNEL,PROA_WOLSU,PROA_RHOBA,PROA_BIFLO,XYLC_PSEPU,DMPC_PSEUF,DHAL_ALTAL,PROA_NEIMA,ROCA_OCEIH,ROC2_BACSU,ALDA_ECOLI,PROA_METAC,PROA_HAEIN,PROA_COREF,PROA_BORBR,PROA_CLOAB,PROA_LACLA,ROCA_STAAM,PROA_CHLTE,PROA_SERMA,PROA_LISIN,PROA_STRAW,PROA_CAMJE,PROA_BACTN,PROA_AQUAE,PROA_CLOPE,PROA_THET2,PROA_STRMU,PROA_MYCLE,DHA1_BOVIN,PROA_XYLFA,PROA_PSEPK,PROA_BACHD,PROA_THETN,PROA_TREPA,PROA_PHOLL,PROA_CLOTE,PROA_NITEU,PROA_PROMP,PROA_PROMA,PROA_PROMM,PROA_CHRVO,PROA_PSEAE,1o20_A,DHA9_POLMI)
Align: (P5CS_MESCR) (P5CS_ORYSA,P5CS_ACTCH,PUT2_EMENI,PROA_BRAJA,ROCA_BACSU,1euh_A,PROA_CAUCR,FEAB_ECOLI,PROA_LACPL,PROA_ANASP,PROA_STRTR,PROA_HELHP,1ad3_A,DHAY_YEAST,PROA_DEIRA,DHA6_YEAST,PROA_ENTFA,DHAL_ENCBU,PROA_AGRT5,ROC1_BACHD,DHAB_ARATH,P5CS_VIGAC,PROA_BRUME,PROA_RALSO,PROA_BACAN,DHA2_HUMAN,PROA_PASMU,PROA_OCEIH,DHAM_LEITA,DHAB_RHIME,ROCA_BACAN,DHAB_SCHPO,DHAB_AMAHP,P5C1_ARATH,PROA_XANAC,PROA_SHEON,PROA_STRPN,1uzb_A,DHA1_BACSU,DHAL_ECOLI,DHAL_AGABI,DHAB_HORVU,PROA_VIBCH,PROA_ECO57,DHA6_HUMAN,1ky8_A,DHAB_BACSU,PROA_SYNY3,1a4z_A,DHAL_ASPNG,PROA_RHILO,PROA_BACSU,PROA_MEIRU,PROA_STRA3,DHA2_YEAST,PROA_RHIME,YDCW_ECOLI,NAHF_PSESP,ALDB_ECOLI,DHA5_HUMAN,PROA_LEPIN,PROA_STRP3,DHAL_BACST,DHAG_HUMAN,PROA_GLOVI,1a4s_A,YF19_SCHPO,PROA_SYNPX,PROA_SYNEL,PROA_WOLSU,PROA_RHOBA,PROA_BIFLO,XYLC_PSEPU,DMPC_PSEUF,DHAL_ALTAL,PROA_NEIMA,ROCA_OCEIH,ROC2_BACSU,ALDA_ECOLI,PROA_METAC,PROA_HAEIN,PROA_COREF,PROA_BORBR,PROA_CLOAB,PROA_LACLA,ROCA_STAAM,PROA_CHLTE,PROA_SERMA,PROA_LISIN,PROA_STRAW,PROA_CAMJE,PROA_BACTN,PROA_AQUAE,PROA_CLOPE,PROA_THET2,PROA_STRMU,PROA_MYCLE,DHA1_BOVIN,PROA_XYLFA,PROA_PSEPK,PROA_BACHD,PROA_THETN,PROA_TREPA,PROA_PHOLL,PROA_CLOTE,PROA_NITEU,PROA_PROMP,PROA_PROMA,PROA_PROMM,PROA_CHRVO,PROA_PSEAE,1o20_A,DHA9_POLMI)
Align: (P5CS_CAEEL) (P5CS_MESCR,P5CS_ORYSA,P5CS_ACTCH,PUT2_EMENI,PROA_BRAJA,ROCA_BACSU,1euh_A,PROA_CAUCR,FEAB_ECOLI,PROA_LACPL,PROA_ANASP,PROA_STRTR,PROA_HELHP,1ad3_A,DHAY_YEAST,PROA_DEIRA,DHA6_YEAST,PROA_ENTFA,DHAL_ENCBU,PROA_AGRT5,ROC1_BACHD,DHAB_ARATH,P5CS_VIGAC,PROA_BRUME,PROA_RALSO,PROA_BACAN,DHA2_HUMAN,PROA_PASMU,PROA_OCEIH,DHAM_LEITA,DHAB_RHIME,ROCA_BACAN,DHAB_SCHPO,DHAB_AMAHP,P5C1_ARATH,PROA_XANAC,PROA_SHEON,PROA_STRPN,1uzb_A,DHA1_BACSU,DHAL_ECOLI,DHAL_AGABI,DHAB_HORVU,PROA_VIBCH,PROA_ECO57,DHA6_HUMAN,1ky8_A,DHAB_BACSU,PROA_SYNY3,1a4z_A,DHAL_ASPNG,PROA_RHILO,PROA_BACSU,PROA_MEIRU,PROA_STRA3,DHA2_YEAST,PROA_RHIME,YDCW_ECOLI,NAHF_PSESP,ALDB_ECOLI,DHA5_HUMAN,PROA_LEPIN,PROA_STRP3,DHAL_BACST,DHAG_HUMAN,PROA_GLOVI,1a4s_A,YF19_SCHPO,PROA_SYNPX,PROA_SYNEL,PROA_WOLSU,PROA_RHOBA,PROA_BIFLO,XYLC_PSEPU,DMPC_PSEUF,DHAL_ALTAL,PROA_NEIMA,ROCA_OCEIH,ROC2_BACSU,ALDA_ECOLI,PROA_METAC,PROA_HAEIN,PROA_COREF,PROA_BORBR,PROA_CLOAB,PROA_LACLA,ROCA_STAAM,PROA_CHLTE,PROA_SERMA,PROA_LISIN,PROA_STRAW,PROA_CAMJE,PROA_BACTN,PROA_AQUAE,PROA_CLOPE,PROA_THET2,PROA_STRMU,PROA_MYCLE,DHA1_BOVIN,PROA_XYLFA,PROA_PSEPK,PROA_BACHD,PROA_THETN,PROA_TREPA,PROA_PHOLL,PROA_CLOTE,PROA_NITEU,PROA_PROMP,PROA_PROMA,PROA_PROMM,PROA_CHRVO,PROA_PSEAE,1o20_A,DHA9_POLMI)
Align: (P5CS_HUMAN) (P5CS_CAEEL,P5CS_MESCR,P5CS_ORYSA,P5CS_ACTCH,PUT2_EMENI,PROA_BRAJA,ROCA_BACSU,1euh_A,PROA_CAUCR,FEAB_ECOLI,PROA_LACPL,PROA_ANASP,PROA_STRTR,PROA_HELHP,1ad3_A,DHAY_YEAST,PROA_DEIRA,DHA6_YEAST,PROA_ENTFA,DHAL_ENCBU,PROA_AGRT5,ROC1_BACHD,DHAB_ARATH,P5CS_VIGAC,PROA_BRUME,PROA_RALSO,PROA_BACAN,DHA2_HUMAN,PROA_PASMU,PROA_OCEIH,DHAM_LEITA,DHAB_RHIME,ROCA_BACAN,DHAB_SCHPO,DHAB_AMAHP,P5C1_ARATH,PROA_XANAC,PROA_SHEON,PROA_STRPN,1uzb_A,DHA1_BACSU,DHAL_ECOLI,DHAL_AGABI,DHAB_HORVU,PROA_VIBCH,PROA_ECO57,DHA6_HUMAN,1ky8_A,DHAB_BACSU,PROA_SYNY3,1a4z_A,DHAL_ASPNG,PROA_RHILO,PROA_BACSU,PROA_MEIRU,PROA_STRA3,DHA2_YEAST,PROA_RHIME,YDCW_ECOLI,NAHF_PSESP,ALDB_ECOLI,DHA5_HUMAN,PROA_LEPIN,PROA_STRP3,DHAL_BACST,DHAG_HUMAN,PROA_GLOVI,1a4s_A,YF19_SCHPO,PROA_SYNPX,PROA_SYNEL,PROA_WOLSU,PROA_RHOBA,PROA_BIFLO,XYLC_PSEPU,DMPC_PSEUF,DHAL_ALTAL,PROA_NEIMA,ROCA_OCEIH,ROC2_BACSU,ALDA_ECOLI,PROA_METAC,PROA_HAEIN,PROA_COREF,PROA_BORBR,PROA_CLOAB,PROA_LACLA,ROCA_STAAM,PROA_CHLTE,PROA_SERMA,PROA_LISIN,PROA_STRAW,PROA_CAMJE,PROA_BACTN,PROA_AQUAE,PROA_CLOPE,PROA_THET2,PROA_STRMU,PROA_MYCLE,DHA1_BOVIN,PROA_XYLFA,PROA_PSEPK,PROA_BACHD,PROA_THETN,PROA_TREPA,PROA_PHOLL,PROA_CLOTE,PROA_NITEU,PROA_PROMP,PROA_PROMA,PROA_PROMM,PROA_CHRVO,PROA_PSEAE,1o20_A,DHA9_POLMI)
Elapsed time 00:00:01  Peak memory use  55 MB(-12%)  Iteration   1 Align node
Elapsed time 00:00:01  Peak memory use  55 MB(-12%)  Iteration   1 Root alignment
Elapsed time 00:00:02  Peak memory use  55 MB(-12%)  Iteration   2 Refine tree
Elapsed time 00:00:02  Peak memory use  55 MB(-12%)  Iteration   2 Root alignment
Elapsed time 00:00:02  Peak memory use  55 MB(-12%)  Iteration   2 Root alignment
Anchor columns found       5
DP area saved by anchors   63.8%
Elapsed time 00:00:04  Peak memory use  55 MB(-12%)  Iteration   3 Refine biparts
Elapsed time 00:00:05  Peak memory use  55 MB(-12%)  Iteration   4 Refine biparts
Elapsed time 00:00:05  Peak memory use  55 MB(-12%)  Iteration   5 Refine biparts
Elapsed time 00:00:05  Peak memory use  55 MB(-12%)  Iteration   5 Refine biparts
Elapsed time 00:00:06  Peak memory use  55 MB(-12%)  Iteration   6 Refine biparts
Elapsed time 00:00:06  Peak memory use  55 MB(-12%)  Iteration   7 Refine biparts
Elapsed time 00:00:06  Peak memory use  55 MB(-12%)  Iteration   8 Refine biparts
Elapsed time 00:00:06  Peak memory use  55 MB(-12%)  Iteration   8 Refine biparts
Elapsed time 00:00:06  Peak memory use  55 MB(-12%)  Iteration   9 Refine biparts
Elapsed time 00:00:06  Peak memory use  55 MB(-12%)  Iteration  10 Refine biparts
Elapsed time 00:00:06  Peak memory use  55 MB(-12%)  Iteration  11 Refine biparts
Elapsed time 00:00:06  Peak memory use  55 MB(-12%)  Iteration  11 Refine biparts
Elapsed time 00:00:06  Peak memory use  55 MB(-12%)  Iteration  12 Refine biparts
Elapsed time 00:00:06  Peak memory use  55 MB(-12%)  Iteration  13 Refine biparts
Elapsed time 00:00:07  Peak memory use  55 MB(-12%)  Iteration  14 Refine biparts
Elapsed time 00:00:07  Peak memory use  55 MB(-12%)  Iteration  15 Refine biparts
Elapsed time 00:00:07  Peak memory use  55 MB(-12%)  Iteration  16 Refine biparts
Elapsed time 00:00:07  Peak memory use  55 MB(-12%)  Iteration  16 Refine biparts
Elapsed time 00:00:07  Peak memory use  55 MB(-12%)  Iteration  17 Refine biparts
Elapsed time 00:00:08  Peak memory use  55 MB(-12%)  Iteration  18 Refine biparts
Elapsed time 00:00:08  Peak memory use  55 MB(-12%)  Iteration  19 Refine biparts
Elapsed time 00:00:08  Peak memory use  55 MB(-12%)  Iteration  19 Refine biparts
Finished Mon Feb 26 12:48:34 2018
2018-02-26 12:48:34,138642356
