2018-02-26 12:49:37,043782854
Started Mon Feb 26 12:49:37 2018
../muscle3.8.31_i86linux64 -in BaliRef3/seq/BB30021.tfa -out BaliRef3/seq/BB30021.afa -distance1 kmer20_3 -loga BaliRef3/seq/BB30021.log -verbose 
Alphabet Amino

MUSCLE v3.8.31 by Robert C. Edgar
http://www.drive5.com/muscle

Profile-profile score    LE
Max iterations           8
Max trees                1
Max time                 (No limit)
Max MB                   4294966914
Gap open                 -2.9
Gap extend (dimer)       0
Gap ambig factor         0
Gap ambig penalty        -0
Center (LE)              -0.52
Term gaps                Half
Smooth window length     7
Refine window length     200
Min anchor spacing       32
Min diag length (lambda) 24
Diag margin (mu)         5
Min diag break           1
Hydrophobic window       5
Hydrophobic gap factor   1.2
Smooth score ceiling     3
Min best col score       2
Min anchor score         1
SUEFF                    0.1
Brenner root MSA         False
Normalize counts         True
Diagonals (1)            False
Diagonals (2)            False
Anchors                  True
MSF output format        False
Phylip interleaved       False
Phylip sequential        False
ClustalW output format   False
Catch exceptions         True
Quiet                    False
Refine                   False
ProdfDB                  False
Low complexity profiles  True
Objective score          SPM
Distance method (1)      Kmer20_3
Clustering method (1)    UPGMB
Root method (1)          Pseudo
Sequence weighting (1)   ClustalW
Distance method (2)      PctIdKimura
Clustering method (2)    UPGMB
Root method (2)          Pseudo
Sequence weighting (2)   ClustalW

140 seqs, max length 530, avg  length 218
Elapsed time 00:00:00  Peak memory use   13 MB(-3%)  Iteration   1 
Align: (KTHY_STAAM) (KGUA_SCHPO)
Align: (KTHY_PYRFU) (KGUA_CORGL)
Align: (KCY_HUMAN) (KTHY_PYRFU,KGUA_CORGL)
Align: (KAD_CAMJE) (KCY_HUMAN,KTHY_PYRFU,KGUA_CORGL)
Align: (KTHY_WIGBR) (KAD_CAMJE,KCY_HUMAN,KTHY_PYRFU,KGUA_CORGL)
Align: (KTHY_HALN1) (KGUA_UREPA)
Align: (KGUA_HELPJ) (KTHY_HALN1,KGUA_UREPA)
Align: (KAD_SYNP6) (KGUA_HELPJ,KTHY_HALN1,KGUA_UREPA)
Align: (KAD1_SYNY3) (KGUA_CAMJE)
Align: (KTHY_ANASP) (KAD1_SYNY3,KGUA_CAMJE)
Align: (KAD_RHILO) (1gky_)
Align: (KTHY_ANASP,KAD1_SYNY3,KGUA_CAMJE) (KAD_RHILO,1gky_)
Align: (KTHY_MYCPN) (UMPK_ARATH)
Align: (KAD_SCHMA) (KTHY_MYCPN,UMPK_ARATH)
Align: (KTHY_BRUME) (KAD_SCHMA,KTHY_MYCPN,UMPK_ARATH)
Align: (KTHY_VIBPA) (KTHY_BRUME,KAD_SCHMA,KTHY_MYCPN,UMPK_ARATH)
Align: (KTHY_HAEIN) (KTHY_VIBPA,KTHY_BRUME,KAD_SCHMA,KTHY_MYCPN,UMPK_ARATH)
Align: (KGUA_PSESM) (KTHY_HAEIN,KTHY_VIBPA,KTHY_BRUME,KAD_SCHMA,KTHY_MYCPN,UMPK_ARATH)
Align: (KTHY_RHILO) (KCY_DICDI)
Align: (KTHY_CHLMU) (KTHY_RHILO,KCY_DICDI)
Align: (KGUA_STRCO) (KTHY_CHLMU,KTHY_RHILO,KCY_DICDI)
Align: (KGUA_CLOTE) (KGUA_STRCO,KTHY_CHLMU,KTHY_RHILO,KCY_DICDI)
Align: (KTHY_PSEAE) (KGUA_CLOTE,KGUA_STRCO,KTHY_CHLMU,KTHY_RHILO,KCY_DICDI)
Align: (KGUA_MYCLE) (KTHY_PSEAE,KGUA_CLOTE,KGUA_STRCO,KTHY_CHLMU,KTHY_RHILO,KCY_DICDI)
Align: (KGUA_VIBCH) (KGUA_MYCLE,KTHY_PSEAE,KGUA_CLOTE,KGUA_STRCO,KTHY_CHLMU,KTHY_RHILO,KCY_DICDI)
Align: (KGUA_CHLMU) (KGUA_VIBCH,KGUA_MYCLE,KTHY_PSEAE,KGUA_CLOTE,KGUA_STRCO,KTHY_CHLMU,KTHY_RHILO,KCY_DICDI)
Align: (KAD1_CAEEL) (KGUA_BUCAI)
Align: (KTHY_BUCAP) (KAD1_CAEEL,KGUA_BUCAI)
Align: (KAD_XANAC) (KTHY_BUCAP,KAD1_CAEEL,KGUA_BUCAI)
Align: (KGUA_CHLMU,KGUA_VIBCH,KGUA_MYCLE,KTHY_PSEAE,KGUA_CLOTE,KGUA_STRCO,KTHY_CHLMU,KTHY_RHILO,KCY_DICDI) (KAD_XANAC,KTHY_BUCAP,KAD1_CAEEL,KGUA_BUCAI)
Align: (KTHY_THETN) (KGUA_CHLMU,KGUA_VIBCH,KGUA_MYCLE,KTHY_PSEAE,KGUA_CLOTE,KGUA_STRCO,KTHY_CHLMU,KTHY_RHILO,KCY_DICDI,KAD_XANAC,KTHY_BUCAP,KAD1_CAEEL,KGUA_BUCAI)
Align: (KTHY_DEIRA) (KTHY_THETN,KGUA_CHLMU,KGUA_VIBCH,KGUA_MYCLE,KTHY_PSEAE,KGUA_CLOTE,KGUA_STRCO,KTHY_CHLMU,KTHY_RHILO,KCY_DICDI,KAD_XANAC,KTHY_BUCAP,KAD1_CAEEL,KGUA_BUCAI)
Align: (KGUA_NEIMA) (KTHY_DEIRA,KTHY_THETN,KGUA_CHLMU,KGUA_VIBCH,KGUA_MYCLE,KTHY_PSEAE,KGUA_CLOTE,KGUA_STRCO,KTHY_CHLMU,KTHY_RHILO,KCY_DICDI,KAD_XANAC,KTHY_BUCAP,KAD1_CAEEL,KGUA_BUCAI)
Align: (KGUA_XYLFA) (KGUA_NEIMA,KTHY_DEIRA,KTHY_THETN,KGUA_CHLMU,KGUA_VIBCH,KGUA_MYCLE,KTHY_PSEAE,KGUA_CLOTE,KGUA_STRCO,KTHY_CHLMU,KTHY_RHILO,KCY_DICDI,KAD_XANAC,KTHY_BUCAP,KAD1_CAEEL,KGUA_BUCAI)
Align: (KAD_DEIRA) (KGUA_XYLFA,KGUA_NEIMA,KTHY_DEIRA,KTHY_THETN,KGUA_CHLMU,KGUA_VIBCH,KGUA_MYCLE,KTHY_PSEAE,KGUA_CLOTE,KGUA_STRCO,KTHY_CHLMU,KTHY_RHILO,KCY_DICDI,KAD_XANAC,KTHY_BUCAP,KAD1_CAEEL,KGUA_BUCAI)
Align: (KGUA_MYCGA) (KAD_DEIRA,KGUA_XYLFA,KGUA_NEIMA,KTHY_DEIRA,KTHY_THETN,KGUA_CHLMU,KGUA_VIBCH,KGUA_MYCLE,KTHY_PSEAE,KGUA_CLOTE,KGUA_STRCO,KTHY_CHLMU,KTHY_RHILO,KCY_DICDI,KAD_XANAC,KTHY_BUCAP,KAD1_CAEEL,KGUA_BUCAI)
Align: (KTHY_NEIMA) (KGUA_MYCGA,KAD_DEIRA,KGUA_XYLFA,KGUA_NEIMA,KTHY_DEIRA,KTHY_THETN,KGUA_CHLMU,KGUA_VIBCH,KGUA_MYCLE,KTHY_PSEAE,KGUA_CLOTE,KGUA_STRCO,KTHY_CHLMU,KTHY_RHILO,KCY_DICDI,KAD_XANAC,KTHY_BUCAP,KAD1_CAEEL,KGUA_BUCAI)
Align: (KAD1_BOVIN) (KTHY_NEIMA,KGUA_MYCGA,KAD_DEIRA,KGUA_XYLFA,KGUA_NEIMA,KTHY_DEIRA,KTHY_THETN,KGUA_CHLMU,KGUA_VIBCH,KGUA_MYCLE,KTHY_PSEAE,KGUA_CLOTE,KGUA_STRCO,KTHY_CHLMU,KTHY_RHILO,KCY_DICDI,KAD_XANAC,KTHY_BUCAP,KAD1_CAEEL,KGUA_BUCAI)
Align: (KGUA_STAAM) (KAD1_BOVIN,KTHY_NEIMA,KGUA_MYCGA,KAD_DEIRA,KGUA_XYLFA,KGUA_NEIMA,KTHY_DEIRA,KTHY_THETN,KGUA_CHLMU,KGUA_VIBCH,KGUA_MYCLE,KTHY_PSEAE,KGUA_CLOTE,KGUA_STRCO,KTHY_CHLMU,KTHY_RHILO,KCY_DICDI,KAD_XANAC,KTHY_BUCAP,KAD1_CAEEL,KGUA_BUCAI)
Align: (KGUA_PSEPK) (KGUA_STAAM,KAD1_BOVIN,KTHY_NEIMA,KGUA_MYCGA,KAD_DEIRA,KGUA_XYLFA,KGUA_NEIMA,KTHY_DEIRA,KTHY_THETN,KGUA_CHLMU,KGUA_VIBCH,KGUA_MYCLE,KTHY_PSEAE,KGUA_CLOTE,KGUA_STRCO,KTHY_CHLMU,KTHY_RHILO,KCY_DICDI,KAD_XANAC,KTHY_BUCAP,KAD1_CAEEL,KGUA_BUCAI)
Align: (KGUA_BRUME) (KGUA_PSEPK,KGUA_STAAM,KAD1_BOVIN,KTHY_NEIMA,KGUA_MYCGA,KAD_DEIRA,KGUA_XYLFA,KGUA_NEIMA,KTHY_DEIRA,KTHY_THETN,KGUA_CHLMU,KGUA_VIBCH,KGUA_MYCLE,KTHY_PSEAE,KGUA_CLOTE,KGUA_STRCO,KTHY_CHLMU,KTHY_RHILO,KCY_DICDI,KAD_XANAC,KTHY_BUCAP,KAD1_CAEEL,KGUA_BUCAI)
Align: (KAD_XYLFA) (KGUA_BRUME,KGUA_PSEPK,KGUA_STAAM,KAD1_BOVIN,KTHY_NEIMA,KGUA_MYCGA,KAD_DEIRA,KGUA_XYLFA,KGUA_NEIMA,KTHY_DEIRA,KTHY_THETN,KGUA_CHLMU,KGUA_VIBCH,KGUA_MYCLE,KTHY_PSEAE,KGUA_CLOTE,KGUA_STRCO,KTHY_CHLMU,KTHY_RHILO,KCY_DICDI,KAD_XANAC,KTHY_BUCAP,KAD1_CAEEL,KGUA_BUCAI)
Align: (KAD_LEPIN) (KAD_XYLFA,KGUA_BRUME,KGUA_PSEPK,KGUA_STAAM,KAD1_BOVIN,KTHY_NEIMA,KGUA_MYCGA,KAD_DEIRA,KGUA_XYLFA,KGUA_NEIMA,KTHY_DEIRA,KTHY_THETN,KGUA_CHLMU,KGUA_VIBCH,KGUA_MYCLE,KTHY_PSEAE,KGUA_CLOTE,KGUA_STRCO,KTHY_CHLMU,KTHY_RHILO,KCY_DICDI,KAD_XANAC,KTHY_BUCAP,KAD1_CAEEL,KGUA_BUCAI)
Align: (KGUA_FUSNN) (KAD_LEPIN,KAD_XYLFA,KGUA_BRUME,KGUA_PSEPK,KGUA_STAAM,KAD1_BOVIN,KTHY_NEIMA,KGUA_MYCGA,KAD_DEIRA,KGUA_XYLFA,KGUA_NEIMA,KTHY_DEIRA,KTHY_THETN,KGUA_CHLMU,KGUA_VIBCH,KGUA_MYCLE,KTHY_PSEAE,KGUA_CLOTE,KGUA_STRCO,KTHY_CHLMU,KTHY_RHILO,KCY_DICDI,KAD_XANAC,KTHY_BUCAP,KAD1_CAEEL,KGUA_BUCAI)
Align: (KGUA_PSESM,KTHY_HAEIN,KTHY_VIBPA,KTHY_BRUME,KAD_SCHMA,KTHY_MYCPN,UMPK_ARATH) (KGUA_FUSNN,KAD_LEPIN,KAD_XYLFA,KGUA_BRUME,KGUA_PSEPK,KGUA_STAAM,KAD1_BOVIN,KTHY_NEIMA,KGUA_MYCGA,KAD_DEIRA,KGUA_XYLFA,KGUA_NEIMA,KTHY_DEIRA,KTHY_THETN,KGUA_CHLMU,KGUA_VIBCH,KGUA_MYCLE,KTHY_PSEAE,KGUA_CLOTE,KGUA_STRCO,KTHY_CHLMU,KTHY_RHILO,KCY_DICDI,KAD_XANAC,KTHY_BUCAP,KAD1_CAEEL,KGUA_BUCAI)
Align: (KTHY_ANASP,KAD1_SYNY3,KGUA_CAMJE,KAD_RHILO,1gky_) (KGUA_PSESM,KTHY_HAEIN,KTHY_VIBPA,KTHY_BRUME,KAD_SCHMA,KTHY_MYCPN,UMPK_ARATH,KGUA_FUSNN,KAD_LEPIN,KAD_XYLFA,KGUA_BRUME,KGUA_PSEPK,KGUA_STAAM,KAD1_BOVIN,KTHY_NEIMA,KGUA_MYCGA,KAD_DEIRA,KGUA_XYLFA,KGUA_NEIMA,KTHY_DEIRA,KTHY_THETN,KGUA_CHLMU,KGUA_VIBCH,KGUA_MYCLE,KTHY_PSEAE,KGUA_CLOTE,KGUA_STRCO,KTHY_CHLMU,KTHY_RHILO,KCY_DICDI,KAD_XANAC,KTHY_BUCAP,KAD1_CAEEL,KGUA_BUCAI)
Align: (KAD_SYNP6,KGUA_HELPJ,KTHY_HALN1,KGUA_UREPA) (KTHY_ANASP,KAD1_SYNY3,KGUA_CAMJE,KAD_RHILO,1gky_,KGUA_PSESM,KTHY_HAEIN,KTHY_VIBPA,KTHY_BRUME,KAD_SCHMA,KTHY_MYCPN,UMPK_ARATH,KGUA_FUSNN,KAD_LEPIN,KAD_XYLFA,KGUA_BRUME,KGUA_PSEPK,KGUA_STAAM,KAD1_BOVIN,KTHY_NEIMA,KGUA_MYCGA,KAD_DEIRA,KGUA_XYLFA,KGUA_NEIMA,KTHY_DEIRA,KTHY_THETN,KGUA_CHLMU,KGUA_VIBCH,KGUA_MYCLE,KTHY_PSEAE,KGUA_CLOTE,KGUA_STRCO,KTHY_CHLMU,KTHY_RHILO,KCY_DICDI,KAD_XANAC,KTHY_BUCAP,KAD1_CAEEL,KGUA_BUCAI)
Align: (KTHY_WIGBR,KAD_CAMJE,KCY_HUMAN,KTHY_PYRFU,KGUA_CORGL) (KAD_SYNP6,KGUA_HELPJ,KTHY_HALN1,KGUA_UREPA,KTHY_ANASP,KAD1_SYNY3,KGUA_CAMJE,KAD_RHILO,1gky_,KGUA_PSESM,KTHY_HAEIN,KTHY_VIBPA,KTHY_BRUME,KAD_SCHMA,KTHY_MYCPN,UMPK_ARATH,KGUA_FUSNN,KAD_LEPIN,KAD_XYLFA,KGUA_BRUME,KGUA_PSEPK,KGUA_STAAM,KAD1_BOVIN,KTHY_NEIMA,KGUA_MYCGA,KAD_DEIRA,KGUA_XYLFA,KGUA_NEIMA,KTHY_DEIRA,KTHY_THETN,KGUA_CHLMU,KGUA_VIBCH,KGUA_MYCLE,KTHY_PSEAE,KGUA_CLOTE,KGUA_STRCO,KTHY_CHLMU,KTHY_RHILO,KCY_DICDI,KAD_XANAC,KTHY_BUCAP,KAD1_CAEEL,KGUA_BUCAI)
Align: (KGUA_RHIME) (KTHY_WIGBR,KAD_CAMJE,KCY_HUMAN,KTHY_PYRFU,KGUA_CORGL,KAD_SYNP6,KGUA_HELPJ,KTHY_HALN1,KGUA_UREPA,KTHY_ANASP,KAD1_SYNY3,KGUA_CAMJE,KAD_RHILO,1gky_,KGUA_PSESM,KTHY_HAEIN,KTHY_VIBPA,KTHY_BRUME,KAD_SCHMA,KTHY_MYCPN,UMPK_ARATH,KGUA_FUSNN,KAD_LEPIN,KAD_XYLFA,KGUA_BRUME,KGUA_PSEPK,KGUA_STAAM,KAD1_BOVIN,KTHY_NEIMA,KGUA_MYCGA,KAD_DEIRA,KGUA_XYLFA,KGUA_NEIMA,KTHY_DEIRA,KTHY_THETN,KGUA_CHLMU,KGUA_VIBCH,KGUA_MYCLE,KTHY_PSEAE,KGUA_CLOTE,KGUA_STRCO,KTHY_CHLMU,KTHY_RHILO,KCY_DICDI,KAD_XANAC,KTHY_BUCAP,KAD1_CAEEL,KGUA_BUCAI)
Align: (KTHY_PSESM) (KGUA_RHIME,KTHY_WIGBR,KAD_CAMJE,KCY_HUMAN,KTHY_PYRFU,KGUA_CORGL,KAD_SYNP6,KGUA_HELPJ,KTHY_HALN1,KGUA_UREPA,KTHY_ANASP,KAD1_SYNY3,KGUA_CAMJE,KAD_RHILO,1gky_,KGUA_PSESM,KTHY_HAEIN,KTHY_VIBPA,KTHY_BRUME,KAD_SCHMA,KTHY_MYCPN,UMPK_ARATH,KGUA_FUSNN,KAD_LEPIN,KAD_XYLFA,KGUA_BRUME,KGUA_PSEPK,KGUA_STAAM,KAD1_BOVIN,KTHY_NEIMA,KGUA_MYCGA,KAD_DEIRA,KGUA_XYLFA,KGUA_NEIMA,KTHY_DEIRA,KTHY_THETN,KGUA_CHLMU,KGUA_VIBCH,KGUA_MYCLE,KTHY_PSEAE,KGUA_CLOTE,KGUA_STRCO,KTHY_CHLMU,KTHY_RHILO,KCY_DICDI,KAD_XANAC,KTHY_BUCAP,KAD1_CAEEL,KGUA_BUCAI)
Align: (KTHY_LACPL) (KTHY_PSESM,KGUA_RHIME,KTHY_WIGBR,KAD_CAMJE,KCY_HUMAN,KTHY_PYRFU,KGUA_CORGL,KAD_SYNP6,KGUA_HELPJ,KTHY_HALN1,KGUA_UREPA,KTHY_ANASP,KAD1_SYNY3,KGUA_CAMJE,KAD_RHILO,1gky_,KGUA_PSESM,KTHY_HAEIN,KTHY_VIBPA,KTHY_BRUME,KAD_SCHMA,KTHY_MYCPN,UMPK_ARATH,KGUA_FUSNN,KAD_LEPIN,KAD_XYLFA,KGUA_BRUME,KGUA_PSEPK,KGUA_STAAM,KAD1_BOVIN,KTHY_NEIMA,KGUA_MYCGA,KAD_DEIRA,KGUA_XYLFA,KGUA_NEIMA,KTHY_DEIRA,KTHY_THETN,KGUA_CHLMU,KGUA_VIBCH,KGUA_MYCLE,KTHY_PSEAE,KGUA_CLOTE,KGUA_STRCO,KTHY_CHLMU,KTHY_RHILO,KCY_DICDI,KAD_XANAC,KTHY_BUCAP,KAD1_CAEEL,KGUA_BUCAI)
Align: (KTHY_XANAC) (KTHY_LACPL,KTHY_PSESM,KGUA_RHIME,KTHY_WIGBR,KAD_CAMJE,KCY_HUMAN,KTHY_PYRFU,KGUA_CORGL,KAD_SYNP6,KGUA_HELPJ,KTHY_HALN1,KGUA_UREPA,KTHY_ANASP,KAD1_SYNY3,KGUA_CAMJE,KAD_RHILO,1gky_,KGUA_PSESM,KTHY_HAEIN,KTHY_VIBPA,KTHY_BRUME,KAD_SCHMA,KTHY_MYCPN,UMPK_ARATH,KGUA_FUSNN,KAD_LEPIN,KAD_XYLFA,KGUA_BRUME,KGUA_PSEPK,KGUA_STAAM,KAD1_BOVIN,KTHY_NEIMA,KGUA_MYCGA,KAD_DEIRA,KGUA_XYLFA,KGUA_NEIMA,KTHY_DEIRA,KTHY_THETN,KGUA_CHLMU,KGUA_VIBCH,KGUA_MYCLE,KTHY_PSEAE,KGUA_CLOTE,KGUA_STRCO,KTHY_CHLMU,KTHY_RHILO,KCY_DICDI,KAD_XANAC,KTHY_BUCAP,KAD1_CAEEL,KGUA_BUCAI)
Align: (KGUA_XANAC) (KTHY_XANAC,KTHY_LACPL,KTHY_PSESM,KGUA_RHIME,KTHY_WIGBR,KAD_CAMJE,KCY_HUMAN,KTHY_PYRFU,KGUA_CORGL,KAD_SYNP6,KGUA_HELPJ,KTHY_HALN1,KGUA_UREPA,KTHY_ANASP,KAD1_SYNY3,KGUA_CAMJE,KAD_RHILO,1gky_,KGUA_PSESM,KTHY_HAEIN,KTHY_VIBPA,KTHY_BRUME,KAD_SCHMA,KTHY_MYCPN,UMPK_ARATH,KGUA_FUSNN,KAD_LEPIN,KAD_XYLFA,KGUA_BRUME,KGUA_PSEPK,KGUA_STAAM,KAD1_BOVIN,KTHY_NEIMA,KGUA_MYCGA,KAD_DEIRA,KGUA_XYLFA,KGUA_NEIMA,KTHY_DEIRA,KTHY_THETN,KGUA_CHLMU,KGUA_VIBCH,KGUA_MYCLE,KTHY_PSEAE,KGUA_CLOTE,KGUA_STRCO,KTHY_CHLMU,KTHY_RHILO,KCY_DICDI,KAD_XANAC,KTHY_BUCAP,KAD1_CAEEL,KGUA_BUCAI)
Align: (KTHY_STAAM,KGUA_SCHPO) (KGUA_XANAC,KTHY_XANAC,KTHY_LACPL,KTHY_PSESM,KGUA_RHIME,KTHY_WIGBR,KAD_CAMJE,KCY_HUMAN,KTHY_PYRFU,KGUA_CORGL,KAD_SYNP6,KGUA_HELPJ,KTHY_HALN1,KGUA_UREPA,KTHY_ANASP,KAD1_SYNY3,KGUA_CAMJE,KAD_RHILO,1gky_,KGUA_PSESM,KTHY_HAEIN,KTHY_VIBPA,KTHY_BRUME,KAD_SCHMA,KTHY_MYCPN,UMPK_ARATH,KGUA_FUSNN,KAD_LEPIN,KAD_XYLFA,KGUA_BRUME,KGUA_PSEPK,KGUA_STAAM,KAD1_BOVIN,KTHY_NEIMA,KGUA_MYCGA,KAD_DEIRA,KGUA_XYLFA,KGUA_NEIMA,KTHY_DEIRA,KTHY_THETN,KGUA_CHLMU,KGUA_VIBCH,KGUA_MYCLE,KTHY_PSEAE,KGUA_CLOTE,KGUA_STRCO,KTHY_CHLMU,KTHY_RHILO,KCY_DICDI,KAD_XANAC,KTHY_BUCAP,KAD1_CAEEL,KGUA_BUCAI)
Align: (KGUA_MYCGE) (KTHY_STAAM,KGUA_SCHPO,KGUA_XANAC,KTHY_XANAC,KTHY_LACPL,KTHY_PSESM,KGUA_RHIME,KTHY_WIGBR,KAD_CAMJE,KCY_HUMAN,KTHY_PYRFU,KGUA_CORGL,KAD_SYNP6,KGUA_HELPJ,KTHY_HALN1,KGUA_UREPA,KTHY_ANASP,KAD1_SYNY3,KGUA_CAMJE,KAD_RHILO,1gky_,KGUA_PSESM,KTHY_HAEIN,KTHY_VIBPA,KTHY_BRUME,KAD_SCHMA,KTHY_MYCPN,UMPK_ARATH,KGUA_FUSNN,KAD_LEPIN,KAD_XYLFA,KGUA_BRUME,KGUA_PSEPK,KGUA_STAAM,KAD1_BOVIN,KTHY_NEIMA,KGUA_MYCGA,KAD_DEIRA,KGUA_XYLFA,KGUA_NEIMA,KTHY_DEIRA,KTHY_THETN,KGUA_CHLMU,KGUA_VIBCH,KGUA_MYCLE,KTHY_PSEAE,KGUA_CLOTE,KGUA_STRCO,KTHY_CHLMU,KTHY_RHILO,KCY_DICDI,KAD_XANAC,KTHY_BUCAP,KAD1_CAEEL,KGUA_BUCAI)
Align: (KTHY_THEMA) (KGUA_MYCGE,KTHY_STAAM,KGUA_SCHPO,KGUA_XANAC,KTHY_XANAC,KTHY_LACPL,KTHY_PSESM,KGUA_RHIME,KTHY_WIGBR,KAD_CAMJE,KCY_HUMAN,KTHY_PYRFU,KGUA_CORGL,KAD_SYNP6,KGUA_HELPJ,KTHY_HALN1,KGUA_UREPA,KTHY_ANASP,KAD1_SYNY3,KGUA_CAMJE,KAD_RHILO,1gky_,KGUA_PSESM,KTHY_HAEIN,KTHY_VIBPA,KTHY_BRUME,KAD_SCHMA,KTHY_MYCPN,UMPK_ARATH,KGUA_FUSNN,KAD_LEPIN,KAD_XYLFA,KGUA_BRUME,KGUA_PSEPK,KGUA_STAAM,KAD1_BOVIN,KTHY_NEIMA,KGUA_MYCGA,KAD_DEIRA,KGUA_XYLFA,KGUA_NEIMA,KTHY_DEIRA,KTHY_THETN,KGUA_CHLMU,KGUA_VIBCH,KGUA_MYCLE,KTHY_PSEAE,KGUA_CLOTE,KGUA_STRCO,KTHY_CHLMU,KTHY_RHILO,KCY_DICDI,KAD_XANAC,KTHY_BUCAP,KAD1_CAEEL,KGUA_BUCAI)
Align: (KGUA_HAEIN) (KTHY_THEMA,KGUA_MYCGE,KTHY_STAAM,KGUA_SCHPO,KGUA_XANAC,KTHY_XANAC,KTHY_LACPL,KTHY_PSESM,KGUA_RHIME,KTHY_WIGBR,KAD_CAMJE,KCY_HUMAN,KTHY_PYRFU,KGUA_CORGL,KAD_SYNP6,KGUA_HELPJ,KTHY_HALN1,KGUA_UREPA,KTHY_ANASP,KAD1_SYNY3,KGUA_CAMJE,KAD_RHILO,1gky_,KGUA_PSESM,KTHY_HAEIN,KTHY_VIBPA,KTHY_BRUME,KAD_SCHMA,KTHY_MYCPN,UMPK_ARATH,KGUA_FUSNN,KAD_LEPIN,KAD_XYLFA,KGUA_BRUME,KGUA_PSEPK,KGUA_STAAM,KAD1_BOVIN,KTHY_NEIMA,KGUA_MYCGA,KAD_DEIRA,KGUA_XYLFA,KGUA_NEIMA,KTHY_DEIRA,KTHY_THETN,KGUA_CHLMU,KGUA_VIBCH,KGUA_MYCLE,KTHY_PSEAE,KGUA_CLOTE,KGUA_STRCO,KTHY_CHLMU,KTHY_RHILO,KCY_DICDI,KAD_XANAC,KTHY_BUCAP,KAD1_CAEEL,KGUA_BUCAI)
Align: (KTHY_CHLTE) (KGUA_HAEIN,KTHY_THEMA,KGUA_MYCGE,KTHY_STAAM,KGUA_SCHPO,KGUA_XANAC,KTHY_XANAC,KTHY_LACPL,KTHY_PSESM,KGUA_RHIME,KTHY_WIGBR,KAD_CAMJE,KCY_HUMAN,KTHY_PYRFU,KGUA_CORGL,KAD_SYNP6,KGUA_HELPJ,KTHY_HALN1,KGUA_UREPA,KTHY_ANASP,KAD1_SYNY3,KGUA_CAMJE,KAD_RHILO,1gky_,KGUA_PSESM,KTHY_HAEIN,KTHY_VIBPA,KTHY_BRUME,KAD_SCHMA,KTHY_MYCPN,UMPK_ARATH,KGUA_FUSNN,KAD_LEPIN,KAD_XYLFA,KGUA_BRUME,KGUA_PSEPK,KGUA_STAAM,KAD1_BOVIN,KTHY_NEIMA,KGUA_MYCGA,KAD_DEIRA,KGUA_XYLFA,KGUA_NEIMA,KTHY_DEIRA,KTHY_THETN,KGUA_CHLMU,KGUA_VIBCH,KGUA_MYCLE,KTHY_PSEAE,KGUA_CLOTE,KGUA_STRCO,KTHY_CHLMU,KTHY_RHILO,KCY_DICDI,KAD_XANAC,KTHY_BUCAP,KAD1_CAEEL,KGUA_BUCAI)
Align: (KTHY_STRP3) (KTHY_CHLTE,KGUA_HAEIN,KTHY_THEMA,KGUA_MYCGE,KTHY_STAAM,KGUA_SCHPO,KGUA_XANAC,KTHY_XANAC,KTHY_LACPL,KTHY_PSESM,KGUA_RHIME,KTHY_WIGBR,KAD_CAMJE,KCY_HUMAN,KTHY_PYRFU,KGUA_CORGL,KAD_SYNP6,KGUA_HELPJ,KTHY_HALN1,KGUA_UREPA,KTHY_ANASP,KAD1_SYNY3,KGUA_CAMJE,KAD_RHILO,1gky_,KGUA_PSESM,KTHY_HAEIN,KTHY_VIBPA,KTHY_BRUME,KAD_SCHMA,KTHY_MYCPN,UMPK_ARATH,KGUA_FUSNN,KAD_LEPIN,KAD_XYLFA,KGUA_BRUME,KGUA_PSEPK,KGUA_STAAM,KAD1_BOVIN,KTHY_NEIMA,KGUA_MYCGA,KAD_DEIRA,KGUA_XYLFA,KGUA_NEIMA,KTHY_DEIRA,KTHY_THETN,KGUA_CHLMU,KGUA_VIBCH,KGUA_MYCLE,KTHY_PSEAE,KGUA_CLOTE,KGUA_STRCO,KTHY_CHLMU,KTHY_RHILO,KCY_DICDI,KAD_XANAC,KTHY_BUCAP,KAD1_CAEEL,KGUA_BUCAI)
Align: (KGUA_RHILO) (KTHY_STRP3,KTHY_CHLTE,KGUA_HAEIN,KTHY_THEMA,KGUA_MYCGE,KTHY_STAAM,KGUA_SCHPO,KGUA_XANAC,KTHY_XANAC,KTHY_LACPL,KTHY_PSESM,KGUA_RHIME,KTHY_WIGBR,KAD_CAMJE,KCY_HUMAN,KTHY_PYRFU,KGUA_CORGL,KAD_SYNP6,KGUA_HELPJ,KTHY_HALN1,KGUA_UREPA,KTHY_ANASP,KAD1_SYNY3,KGUA_CAMJE,KAD_RHILO,1gky_,KGUA_PSESM,KTHY_HAEIN,KTHY_VIBPA,KTHY_BRUME,KAD_SCHMA,KTHY_MYCPN,UMPK_ARATH,KGUA_FUSNN,KAD_LEPIN,KAD_XYLFA,KGUA_BRUME,KGUA_PSEPK,KGUA_STAAM,KAD1_BOVIN,KTHY_NEIMA,KGUA_MYCGA,KAD_DEIRA,KGUA_XYLFA,KGUA_NEIMA,KTHY_DEIRA,KTHY_THETN,KGUA_CHLMU,KGUA_VIBCH,KGUA_MYCLE,KTHY_PSEAE,KGUA_CLOTE,KGUA_STRCO,KTHY_CHLMU,KTHY_RHILO,KCY_DICDI,KAD_XANAC,KTHY_BUCAP,KAD1_CAEEL,KGUA_BUCAI)
Align: (KAD1_ANASP) (KGUA_RHILO,KTHY_STRP3,KTHY_CHLTE,KGUA_HAEIN,KTHY_THEMA,KGUA_MYCGE,KTHY_STAAM,KGUA_SCHPO,KGUA_XANAC,KTHY_XANAC,KTHY_LACPL,KTHY_PSESM,KGUA_RHIME,KTHY_WIGBR,KAD_CAMJE,KCY_HUMAN,KTHY_PYRFU,KGUA_CORGL,KAD_SYNP6,KGUA_HELPJ,KTHY_HALN1,KGUA_UREPA,KTHY_ANASP,KAD1_SYNY3,KGUA_CAMJE,KAD_RHILO,1gky_,KGUA_PSESM,KTHY_HAEIN,KTHY_VIBPA,KTHY_BRUME,KAD_SCHMA,KTHY_MYCPN,UMPK_ARATH,KGUA_FUSNN,KAD_LEPIN,KAD_XYLFA,KGUA_BRUME,KGUA_PSEPK,KGUA_STAAM,KAD1_BOVIN,KTHY_NEIMA,KGUA_MYCGA,KAD_DEIRA,KGUA_XYLFA,KGUA_NEIMA,KTHY_DEIRA,KTHY_THETN,KGUA_CHLMU,KGUA_VIBCH,KGUA_MYCLE,KTHY_PSEAE,KGUA_CLOTE,KGUA_STRCO,KTHY_CHLMU,KTHY_RHILO,KCY_DICDI,KAD_XANAC,KTHY_BUCAP,KAD1_CAEEL,KGUA_BUCAI)
Align: (KGUA_RICCN) (KAD1_ANASP,KGUA_RHILO,KTHY_STRP3,KTHY_CHLTE,KGUA_HAEIN,KTHY_THEMA,KGUA_MYCGE,KTHY_STAAM,KGUA_SCHPO,KGUA_XANAC,KTHY_XANAC,KTHY_LACPL,KTHY_PSESM,KGUA_RHIME,KTHY_WIGBR,KAD_CAMJE,KCY_HUMAN,KTHY_PYRFU,KGUA_CORGL,KAD_SYNP6,KGUA_HELPJ,KTHY_HALN1,KGUA_UREPA,KTHY_ANASP,KAD1_SYNY3,KGUA_CAMJE,KAD_RHILO,1gky_,KGUA_PSESM,KTHY_HAEIN,KTHY_VIBPA,KTHY_BRUME,KAD_SCHMA,KTHY_MYCPN,UMPK_ARATH,KGUA_FUSNN,KAD_LEPIN,KAD_XYLFA,KGUA_BRUME,KGUA_PSEPK,KGUA_STAAM,KAD1_BOVIN,KTHY_NEIMA,KGUA_MYCGA,KAD_DEIRA,KGUA_XYLFA,KGUA_NEIMA,KTHY_DEIRA,KTHY_THETN,KGUA_CHLMU,KGUA_VIBCH,KGUA_MYCLE,KTHY_PSEAE,KGUA_CLOTE,KGUA_STRCO,KTHY_CHLMU,KTHY_RHILO,KCY_DICDI,KAD_XANAC,KTHY_BUCAP,KAD1_CAEEL,KGUA_BUCAI)
Align: (KGUA_STRA3) (KGUA_RICCN,KAD1_ANASP,KGUA_RHILO,KTHY_STRP3,KTHY_CHLTE,KGUA_HAEIN,KTHY_THEMA,KGUA_MYCGE,KTHY_STAAM,KGUA_SCHPO,KGUA_XANAC,KTHY_XANAC,KTHY_LACPL,KTHY_PSESM,KGUA_RHIME,KTHY_WIGBR,KAD_CAMJE,KCY_HUMAN,KTHY_PYRFU,KGUA_CORGL,KAD_SYNP6,KGUA_HELPJ,KTHY_HALN1,KGUA_UREPA,KTHY_ANASP,KAD1_SYNY3,KGUA_CAMJE,KAD_RHILO,1gky_,KGUA_PSESM,KTHY_HAEIN,KTHY_VIBPA,KTHY_BRUME,KAD_SCHMA,KTHY_MYCPN,UMPK_ARATH,KGUA_FUSNN,KAD_LEPIN,KAD_XYLFA,KGUA_BRUME,KGUA_PSEPK,KGUA_STAAM,KAD1_BOVIN,KTHY_NEIMA,KGUA_MYCGA,KAD_DEIRA,KGUA_XYLFA,KGUA_NEIMA,KTHY_DEIRA,KTHY_THETN,KGUA_CHLMU,KGUA_VIBCH,KGUA_MYCLE,KTHY_PSEAE,KGUA_CLOTE,KGUA_STRCO,KTHY_CHLMU,KTHY_RHILO,KCY_DICDI,KAD_XANAC,KTHY_BUCAP,KAD1_CAEEL,KGUA_BUCAI)
Align: (KTHY_AQUAE) (KGUA_STRA3,KGUA_RICCN,KAD1_ANASP,KGUA_RHILO,KTHY_STRP3,KTHY_CHLTE,KGUA_HAEIN,KTHY_THEMA,KGUA_MYCGE,KTHY_STAAM,KGUA_SCHPO,KGUA_XANAC,KTHY_XANAC,KTHY_LACPL,KTHY_PSESM,KGUA_RHIME,KTHY_WIGBR,KAD_CAMJE,KCY_HUMAN,KTHY_PYRFU,KGUA_CORGL,KAD_SYNP6,KGUA_HELPJ,KTHY_HALN1,KGUA_UREPA,KTHY_ANASP,KAD1_SYNY3,KGUA_CAMJE,KAD_RHILO,1gky_,KGUA_PSESM,KTHY_HAEIN,KTHY_VIBPA,KTHY_BRUME,KAD_SCHMA,KTHY_MYCPN,UMPK_ARATH,KGUA_FUSNN,KAD_LEPIN,KAD_XYLFA,KGUA_BRUME,KGUA_PSEPK,KGUA_STAAM,KAD1_BOVIN,KTHY_NEIMA,KGUA_MYCGA,KAD_DEIRA,KGUA_XYLFA,KGUA_NEIMA,KTHY_DEIRA,KTHY_THETN,KGUA_CHLMU,KGUA_VIBCH,KGUA_MYCLE,KTHY_PSEAE,KGUA_CLOTE,KGUA_STRCO,KTHY_CHLMU,KTHY_RHILO,KCY_DICDI,KAD_XANAC,KTHY_BUCAP,KAD1_CAEEL,KGUA_BUCAI)
Align: (KGUA_AGRT5) (KTHY_AQUAE,KGUA_STRA3,KGUA_RICCN,KAD1_ANASP,KGUA_RHILO,KTHY_STRP3,KTHY_CHLTE,KGUA_HAEIN,KTHY_THEMA,KGUA_MYCGE,KTHY_STAAM,KGUA_SCHPO,KGUA_XANAC,KTHY_XANAC,KTHY_LACPL,KTHY_PSESM,KGUA_RHIME,KTHY_WIGBR,KAD_CAMJE,KCY_HUMAN,KTHY_PYRFU,KGUA_CORGL,KAD_SYNP6,KGUA_HELPJ,KTHY_HALN1,KGUA_UREPA,KTHY_ANASP,KAD1_SYNY3,KGUA_CAMJE,KAD_RHILO,1gky_,KGUA_PSESM,KTHY_HAEIN,KTHY_VIBPA,KTHY_BRUME,KAD_SCHMA,KTHY_MYCPN,UMPK_ARATH,KGUA_FUSNN,KAD_LEPIN,KAD_XYLFA,KGUA_BRUME,KGUA_PSEPK,KGUA_STAAM,KAD1_BOVIN,KTHY_NEIMA,KGUA_MYCGA,KAD_DEIRA,KGUA_XYLFA,KGUA_NEIMA,KTHY_DEIRA,KTHY_THETN,KGUA_CHLMU,KGUA_VIBCH,KGUA_MYCLE,KTHY_PSEAE,KGUA_CLOTE,KGUA_STRCO,KTHY_CHLMU,KTHY_RHILO,KCY_DICDI,KAD_XANAC,KTHY_BUCAP,KAD1_CAEEL,KGUA_BUCAI)
Align: (KTHY_PYRHO) (KGUA_AGRT5,KTHY_AQUAE,KGUA_STRA3,KGUA_RICCN,KAD1_ANASP,KGUA_RHILO,KTHY_STRP3,KTHY_CHLTE,KGUA_HAEIN,KTHY_THEMA,KGUA_MYCGE,KTHY_STAAM,KGUA_SCHPO,KGUA_XANAC,KTHY_XANAC,KTHY_LACPL,KTHY_PSESM,KGUA_RHIME,KTHY_WIGBR,KAD_CAMJE,KCY_HUMAN,KTHY_PYRFU,KGUA_CORGL,KAD_SYNP6,KGUA_HELPJ,KTHY_HALN1,KGUA_UREPA,KTHY_ANASP,KAD1_SYNY3,KGUA_CAMJE,KAD_RHILO,1gky_,KGUA_PSESM,KTHY_HAEIN,KTHY_VIBPA,KTHY_BRUME,KAD_SCHMA,KTHY_MYCPN,UMPK_ARATH,KGUA_FUSNN,KAD_LEPIN,KAD_XYLFA,KGUA_BRUME,KGUA_PSEPK,KGUA_STAAM,KAD1_BOVIN,KTHY_NEIMA,KGUA_MYCGA,KAD_DEIRA,KGUA_XYLFA,KGUA_NEIMA,KTHY_DEIRA,KTHY_THETN,KGUA_CHLMU,KGUA_VIBCH,KGUA_MYCLE,KTHY_PSEAE,KGUA_CLOTE,KGUA_STRCO,KTHY_CHLMU,KTHY_RHILO,KCY_DICDI,KAD_XANAC,KTHY_BUCAP,KAD1_CAEEL,KGUA_BUCAI)
Align: (1bif_) (KTHY_PYRHO,KGUA_AGRT5,KTHY_AQUAE,KGUA_STRA3,KGUA_RICCN,KAD1_ANASP,KGUA_RHILO,KTHY_STRP3,KTHY_CHLTE,KGUA_HAEIN,KTHY_THEMA,KGUA_MYCGE,KTHY_STAAM,KGUA_SCHPO,KGUA_XANAC,KTHY_XANAC,KTHY_LACPL,KTHY_PSESM,KGUA_RHIME,KTHY_WIGBR,KAD_CAMJE,KCY_HUMAN,KTHY_PYRFU,KGUA_CORGL,KAD_SYNP6,KGUA_HELPJ,KTHY_HALN1,KGUA_UREPA,KTHY_ANASP,KAD1_SYNY3,KGUA_CAMJE,KAD_RHILO,1gky_,KGUA_PSESM,KTHY_HAEIN,KTHY_VIBPA,KTHY_BRUME,KAD_SCHMA,KTHY_MYCPN,UMPK_ARATH,KGUA_FUSNN,KAD_LEPIN,KAD_XYLFA,KGUA_BRUME,KGUA_PSEPK,KGUA_STAAM,KAD1_BOVIN,KTHY_NEIMA,KGUA_MYCGA,KAD_DEIRA,KGUA_XYLFA,KGUA_NEIMA,KTHY_DEIRA,KTHY_THETN,KGUA_CHLMU,KGUA_VIBCH,KGUA_MYCLE,KTHY_PSEAE,KGUA_CLOTE,KGUA_STRCO,KTHY_CHLMU,KTHY_RHILO,KCY_DICDI,KAD_XANAC,KTHY_BUCAP,KAD1_CAEEL,KGUA_BUCAI)
Align: (KTHY_AGRT5) (KAD_CYPCA)
Align: (KTHY_RHIME) (KTHY_AGRT5,KAD_CYPCA)
Align: (1uky_) (KGUA_BACHD)
Align: (KTHY_CHLPN) (KGUA_LACLA)
Align: (KGUA_LISIN) (KTHY_CHLPN,KGUA_LACLA)
Align: (KAD_BRUME) (KGUA_MYCPN)
Align: (KTHY_BUCBP) (KGUA_ECO57)
Align: (KAD_AGRT5) (KTHY_BUCBP,KGUA_ECO57)
Align: (UMPK_SCHPO) (KAD_AGRT5,KTHY_BUCBP,KGUA_ECO57)
Align: (KGUA_DEIRA) (UMPK_SCHPO,KAD_AGRT5,KTHY_BUCBP,KGUA_ECO57)
Align: (KAD_BRUME,KGUA_MYCPN) (KGUA_DEIRA,UMPK_SCHPO,KAD_AGRT5,KTHY_BUCBP,KGUA_ECO57)
Align: (KGUA_SHEON) (KAD_BRUME,KGUA_MYCPN,KGUA_DEIRA,UMPK_SCHPO,KAD_AGRT5,KTHY_BUCBP,KGUA_ECO57)
Align: (KTHY_LISIN) (KGUA_SHEON,KAD_BRUME,KGUA_MYCPN,KGUA_DEIRA,UMPK_SCHPO,KAD_AGRT5,KTHY_BUCBP,KGUA_ECO57)
Align: (KTHY_VIBCH) (KAD_PRUAR)
Align: (KTHY_PASMU) (KTHY_VIBCH,KAD_PRUAR)
Align: (KTHY_BACSU) (KTHY_PASMU,KTHY_VIBCH,KAD_PRUAR)
Align: (KTHY_MYCGE) (KTHY_BACSU,KTHY_PASMU,KTHY_VIBCH,KAD_PRUAR)
Align: (KGUA_CAUCR) (KTHY_MYCGE,KTHY_BACSU,KTHY_PASMU,KTHY_VIBCH,KAD_PRUAR)
Align: (KAD_CAUCR) (KGUA_CAUCR,KTHY_MYCGE,KTHY_BACSU,KTHY_PASMU,KTHY_VIBCH,KAD_PRUAR)
Align: (KTHY_CHLTR) (KGUA_OCEIH)
Align: (KTHY_RALSO) (KTHY_CHLTR,KGUA_OCEIH)
Align: (KTHY_ARCFU) (KAD2_SYNY3)
Align: (4tmk_A) (KGUA_BUCBP)
Align: (KTHY_METAC) (4tmk_A,KGUA_BUCBP)
Align: (KTHY_BACHD) (KTHY_METAC,4tmk_A,KGUA_BUCBP)
Align: (KGUA_BACSU) (KTHY_BACHD,KTHY_METAC,4tmk_A,KGUA_BUCBP)
Align: (KTH1_SULTO) (KGUA_BACSU,KTHY_BACHD,KTHY_METAC,4tmk_A,KGUA_BUCBP)
Align: (KTHY_ARCFU,KAD2_SYNY3) (KTH1_SULTO,KGUA_BACSU,KTHY_BACHD,KTHY_METAC,4tmk_A,KGUA_BUCBP)
Align: (KTHY_STRPN) (KTHY_ARCFU,KAD2_SYNY3,KTH1_SULTO,KGUA_BACSU,KTHY_BACHD,KTHY_METAC,4tmk_A,KGUA_BUCBP)
Align: (KTHY_RALSO,KTHY_CHLTR,KGUA_OCEIH) (KTHY_STRPN,KTHY_ARCFU,KAD2_SYNY3,KTH1_SULTO,KGUA_BACSU,KTHY_BACHD,KTHY_METAC,4tmk_A,KGUA_BUCBP)
Align: (KAD_CAUCR,KGUA_CAUCR,KTHY_MYCGE,KTHY_BACSU,KTHY_PASMU,KTHY_VIBCH,KAD_PRUAR) (KTHY_RALSO,KTHY_CHLTR,KGUA_OCEIH,KTHY_STRPN,KTHY_ARCFU,KAD2_SYNY3,KTH1_SULTO,KGUA_BACSU,KTHY_BACHD,KTHY_METAC,4tmk_A,KGUA_BUCBP)
Align: (KTHY_LISIN,KGUA_SHEON,KAD_BRUME,KGUA_MYCPN,KGUA_DEIRA,UMPK_SCHPO,KAD_AGRT5,KTHY_BUCBP,KGUA_ECO57) (KAD_CAUCR,KGUA_CAUCR,KTHY_MYCGE,KTHY_BACSU,KTHY_PASMU,KTHY_VIBCH,KAD_PRUAR,KTHY_RALSO,KTHY_CHLTR,KGUA_OCEIH,KTHY_STRPN,KTHY_ARCFU,KAD2_SYNY3,KTH1_SULTO,KGUA_BACSU,KTHY_BACHD,KTHY_METAC,4tmk_A,KGUA_BUCBP)
Align: (KGUA_LISIN,KTHY_CHLPN,KGUA_LACLA) (KTHY_LISIN,KGUA_SHEON,KAD_BRUME,KGUA_MYCPN,KGUA_DEIRA,UMPK_SCHPO,KAD_AGRT5,KTHY_BUCBP,KGUA_ECO57,KAD_CAUCR,KGUA_CAUCR,KTHY_MYCGE,KTHY_BACSU,KTHY_PASMU,KTHY_VIBCH,KAD_PRUAR,KTHY_RALSO,KTHY_CHLTR,KGUA_OCEIH,KTHY_STRPN,KTHY_ARCFU,KAD2_SYNY3,KTH1_SULTO,KGUA_BACSU,KTHY_BACHD,KTHY_METAC,4tmk_A,KGUA_BUCBP)
Align: (1uky_,KGUA_BACHD) (KGUA_LISIN,KTHY_CHLPN,KGUA_LACLA,KTHY_LISIN,KGUA_SHEON,KAD_BRUME,KGUA_MYCPN,KGUA_DEIRA,UMPK_SCHPO,KAD_AGRT5,KTHY_BUCBP,KGUA_ECO57,KAD_CAUCR,KGUA_CAUCR,KTHY_MYCGE,KTHY_BACSU,KTHY_PASMU,KTHY_VIBCH,KAD_PRUAR,KTHY_RALSO,KTHY_CHLTR,KGUA_OCEIH,KTHY_STRPN,KTHY_ARCFU,KAD2_SYNY3,KTH1_SULTO,KGUA_BACSU,KTHY_BACHD,KTHY_METAC,4tmk_A,KGUA_BUCBP)
Align: (KTHY_CHLCV) (KGUA_THEMA)
Align: (KAD_ENTHI) (KTHY_CHLCV,KGUA_THEMA)
Align: (KTHY_PYRAE) (KAD_ENTHI,KTHY_CHLCV,KGUA_THEMA)
Align: (KTHY_RICCN) (KAD_BIFLO)
Align: (KAD_COREF) (KTHY_RICCN,KAD_BIFLO)
Align: (KGUA_BRAJA) (KAD_COREF,KTHY_RICCN,KAD_BIFLO)
Align: (KAD_RHIME) (KGUA_BRAJA,KAD_COREF,KTHY_RICCN,KAD_BIFLO)
Align: (KGUA_SYNY3) (KAD_RHIME,KGUA_BRAJA,KAD_COREF,KTHY_RICCN,KAD_BIFLO)
Align: (KTHY_PYRAE,KAD_ENTHI,KTHY_CHLCV,KGUA_THEMA) (KGUA_SYNY3,KAD_RHIME,KGUA_BRAJA,KAD_COREF,KTHY_RICCN,KAD_BIFLO)
Align: (KAD_MYCLE) (KTHY_PYRAE,KAD_ENTHI,KTHY_CHLCV,KGUA_THEMA,KGUA_SYNY3,KAD_RHIME,KGUA_BRAJA,KAD_COREF,KTHY_RICCN,KAD_BIFLO)
Align: (KGUA_PSEAE) (KAD_MYCLE,KTHY_PYRAE,KAD_ENTHI,KTHY_CHLCV,KGUA_THEMA,KGUA_SYNY3,KAD_RHIME,KGUA_BRAJA,KAD_COREF,KTHY_RICCN,KAD_BIFLO)
Align: (KTHY_BUCAI) (KGUA_PSEAE,KAD_MYCLE,KTHY_PYRAE,KAD_ENTHI,KTHY_CHLCV,KGUA_THEMA,KGUA_SYNY3,KAD_RHIME,KGUA_BRAJA,KAD_COREF,KTHY_RICCN,KAD_BIFLO)
Align: (KTHY_CAUCR) (KAD5_HUMAN)
Align: (KTHY_LACLA) (KTHY_CAUCR,KAD5_HUMAN)
Align: (KGUA_RALSO) (KTHY_LACLA,KTHY_CAUCR,KAD5_HUMAN)
Align: (KTHY_MYCPU) (KAD_MICLU)
Align: (KAD_SYNEL) (KTHY_MYCPU,KAD_MICLU)
Align: (KGUA_CLOAB) (KAD_SYNEL,KTHY_MYCPU,KAD_MICLU)
Align: (KTHY_STAEP) (KGUA_CLOAB,KAD_SYNEL,KTHY_MYCPU,KAD_MICLU)
Align: (KGUA_THETN) (KTHY_STAEP,KGUA_CLOAB,KAD_SYNEL,KTHY_MYCPU,KAD_MICLU)
Align: (KTHY_PYRAB) (KGUA_LACPL)
Align: (KAD2_ANASP) (KTHY_PYRAB,KGUA_LACPL)
Align: (KTHY_YERPE) (KAD2_ANASP,KTHY_PYRAB,KGUA_LACPL)
Align: (KGUA_THETN,KTHY_STAEP,KGUA_CLOAB,KAD_SYNEL,KTHY_MYCPU,KAD_MICLU) (KTHY_YERPE,KAD2_ANASP,KTHY_PYRAB,KGUA_LACPL)
Align: (KGUA_CLOPE) (KGUA_THETN,KTHY_STAEP,KGUA_CLOAB,KAD_SYNEL,KTHY_MYCPU,KAD_MICLU,KTHY_YERPE,KAD2_ANASP,KTHY_PYRAB,KGUA_LACPL)
Align: (KAD_HELPJ) (KGUA_CLOPE,KGUA_THETN,KTHY_STAEP,KGUA_CLOAB,KAD_SYNEL,KTHY_MYCPU,KAD_MICLU,KTHY_YERPE,KAD2_ANASP,KTHY_PYRAB,KGUA_LACPL)
Align: (KGUA_RALSO,KTHY_LACLA,KTHY_CAUCR,KAD5_HUMAN) (KAD_HELPJ,KGUA_CLOPE,KGUA_THETN,KTHY_STAEP,KGUA_CLOAB,KAD_SYNEL,KTHY_MYCPU,KAD_MICLU,KTHY_YERPE,KAD2_ANASP,KTHY_PYRAB,KGUA_LACPL)
Align: (KTHY_BUCAI,KGUA_PSEAE,KAD_MYCLE,KTHY_PYRAE,KAD_ENTHI,KTHY_CHLCV,KGUA_THEMA,KGUA_SYNY3,KAD_RHIME,KGUA_BRAJA,KAD_COREF,KTHY_RICCN,KAD_BIFLO) (KGUA_RALSO,KTHY_LACLA,KTHY_CAUCR,KAD5_HUMAN,KAD_HELPJ,KGUA_CLOPE,KGUA_THETN,KTHY_STAEP,KGUA_CLOAB,KAD_SYNEL,KTHY_MYCPU,KAD_MICLU,KTHY_YERPE,KAD2_ANASP,KTHY_PYRAB,KGUA_LACPL)
Align: (KGUA_MYCTU) (KTHY_BUCAI,KGUA_PSEAE,KAD_MYCLE,KTHY_PYRAE,KAD_ENTHI,KTHY_CHLCV,KGUA_THEMA,KGUA_SYNY3,KAD_RHIME,KGUA_BRAJA,KAD_COREF,KTHY_RICCN,KAD_BIFLO,KGUA_RALSO,KTHY_LACLA,KTHY_CAUCR,KAD5_HUMAN,KAD_HELPJ,KGUA_CLOPE,KGUA_THETN,KTHY_STAEP,KGUA_CLOAB,KAD_SYNEL,KTHY_MYCPU,KAD_MICLU,KTHY_YERPE,KAD2_ANASP,KTHY_PYRAB,KGUA_LACPL)
Align: (1uky_,KGUA_BACHD,KGUA_LISIN,KTHY_CHLPN,KGUA_LACLA,KTHY_LISIN,KGUA_SHEON,KAD_BRUME,KGUA_MYCPN,KGUA_DEIRA,UMPK_SCHPO,KAD_AGRT5,KTHY_BUCBP,KGUA_ECO57,KAD_CAUCR,KGUA_CAUCR,KTHY_MYCGE,KTHY_BACSU,KTHY_PASMU,KTHY_VIBCH,KAD_PRUAR,KTHY_RALSO,KTHY_CHLTR,KGUA_OCEIH,KTHY_STRPN,KTHY_ARCFU,KAD2_SYNY3,KTH1_SULTO,KGUA_BACSU,KTHY_BACHD,KTHY_METAC,4tmk_A,KGUA_BUCBP) (KGUA_MYCTU,KTHY_BUCAI,KGUA_PSEAE,KAD_MYCLE,KTHY_PYRAE,KAD_ENTHI,KTHY_CHLCV,KGUA_THEMA,KGUA_SYNY3,KAD_RHIME,KGUA_BRAJA,KAD_COREF,KTHY_RICCN,KAD_BIFLO,KGUA_RALSO,KTHY_LACLA,KTHY_CAUCR,KAD5_HUMAN,KAD_HELPJ,KGUA_CLOPE,KGUA_THETN,KTHY_STAEP,KGUA_CLOAB,KAD_SYNEL,KTHY_MYCPU,KAD_MICLU,KTHY_YERPE,KAD2_ANASP,KTHY_PYRAB,KGUA_LACPL)
Align: (KTHY_RHIME,KTHY_AGRT5,KAD_CYPCA) (1uky_,KGUA_BACHD,KGUA_LISIN,KTHY_CHLPN,KGUA_LACLA,KTHY_LISIN,KGUA_SHEON,KAD_BRUME,KGUA_MYCPN,KGUA_DEIRA,UMPK_SCHPO,KAD_AGRT5,KTHY_BUCBP,KGUA_ECO57,KAD_CAUCR,KGUA_CAUCR,KTHY_MYCGE,KTHY_BACSU,KTHY_PASMU,KTHY_VIBCH,KAD_PRUAR,KTHY_RALSO,KTHY_CHLTR,KGUA_OCEIH,KTHY_STRPN,KTHY_ARCFU,KAD2_SYNY3,KTH1_SULTO,KGUA_BACSU,KTHY_BACHD,KTHY_METAC,4tmk_A,KGUA_BUCBP,KGUA_MYCTU,KTHY_BUCAI,KGUA_PSEAE,KAD_MYCLE,KTHY_PYRAE,KAD_ENTHI,KTHY_CHLCV,KGUA_THEMA,KGUA_SYNY3,KAD_RHIME,KGUA_BRAJA,KAD_COREF,KTHY_RICCN,KAD_BIFLO,KGUA_RALSO,KTHY_LACLA,KTHY_CAUCR,KAD5_HUMAN,KAD_HELPJ,KGUA_CLOPE,KGUA_THETN,KTHY_STAEP,KGUA_CLOAB,KAD_SYNEL,KTHY_MYCPU,KAD_MICLU,KTHY_YERPE,KAD2_ANASP,KTHY_PYRAB,KGUA_LACPL)
Align: (1bif_,KTHY_PYRHO,KGUA_AGRT5,KTHY_AQUAE,KGUA_STRA3,KGUA_RICCN,KAD1_ANASP,KGUA_RHILO,KTHY_STRP3,KTHY_CHLTE,KGUA_HAEIN,KTHY_THEMA,KGUA_MYCGE,KTHY_STAAM,KGUA_SCHPO,KGUA_XANAC,KTHY_XANAC,KTHY_LACPL,KTHY_PSESM,KGUA_RHIME,KTHY_WIGBR,KAD_CAMJE,KCY_HUMAN,KTHY_PYRFU,KGUA_CORGL,KAD_SYNP6,KGUA_HELPJ,KTHY_HALN1,KGUA_UREPA,KTHY_ANASP,KAD1_SYNY3,KGUA_CAMJE,KAD_RHILO,1gky_,KGUA_PSESM,KTHY_HAEIN,KTHY_VIBPA,KTHY_BRUME,KAD_SCHMA,KTHY_MYCPN,UMPK_ARATH,KGUA_FUSNN,KAD_LEPIN,KAD_XYLFA,KGUA_BRUME,KGUA_PSEPK,KGUA_STAAM,KAD1_BOVIN,KTHY_NEIMA,KGUA_MYCGA,KAD_DEIRA,KGUA_XYLFA,KGUA_NEIMA,KTHY_DEIRA,KTHY_THETN,KGUA_CHLMU,KGUA_VIBCH,KGUA_MYCLE,KTHY_PSEAE,KGUA_CLOTE,KGUA_STRCO,KTHY_CHLMU,KTHY_RHILO,KCY_DICDI,KAD_XANAC,KTHY_BUCAP,KAD1_CAEEL,KGUA_BUCAI) (KTHY_RHIME,KTHY_AGRT5,KAD_CYPCA,1uky_,KGUA_BACHD,KGUA_LISIN,KTHY_CHLPN,KGUA_LACLA,KTHY_LISIN,KGUA_SHEON,KAD_BRUME,KGUA_MYCPN,KGUA_DEIRA,UMPK_SCHPO,KAD_AGRT5,KTHY_BUCBP,KGUA_ECO57,KAD_CAUCR,KGUA_CAUCR,KTHY_MYCGE,KTHY_BACSU,KTHY_PASMU,KTHY_VIBCH,KAD_PRUAR,KTHY_RALSO,KTHY_CHLTR,KGUA_OCEIH,KTHY_STRPN,KTHY_ARCFU,KAD2_SYNY3,KTH1_SULTO,KGUA_BACSU,KTHY_BACHD,KTHY_METAC,4tmk_A,KGUA_BUCBP,KGUA_MYCTU,KTHY_BUCAI,KGUA_PSEAE,KAD_MYCLE,KTHY_PYRAE,KAD_ENTHI,KTHY_CHLCV,KGUA_THEMA,KGUA_SYNY3,KAD_RHIME,KGUA_BRAJA,KAD_COREF,KTHY_RICCN,KAD_BIFLO,KGUA_RALSO,KTHY_LACLA,KTHY_CAUCR,KAD5_HUMAN,KAD_HELPJ,KGUA_CLOPE,KGUA_THETN,KTHY_STAEP,KGUA_CLOAB,KAD_SYNEL,KTHY_MYCPU,KAD_MICLU,KTHY_YERPE,KAD2_ANASP,KTHY_PYRAB,KGUA_LACPL)
Align: (F26_CAEEL) (1bif_,KTHY_PYRHO,KGUA_AGRT5,KTHY_AQUAE,KGUA_STRA3,KGUA_RICCN,KAD1_ANASP,KGUA_RHILO,KTHY_STRP3,KTHY_CHLTE,KGUA_HAEIN,KTHY_THEMA,KGUA_MYCGE,KTHY_STAAM,KGUA_SCHPO,KGUA_XANAC,KTHY_XANAC,KTHY_LACPL,KTHY_PSESM,KGUA_RHIME,KTHY_WIGBR,KAD_CAMJE,KCY_HUMAN,KTHY_PYRFU,KGUA_CORGL,KAD_SYNP6,KGUA_HELPJ,KTHY_HALN1,KGUA_UREPA,KTHY_ANASP,KAD1_SYNY3,KGUA_CAMJE,KAD_RHILO,1gky_,KGUA_PSESM,KTHY_HAEIN,KTHY_VIBPA,KTHY_BRUME,KAD_SCHMA,KTHY_MYCPN,UMPK_ARATH,KGUA_FUSNN,KAD_LEPIN,KAD_XYLFA,KGUA_BRUME,KGUA_PSEPK,KGUA_STAAM,KAD1_BOVIN,KTHY_NEIMA,KGUA_MYCGA,KAD_DEIRA,KGUA_XYLFA,KGUA_NEIMA,KTHY_DEIRA,KTHY_THETN,KGUA_CHLMU,KGUA_VIBCH,KGUA_MYCLE,KTHY_PSEAE,KGUA_CLOTE,KGUA_STRCO,KTHY_CHLMU,KTHY_RHILO,KCY_DICDI,KAD_XANAC,KTHY_BUCAP,KAD1_CAEEL,KGUA_BUCAI,KTHY_RHIME,KTHY_AGRT5,KAD_CYPCA,1uky_,KGUA_BACHD,KGUA_LISIN,KTHY_CHLPN,KGUA_LACLA,KTHY_LISIN,KGUA_SHEON,KAD_BRUME,KGUA_MYCPN,KGUA_DEIRA,UMPK_SCHPO,KAD_AGRT5,KTHY_BUCBP,KGUA_ECO57,KAD_CAUCR,KGUA_CAUCR,KTHY_MYCGE,KTHY_BACSU,KTHY_PASMU,KTHY_VIBCH,KAD_PRUAR,KTHY_RALSO,KTHY_CHLTR,KGUA_OCEIH,KTHY_STRPN,KTHY_ARCFU,KAD2_SYNY3,KTH1_SULTO,KGUA_BACSU,KTHY_BACHD,KTHY_METAC,4tmk_A,KGUA_BUCBP,KGUA_MYCTU,KTHY_BUCAI,KGUA_PSEAE,KAD_MYCLE,KTHY_PYRAE,KAD_ENTHI,KTHY_CHLCV,KGUA_THEMA,KGUA_SYNY3,KAD_RHIME,KGUA_BRAJA,KAD_COREF,KTHY_RICCN,KAD_BIFLO,KGUA_RALSO,KTHY_LACLA,KTHY_CAUCR,KAD5_HUMAN,KAD_HELPJ,KGUA_CLOPE,KGUA_THETN,KTHY_STAEP,KGUA_CLOAB,KAD_SYNEL,KTHY_MYCPU,KAD_MICLU,KTHY_YERPE,KAD2_ANASP,KTHY_PYRAB,KGUA_LACPL)
Align: (F263_BOVIN) (F26_CAEEL,1bif_,KTHY_PYRHO,KGUA_AGRT5,KTHY_AQUAE,KGUA_STRA3,KGUA_RICCN,KAD1_ANASP,KGUA_RHILO,KTHY_STRP3,KTHY_CHLTE,KGUA_HAEIN,KTHY_THEMA,KGUA_MYCGE,KTHY_STAAM,KGUA_SCHPO,KGUA_XANAC,KTHY_XANAC,KTHY_LACPL,KTHY_PSESM,KGUA_RHIME,KTHY_WIGBR,KAD_CAMJE,KCY_HUMAN,KTHY_PYRFU,KGUA_CORGL,KAD_SYNP6,KGUA_HELPJ,KTHY_HALN1,KGUA_UREPA,KTHY_ANASP,KAD1_SYNY3,KGUA_CAMJE,KAD_RHILO,1gky_,KGUA_PSESM,KTHY_HAEIN,KTHY_VIBPA,KTHY_BRUME,KAD_SCHMA,KTHY_MYCPN,UMPK_ARATH,KGUA_FUSNN,KAD_LEPIN,KAD_XYLFA,KGUA_BRUME,KGUA_PSEPK,KGUA_STAAM,KAD1_BOVIN,KTHY_NEIMA,KGUA_MYCGA,KAD_DEIRA,KGUA_XYLFA,KGUA_NEIMA,KTHY_DEIRA,KTHY_THETN,KGUA_CHLMU,KGUA_VIBCH,KGUA_MYCLE,KTHY_PSEAE,KGUA_CLOTE,KGUA_STRCO,KTHY_CHLMU,KTHY_RHILO,KCY_DICDI,KAD_XANAC,KTHY_BUCAP,KAD1_CAEEL,KGUA_BUCAI,KTHY_RHIME,KTHY_AGRT5,KAD_CYPCA,1uky_,KGUA_BACHD,KGUA_LISIN,KTHY_CHLPN,KGUA_LACLA,KTHY_LISIN,KGUA_SHEON,KAD_BRUME,KGUA_MYCPN,KGUA_DEIRA,UMPK_SCHPO,KAD_AGRT5,KTHY_BUCBP,KGUA_ECO57,KAD_CAUCR,KGUA_CAUCR,KTHY_MYCGE,KTHY_BACSU,KTHY_PASMU,KTHY_VIBCH,KAD_PRUAR,KTHY_RALSO,KTHY_CHLTR,KGUA_OCEIH,KTHY_STRPN,KTHY_ARCFU,KAD2_SYNY3,KTH1_SULTO,KGUA_BACSU,KTHY_BACHD,KTHY_METAC,4tmk_A,KGUA_BUCBP,KGUA_MYCTU,KTHY_BUCAI,KGUA_PSEAE,KAD_MYCLE,KTHY_PYRAE,KAD_ENTHI,KTHY_CHLCV,KGUA_THEMA,KGUA_SYNY3,KAD_RHIME,KGUA_BRAJA,KAD_COREF,KTHY_RICCN,KAD_BIFLO,KGUA_RALSO,KTHY_LACLA,KTHY_CAUCR,KAD5_HUMAN,KAD_HELPJ,KGUA_CLOPE,KGUA_THETN,KTHY_STAEP,KGUA_CLOAB,KAD_SYNEL,KTHY_MYCPU,KAD_MICLU,KTHY_YERPE,KAD2_ANASP,KTHY_PYRAB,KGUA_LACPL)
Align: (F26L_CHICK) (F263_BOVIN,F26_CAEEL,1bif_,KTHY_PYRHO,KGUA_AGRT5,KTHY_AQUAE,KGUA_STRA3,KGUA_RICCN,KAD1_ANASP,KGUA_RHILO,KTHY_STRP3,KTHY_CHLTE,KGUA_HAEIN,KTHY_THEMA,KGUA_MYCGE,KTHY_STAAM,KGUA_SCHPO,KGUA_XANAC,KTHY_XANAC,KTHY_LACPL,KTHY_PSESM,KGUA_RHIME,KTHY_WIGBR,KAD_CAMJE,KCY_HUMAN,KTHY_PYRFU,KGUA_CORGL,KAD_SYNP6,KGUA_HELPJ,KTHY_HALN1,KGUA_UREPA,KTHY_ANASP,KAD1_SYNY3,KGUA_CAMJE,KAD_RHILO,1gky_,KGUA_PSESM,KTHY_HAEIN,KTHY_VIBPA,KTHY_BRUME,KAD_SCHMA,KTHY_MYCPN,UMPK_ARATH,KGUA_FUSNN,KAD_LEPIN,KAD_XYLFA,KGUA_BRUME,KGUA_PSEPK,KGUA_STAAM,KAD1_BOVIN,KTHY_NEIMA,KGUA_MYCGA,KAD_DEIRA,KGUA_XYLFA,KGUA_NEIMA,KTHY_DEIRA,KTHY_THETN,KGUA_CHLMU,KGUA_VIBCH,KGUA_MYCLE,KTHY_PSEAE,KGUA_CLOTE,KGUA_STRCO,KTHY_CHLMU,KTHY_RHILO,KCY_DICDI,KAD_XANAC,KTHY_BUCAP,KAD1_CAEEL,KGUA_BUCAI,KTHY_RHIME,KTHY_AGRT5,KAD_CYPCA,1uky_,KGUA_BACHD,KGUA_LISIN,KTHY_CHLPN,KGUA_LACLA,KTHY_LISIN,KGUA_SHEON,KAD_BRUME,KGUA_MYCPN,KGUA_DEIRA,UMPK_SCHPO,KAD_AGRT5,KTHY_BUCBP,KGUA_ECO57,KAD_CAUCR,KGUA_CAUCR,KTHY_MYCGE,KTHY_BACSU,KTHY_PASMU,KTHY_VIBCH,KAD_PRUAR,KTHY_RALSO,KTHY_CHLTR,KGUA_OCEIH,KTHY_STRPN,KTHY_ARCFU,KAD2_SYNY3,KTH1_SULTO,KGUA_BACSU,KTHY_BACHD,KTHY_METAC,4tmk_A,KGUA_BUCBP,KGUA_MYCTU,KTHY_BUCAI,KGUA_PSEAE,KAD_MYCLE,KTHY_PYRAE,KAD_ENTHI,KTHY_CHLCV,KGUA_THEMA,KGUA_SYNY3,KAD_RHIME,KGUA_BRAJA,KAD_COREF,KTHY_RICCN,KAD_BIFLO,KGUA_RALSO,KTHY_LACLA,KTHY_CAUCR,KAD5_HUMAN,KAD_HELPJ,KGUA_CLOPE,KGUA_THETN,KTHY_STAEP,KGUA_CLOAB,KAD_SYNEL,KTHY_MYCPU,KAD_MICLU,KTHY_YERPE,KAD2_ANASP,KTHY_PYRAB,KGUA_LACPL)
Align: (F26_YEAST) (F26L_CHICK,F263_BOVIN,F26_CAEEL,1bif_,KTHY_PYRHO,KGUA_AGRT5,KTHY_AQUAE,KGUA_STRA3,KGUA_RICCN,KAD1_ANASP,KGUA_RHILO,KTHY_STRP3,KTHY_CHLTE,KGUA_HAEIN,KTHY_THEMA,KGUA_MYCGE,KTHY_STAAM,KGUA_SCHPO,KGUA_XANAC,KTHY_XANAC,KTHY_LACPL,KTHY_PSESM,KGUA_RHIME,KTHY_WIGBR,KAD_CAMJE,KCY_HUMAN,KTHY_PYRFU,KGUA_CORGL,KAD_SYNP6,KGUA_HELPJ,KTHY_HALN1,KGUA_UREPA,KTHY_ANASP,KAD1_SYNY3,KGUA_CAMJE,KAD_RHILO,1gky_,KGUA_PSESM,KTHY_HAEIN,KTHY_VIBPA,KTHY_BRUME,KAD_SCHMA,KTHY_MYCPN,UMPK_ARATH,KGUA_FUSNN,KAD_LEPIN,KAD_XYLFA,KGUA_BRUME,KGUA_PSEPK,KGUA_STAAM,KAD1_BOVIN,KTHY_NEIMA,KGUA_MYCGA,KAD_DEIRA,KGUA_XYLFA,KGUA_NEIMA,KTHY_DEIRA,KTHY_THETN,KGUA_CHLMU,KGUA_VIBCH,KGUA_MYCLE,KTHY_PSEAE,KGUA_CLOTE,KGUA_STRCO,KTHY_CHLMU,KTHY_RHILO,KCY_DICDI,KAD_XANAC,KTHY_BUCAP,KAD1_CAEEL,KGUA_BUCAI,KTHY_RHIME,KTHY_AGRT5,KAD_CYPCA,1uky_,KGUA_BACHD,KGUA_LISIN,KTHY_CHLPN,KGUA_LACLA,KTHY_LISIN,KGUA_SHEON,KAD_BRUME,KGUA_MYCPN,KGUA_DEIRA,UMPK_SCHPO,KAD_AGRT5,KTHY_BUCBP,KGUA_ECO57,KAD_CAUCR,KGUA_CAUCR,KTHY_MYCGE,KTHY_BACSU,KTHY_PASMU,KTHY_VIBCH,KAD_PRUAR,KTHY_RALSO,KTHY_CHLTR,KGUA_OCEIH,KTHY_STRPN,KTHY_ARCFU,KAD2_SYNY3,KTH1_SULTO,KGUA_BACSU,KTHY_BACHD,KTHY_METAC,4tmk_A,KGUA_BUCBP,KGUA_MYCTU,KTHY_BUCAI,KGUA_PSEAE,KAD_MYCLE,KTHY_PYRAE,KAD_ENTHI,KTHY_CHLCV,KGUA_THEMA,KGUA_SYNY3,KAD_RHIME,KGUA_BRAJA,KAD_COREF,KTHY_RICCN,KAD_BIFLO,KGUA_RALSO,KTHY_LACLA,KTHY_CAUCR,KAD5_HUMAN,KAD_HELPJ,KGUA_CLOPE,KGUA_THETN,KTHY_STAEP,KGUA_CLOAB,KAD_SYNEL,KTHY_MYCPU,KAD_MICLU,KTHY_YERPE,KAD2_ANASP,KTHY_PYRAB,KGUA_LACPL)
Align: (F261_BOVIN) (F26_YEAST,F26L_CHICK,F263_BOVIN,F26_CAEEL,1bif_,KTHY_PYRHO,KGUA_AGRT5,KTHY_AQUAE,KGUA_STRA3,KGUA_RICCN,KAD1_ANASP,KGUA_RHILO,KTHY_STRP3,KTHY_CHLTE,KGUA_HAEIN,KTHY_THEMA,KGUA_MYCGE,KTHY_STAAM,KGUA_SCHPO,KGUA_XANAC,KTHY_XANAC,KTHY_LACPL,KTHY_PSESM,KGUA_RHIME,KTHY_WIGBR,KAD_CAMJE,KCY_HUMAN,KTHY_PYRFU,KGUA_CORGL,KAD_SYNP6,KGUA_HELPJ,KTHY_HALN1,KGUA_UREPA,KTHY_ANASP,KAD1_SYNY3,KGUA_CAMJE,KAD_RHILO,1gky_,KGUA_PSESM,KTHY_HAEIN,KTHY_VIBPA,KTHY_BRUME,KAD_SCHMA,KTHY_MYCPN,UMPK_ARATH,KGUA_FUSNN,KAD_LEPIN,KAD_XYLFA,KGUA_BRUME,KGUA_PSEPK,KGUA_STAAM,KAD1_BOVIN,KTHY_NEIMA,KGUA_MYCGA,KAD_DEIRA,KGUA_XYLFA,KGUA_NEIMA,KTHY_DEIRA,KTHY_THETN,KGUA_CHLMU,KGUA_VIBCH,KGUA_MYCLE,KTHY_PSEAE,KGUA_CLOTE,KGUA_STRCO,KTHY_CHLMU,KTHY_RHILO,KCY_DICDI,KAD_XANAC,KTHY_BUCAP,KAD1_CAEEL,KGUA_BUCAI,KTHY_RHIME,KTHY_AGRT5,KAD_CYPCA,1uky_,KGUA_BACHD,KGUA_LISIN,KTHY_CHLPN,KGUA_LACLA,KTHY_LISIN,KGUA_SHEON,KAD_BRUME,KGUA_MYCPN,KGUA_DEIRA,UMPK_SCHPO,KAD_AGRT5,KTHY_BUCBP,KGUA_ECO57,KAD_CAUCR,KGUA_CAUCR,KTHY_MYCGE,KTHY_BACSU,KTHY_PASMU,KTHY_VIBCH,KAD_PRUAR,KTHY_RALSO,KTHY_CHLTR,KGUA_OCEIH,KTHY_STRPN,KTHY_ARCFU,KAD2_SYNY3,KTH1_SULTO,KGUA_BACSU,KTHY_BACHD,KTHY_METAC,4tmk_A,KGUA_BUCBP,KGUA_MYCTU,KTHY_BUCAI,KGUA_PSEAE,KAD_MYCLE,KTHY_PYRAE,KAD_ENTHI,KTHY_CHLCV,KGUA_THEMA,KGUA_SYNY3,KAD_RHIME,KGUA_BRAJA,KAD_COREF,KTHY_RICCN,KAD_BIFLO,KGUA_RALSO,KTHY_LACLA,KTHY_CAUCR,KAD5_HUMAN,KAD_HELPJ,KGUA_CLOPE,KGUA_THETN,KTHY_STAEP,KGUA_CLOAB,KAD_SYNEL,KTHY_MYCPU,KAD_MICLU,KTHY_YERPE,KAD2_ANASP,KTHY_PYRAB,KGUA_LACPL)
Align: (F262_BOVIN) (F261_BOVIN,F26_YEAST,F26L_CHICK,F263_BOVIN,F26_CAEEL,1bif_,KTHY_PYRHO,KGUA_AGRT5,KTHY_AQUAE,KGUA_STRA3,KGUA_RICCN,KAD1_ANASP,KGUA_RHILO,KTHY_STRP3,KTHY_CHLTE,KGUA_HAEIN,KTHY_THEMA,KGUA_MYCGE,KTHY_STAAM,KGUA_SCHPO,KGUA_XANAC,KTHY_XANAC,KTHY_LACPL,KTHY_PSESM,KGUA_RHIME,KTHY_WIGBR,KAD_CAMJE,KCY_HUMAN,KTHY_PYRFU,KGUA_CORGL,KAD_SYNP6,KGUA_HELPJ,KTHY_HALN1,KGUA_UREPA,KTHY_ANASP,KAD1_SYNY3,KGUA_CAMJE,KAD_RHILO,1gky_,KGUA_PSESM,KTHY_HAEIN,KTHY_VIBPA,KTHY_BRUME,KAD_SCHMA,KTHY_MYCPN,UMPK_ARATH,KGUA_FUSNN,KAD_LEPIN,KAD_XYLFA,KGUA_BRUME,KGUA_PSEPK,KGUA_STAAM,KAD1_BOVIN,KTHY_NEIMA,KGUA_MYCGA,KAD_DEIRA,KGUA_XYLFA,KGUA_NEIMA,KTHY_DEIRA,KTHY_THETN,KGUA_CHLMU,KGUA_VIBCH,KGUA_MYCLE,KTHY_PSEAE,KGUA_CLOTE,KGUA_STRCO,KTHY_CHLMU,KTHY_RHILO,KCY_DICDI,KAD_XANAC,KTHY_BUCAP,KAD1_CAEEL,KGUA_BUCAI,KTHY_RHIME,KTHY_AGRT5,KAD_CYPCA,1uky_,KGUA_BACHD,KGUA_LISIN,KTHY_CHLPN,KGUA_LACLA,KTHY_LISIN,KGUA_SHEON,KAD_BRUME,KGUA_MYCPN,KGUA_DEIRA,UMPK_SCHPO,KAD_AGRT5,KTHY_BUCBP,KGUA_ECO57,KAD_CAUCR,KGUA_CAUCR,KTHY_MYCGE,KTHY_BACSU,KTHY_PASMU,KTHY_VIBCH,KAD_PRUAR,KTHY_RALSO,KTHY_CHLTR,KGUA_OCEIH,KTHY_STRPN,KTHY_ARCFU,KAD2_SYNY3,KTH1_SULTO,KGUA_BACSU,KTHY_BACHD,KTHY_METAC,4tmk_A,KGUA_BUCBP,KGUA_MYCTU,KTHY_BUCAI,KGUA_PSEAE,KAD_MYCLE,KTHY_PYRAE,KAD_ENTHI,KTHY_CHLCV,KGUA_THEMA,KGUA_SYNY3,KAD_RHIME,KGUA_BRAJA,KAD_COREF,KTHY_RICCN,KAD_BIFLO,KGUA_RALSO,KTHY_LACLA,KTHY_CAUCR,KAD5_HUMAN,KAD_HELPJ,KGUA_CLOPE,KGUA_THETN,KTHY_STAEP,KGUA_CLOAB,KAD_SYNEL,KTHY_MYCPU,KAD_MICLU,KTHY_YERPE,KAD2_ANASP,KTHY_PYRAB,KGUA_LACPL)
Elapsed time 00:00:00  Peak memory use   37 MB(-8%)  Iteration   1 Align node
Elapsed time 00:00:00  Peak memory use   37 MB(-8%)  Iteration   1 Root alignment
Elapsed time 00:00:00  Peak memory use   37 MB(-8%)  Iteration   2 Refine tree
Elapsed time 00:00:00  Peak memory use   37 MB(-8%)  Iteration   2 Root alignment
Elapsed time 00:00:00  Peak memory use   37 MB(-8%)  Iteration   2 Root alignment
Anchor columns found       1
DP area saved by anchors   22.7%
Elapsed time 00:00:01  Peak memory use   37 MB(-8%)  Iteration   3 Refine biparts
Elapsed time 00:00:01  Peak memory use   37 MB(-8%)  Iteration   4 Refine biparts
Elapsed time 00:00:01  Peak memory use   37 MB(-8%)  Iteration   5 Refine biparts
Elapsed time 00:00:01  Peak memory use   37 MB(-8%)  Iteration   5 Refine biparts
Elapsed time 00:00:03  Peak memory use   37 MB(-8%)  Iteration   6 Refine biparts
Elapsed time 00:00:06  Peak memory use   37 MB(-8%)  Iteration   7 Refine biparts
Elapsed time 00:00:08  Peak memory use   37 MB(-8%)  Iteration   8 Refine biparts
Elapsed time 00:00:08  Peak memory use   37 MB(-8%)  Iteration   8 Refine biparts
Finished Mon Feb 26 12:49:45 2018
2018-02-26 12:49:45,189412525
