2018-02-26 13:04:45,176545563
Started Mon Feb 26 13:04:45 2018
../muscle3.8.31_i86linux64 -in Sabre/seq/twi_066.fasta -out Sabre/seq/twi_066.afa -distance1 kmer20_3 -loga Sabre/seq/twi_066.log -verbose 
Alphabet Amino

MUSCLE v3.8.31 by Robert C. Edgar
http://www.drive5.com/muscle

Profile-profile score    LE
Max iterations           8
Max trees                1
Max time                 (No limit)
Max MB                   4294966914
Gap open                 -2.9
Gap extend (dimer)       0
Gap ambig factor         0
Gap ambig penalty        -0
Center (LE)              -0.52
Term gaps                Half
Smooth window length     7
Refine window length     200
Min anchor spacing       32
Min diag length (lambda) 24
Diag margin (mu)         5
Min diag break           1
Hydrophobic window       5
Hydrophobic gap factor   1.2
Smooth score ceiling     3
Min best col score       2
Min anchor score         1
SUEFF                    0.1
Brenner root MSA         False
Normalize counts         True
Diagonals (1)            False
Diagonals (2)            False
Anchors                  True
MSF output format        False
Phylip interleaved       False
Phylip sequential        False
ClustalW output format   False
Catch exceptions         True
Quiet                    False
Refine                   False
ProdfDB                  False
Low complexity profiles  True
Objective score          SPM
Distance method (1)      Kmer20_3
Clustering method (1)    UPGMB
Root method (1)          Pseudo
Sequence weighting (1)   ClustalW
Distance method (2)      PctIdKimura
Clustering method (2)    UPGMB
Root method (2)          Pseudo
Sequence weighting (2)   ClustalW

11 seqs, max length 263, avg  length 201
Elapsed time 00:00:00  Peak memory use   10 MB(-2%)  Iteration   1 
Align: (d1svpa_) (d2hrva_)
Align: (d1qq4a_) (d1svpa_,d2hrva_)
Align: (d1agja_) (d1qq4a_,d1svpa_,d2hrva_)
Align: (d1befa_) (d1agja_,d1qq4a_,d1svpa_,d2hrva_)
Align: (d1mbma_) (d1befa_,d1agja_,d1qq4a_,d1svpa_,d2hrva_)
Align: (d1cqqa_) (d1mbma_,d1befa_,d1agja_,d1qq4a_,d1svpa_,d2hrva_)
Align: (d1lvmb_) (d1cqqa_,d1mbma_,d1befa_,d1agja_,d1qq4a_,d1svpa_,d2hrva_)
Align: (d1arb__) (d1lvmb_,d1cqqa_,d1mbma_,d1befa_,d1agja_,d1qq4a_,d1svpa_,d2hrva_)
Align: (d1hava_) (d1arb__,d1lvmb_,d1cqqa_,d1mbma_,d1befa_,d1agja_,d1qq4a_,d1svpa_,d2hrva_)
Align: (d1gdna_) (d1hava_,d1arb__,d1lvmb_,d1cqqa_,d1mbma_,d1befa_,d1agja_,d1qq4a_,d1svpa_,d2hrva_)
Elapsed time 00:00:00  Peak memory use   13 MB(-3%)  Iteration   1 Align node
Elapsed time 00:00:00  Peak memory use   13 MB(-3%)  Iteration   1 Root alignment
Elapsed time 00:00:00  Peak memory use   14 MB(-3%)  Iteration   2 Refine tree
Elapsed time 00:00:00  Peak memory use   14 MB(-3%)  Iteration   2 Root alignment
Elapsed time 00:00:00  Peak memory use   14 MB(-3%)  Iteration   2 Root alignment
Anchor columns found       1
DP area saved by anchors   43.3%
Elapsed time 00:00:00  Peak memory use   14 MB(-3%)  Iteration   3 Refine biparts
Elapsed time 00:00:00  Peak memory use   14 MB(-3%)  Iteration   4 Refine biparts
Elapsed time 00:00:00  Peak memory use   14 MB(-3%)  Iteration   5 Refine biparts
Elapsed time 00:00:00  Peak memory use   14 MB(-3%)  Iteration   6 Refine biparts
Elapsed time 00:00:00  Peak memory use   14 MB(-3%)  Iteration   6 Refine biparts
Elapsed time 00:00:00  Peak memory use   14 MB(-3%)  Iteration   7 Refine biparts
Elapsed time 00:00:00  Peak memory use   14 MB(-3%)  Iteration   8 Refine biparts
Finished Mon Feb 26 13:04:45 2018
2018-02-26 13:04:45,339593457
